  9    '\t'  00011011000010101110
 10    '\n'  000101
 32     ' '  001
 33     '!'  00001010010
 34     '"'  000010000
 35     '#'  0101011010110
 36     '$'  00011011000010100
 37     '%'  0101011010111101
 38     '&'  000110110000101101
 39     "'"  0000100111
 40     '('  000010001011
 41     ')'  000010001010
 42     '*'  00011011000001
 43     '+'  010101101011101
 44     ','  101011
 45     '-'  000010110
 46     '.'  0101010
 47     '/'  010101101011100
 48     '0'  01010111000
 49     '1'  0111101101
 50     '2'  01010111001
 51     '3'  000010001001
 52     '4'  000010010000
 53     '5'  000010011001
 54     '6'  000110110110
 55     '7'  000110110111
 56     '8'  000010001000
 57     '9'  000110110001
 58     ':'  000010010001
 59     ';'  01010110001
 60     '<'  000110110000101010
 61     '='  00011011111
 62     '>'  01010110101111000
 63     '?'  00011011001
 64     '@'  00011011000010111
 65     'A'  010101111
 66     'B'  0111101001
 67     'C'  0101011101
 68     'D'  00011011010
 69     'E'  0111101010
 70     'F'  00001001001
 71     'G'  01010110100
 72     'H'  0001101110
 73     'I'  000010101
 74     'J'  011110111010
 75     'K'  010101100001
 76     'L'  01111011100
 77     'M'  0101011011
 78     'N'  0101011001
 79     'O'  00001010011
 80     'P'  0000100101
 81     'Q'  0001101100001000
 82     'R'  0111101100
 83     'S'  0000101000
 84     'T'  000010111
 85     'U'  010101101010
 86     'V'  010101100000
 87     'W'  0111101000
 88     'X'  00011011000000
 89     'Y'  000010011000
 90     'Z'  0001101100001001
 91     '['  0111101110111
 92    '\\'  010101101011111
 93     ']'  0111101110110
 94     '^'  01010110101111001
 95     '_'  0111101011
 96     '`'  0001101100001011000
 97     'a'  0110
 98     'b'  0001100
 99     'c'  000011
100     'd'  01011
101     'e'  111
102     'f'  010100
103     'g'  101000
104     'h'  00000
105     'i'  1011
106     'j'  0111101111
107     'k'  00011010
108     'l'  01110
109     'm'  000111
110     'n'  1001
111     'o'  1000
112     'p'  101001
113     'q'  00001001101
114     'r'  1101
115     's'  1100
116     't'  0100
117     'u'  000100
118     'v'  0111100
119     'w'  011111
120     'x'  0000100011
121     'y'  101010
122     'z'  00011011110
123     '{'  0001101100001011001
124     '|'  00011011000011
125     '}'  0001101100001010110
126     '~'  00011011000010101111
