 ******************************************************************************
 *Comment for the material                                                     
 ******************************************************************************
 EVOLUTION OF INTERNAL STRAINS
 ******************************************************************************
 *DIFFRACTING PLANES AND DIFFRACTION DIRECTION IN SAMPLE AXIS (rolled plate)   
 *Number of diffraction directions and diffracting angle spread:               
    24  7.50
 *Plane type and direction angle:                                              
 *"n4" or "n3"  "angle_chi"  "angle_eta"                                       
   1  1  0          90.00        0.00
   2  0  0          90.00        0.00
   2  1  1          90.00        0.00
   2  2  0          90.00        0.00
   3  1  0          90.00        0.00
   2  2  2          90.00        0.00
   3  2  1          90.00        0.00
   4  0  0          90.00        0.00
   4  1  1          90.00        0.00
   3  3  3          90.00        0.00
   4  2  0          90.00        0.00
   3  3  2          90.00        0.00
   1  1  0           0.00        0.00
   2  0  0           0.00        0.00
   2  1  1           0.00        0.00
   2  2  0           0.00        0.00
   3  1  0           0.00        0.00
   2  2  2           0.00        0.00
   3  2  1           0.00        0.00
   4  0  0           0.00        0.00
   4  1  1           0.00        0.00
   3  3  3           0.00        0.00
   4  2  0           0.00        0.00
   3  3  2           0.00        0.00
 
   SET #:    1  NGRSET:  172  VOLFRAC:  0.05291  INTENS:   0.08521
    37   38  119  120  129  202  211  212  293  294  303  304  325  333  385
   395  396  397  404  405  406  407  488  489  570  571  579  580  589  652
   653  661  662  670  671  679  680  688  689  698  707  716  725  734  735
   743  744  752  753  761  762  770  771  779  788  797  806  816  817  825
   826  834  898  899  980  981 1054 1062 1110 1117 1118 1126 1127 1134 1183
  1184 1191 1192 1257 1265 1266 1339 1340 1348 1421 1422 1495 1496 1577 1578
  1587 1660 1669 1670 1751 1752 1761 1762 1783 1791 1843 1853 1854 1855 1862
  1863 1864 1865 1946 1947 2028 2029 2037 2038 2047 2110 2111 2119 2120 2128
  2129 2137 2138 2146 2147 2156 2165 2174 2183 2192 2193 2201 2202 2210 2211
  2219 2220 2228 2229 2237 2246 2255 2264 2274 2275 2283 2284 2292 2356 2357
  2438 2439 2512 2520 2568 2575 2576 2584 2585 2592 2641 2642 2649 2650 2715
  2723 2724 2797 2798 2806 2879 2880
 
   SET #:    2  NGRSET:  120  VOLFRAC:  0.03708  INTENS:   0.05818
     1   73   74   75   76   77   78   79   80   81   83  165  247  329  411
   493  502  575  584  593  657  666  675  684  693  702  711  720  721  729
   730  739  748  757  766  775  784  793  802  810  812  821  830  894  903
   976 1058 1140 1222 1304 1386 1450 1451 1452 1453 1454 1455 1456 1457 1458
  1459 1531 1532 1533 1534 1535 1536 1537 1538 1539 1541 1623 1705 1787 1869
  1951 1960 2033 2042 2051 2115 2124 2133 2142 2151 2160 2169 2178 2179 2187
  2188 2197 2206 2215 2224 2233 2242 2251 2260 2268 2270 2279 2288 2352 2361
  2434 2516 2598 2680 2762 2844 2908 2909 2910 2911 2912 2913 2914 2915 2916
 
   SET #:    3  NGRSET:  264  VOLFRAC:  0.10282  INTENS:   0.14061
    21   22   25   26   50   51   52  103  104  107  108  133  134  143  181
   186  189  216  217  218  225  227  262  263  268  272  277  299  308  309
   310  318  319  320  345  350  354  359  360  363  369  436  441  442  445
   446  450  451  454  455  464  523  527  532  533  536  537  542  545  546
   551  552  555  561  564  565  932  936  940  941  944  945  949  950  953
   958  961  962  966  967  970 1000 1005 1009 1013 1014 1017 1022 1023 1026
  1031 1073 1078 1081 1082 1087 1090 1096 1155 1160 1161 1164 1169 1196 1203
  1204 1205 1211 1212 1213 1234 1237 1242 1261 1270 1277 1278 1286 1315 1316
  1319 1320 1343 1344 1352 1397 1398 1401 1402 1425 1426 1427 1479 1480 1483
  1484 1508 1509 1510 1561 1562 1565 1566 1591 1592 1601 1639 1644 1647 1674
  1675 1676 1683 1685 1720 1721 1726 1730 1735 1757 1766 1767 1768 1776 1777
  1778 1803 1808 1812 1817 1818 1821 1827 1894 1899 1900 1903 1904 1908 1909
  1912 1913 1922 1981 1985 1990 1991 1994 1995 2000 2003 2004 2009 2010 2013
  2019 2022 2023 2390 2394 2398 2399 2402 2403 2407 2408 2411 2416 2419 2420
  2424 2425 2428 2458 2463 2467 2471 2472 2475 2480 2481 2484 2489 2531 2536
  2539 2540 2545 2548 2554 2613 2618 2619 2622 2627 2654 2661 2662 2663 2669
  2670 2671 2692 2695 2700 2719 2728 2735 2736 2744 2773 2774 2777 2778 2801
  2802 2810 2855 2856 2859 2860 2883 2884 2885
 
   SET #:    4  NGRSET:  172  VOLFRAC:  0.05291  INTENS:   0.08521
    37   38  119  120  129  202  211  212  293  294  303  304  325  333  385
   395  396  397  404  405  406  407  488  489  570  571  579  580  589  652
   653  661  662  670  671  679  680  688  689  698  707  716  725  734  735
   743  744  752  753  761  762  770  771  779  788  797  806  816  817  825
   826  834  898  899  980  981 1054 1062 1110 1117 1118 1126 1127 1134 1183
  1184 1191 1192 1257 1265 1266 1339 1340 1348 1421 1422 1495 1496 1577 1578
  1587 1660 1669 1670 1751 1752 1761 1762 1783 1791 1843 1853 1854 1855 1862
  1863 1864 1865 1946 1947 2028 2029 2037 2038 2047 2110 2111 2119 2120 2128
  2129 2137 2138 2146 2147 2156 2165 2174 2183 2192 2193 2201 2202 2210 2211
  2219 2220 2228 2229 2237 2246 2255 2264 2274 2275 2283 2284 2292 2356 2357
  2438 2439 2512 2520 2568 2575 2576 2584 2585 2592 2641 2642 2649 2650 2715
  2723 2724 2797 2798 2806 2879 2880
 
   SET #:    5  NGRSET:  182  VOLFRAC:  0.05680  INTENS:   0.09096
     3   55   56   64   65   66   67   85  148  149  150  151  159  160  161
   162  163  167  242  243  245  249  327  331  409  413  491  495  500  504
   573  582  591  640  655  664  673  682  691  700  709  710  718  719  728
   737  746  755  764  773  782  791  800  809  819  828  837  856  865  874
   883  920  921  929  930  938  946  947  955  964  994 1002 1003 1011 1067
  1075 1076 1084 1149 1157 1158 1231 1240 1297 1313 1322 1377 1379 1395 1404
  1441 1461 1513 1514 1522 1523 1524 1525 1543 1606 1607 1608 1609 1617 1618
  1619 1620 1621 1625 1700 1701 1703 1707 1785 1789 1867 1871 1949 1953 1958
  1962 2031 2040 2049 2098 2113 2122 2131 2140 2149 2158 2167 2168 2176 2177
  2186 2195 2204 2213 2222 2231 2240 2249 2258 2267 2277 2286 2295 2314 2323
  2332 2341 2378 2379 2387 2388 2396 2404 2405 2413 2422 2452 2460 2461 2469
  2525 2533 2534 2542 2607 2615 2616 2689 2698 2755 2771 2780 2835 2837 2853
  2862 2899
 
   SET #:    6  NGRSET:   88  VOLFRAC:  0.03583  INTENS:   0.04697
    32   33  114  115  197  206  207  279  280  288  289  361  362  371  380
   381  453  462  463  472  481  482 1024 1032 1033 1041 1049 1050 1097 1098
  1106 1114 1115 1162 1171 1179 1188 1244 1252 1253 1326 1327 1408 1409 1490
  1491 1572 1573 1655 1664 1665 1737 1738 1746 1747 1819 1820 1829 1838 1839
  1911 1920 1921 1930 1939 1940 2482 2490 2491 2499 2507 2508 2555 2556 2564
  2572 2573 2620 2629 2637 2646 2702 2710 2711 2784 2785 2866 2867
 
   SET #:    7  NGRSET:  252  VOLFRAC:  0.09363  INTENS:   0.13357
    13   14   26   35   36   48   49   50   95   96  117  127  131  132  177
   178  208  209  214  218  219  223  224  225  253  259  260  262  269  300
   301  306  310  311  312  315  320  321  322  335  341  342  344  350  351
   417  426  432  435  460  469  470  479  508  517  526  527  536  545  560
   599  608  617  626  627  635  636  645  853  862  871  879  880  888  889
   917  926  935  944  952  999 1008 1018 1021 1022 1027 1030 1038 1039 1046
  1047 1091 1092 1095 1099 1100 1103 1104 1164 1165 1168 1169 1173 1177 1205
  1206 1213 1214 1225 1226 1246 1247 1250 1251 1307 1308 1328 1329 1332 1342
  1389 1390 1402 1411 1424 1425 1471 1472 1484 1493 1494 1506 1507 1508 1553
  1554 1575 1585 1589 1590 1635 1636 1666 1667 1672 1676 1677 1681 1682 1683
  1711 1717 1718 1720 1727 1758 1759 1764 1768 1769 1770 1773 1778 1779 1780
  1793 1799 1800 1802 1808 1809 1875 1884 1890 1893 1918 1927 1928 1937 1966
  1975 1984 1985 1994 2003 2018 2057 2066 2075 2084 2085 2093 2094 2103 2311
  2320 2329 2337 2338 2346 2347 2375 2384 2393 2402 2410 2457 2466 2476 2479
  2480 2485 2488 2496 2497 2504 2505 2549 2550 2553 2557 2558 2561 2562 2622
  2623 2626 2627 2631 2635 2663 2664 2671 2672 2683 2684 2704 2705 2708 2709
  2765 2766 2786 2787 2790 2800 2847 2848 2860 2869 2882 2883
 
   SET #:    8  NGRSET:  120  VOLFRAC:  0.03708  INTENS:   0.05818
     1   73   74   75   76   77   78   79   80   81   83  165  247  329  411
   493  502  575  584  593  657  666  675  684  693  702  711  720  721  729
   730  739  748  757  766  775  784  793  802  810  812  821  830  894  903
   976 1058 1140 1222 1304 1386 1450 1451 1452 1453 1454 1455 1456 1457 1458
  1459 1531 1532 1533 1534 1535 1536 1537 1538 1539 1541 1623 1705 1787 1869
  1951 1960 2033 2042 2051 2115 2124 2133 2142 2151 2160 2169 2178 2179 2187
  2188 2197 2206 2215 2224 2233 2242 2251 2260 2268 2270 2279 2288 2352 2361
  2434 2516 2598 2680 2762 2844 2908 2909 2910 2911 2912 2913 2914 2915 2916
 
   SET #:    9  NGRSET:  292  VOLFRAC:  0.09759  INTENS:   0.15357
    11   12   17   18   59   60   61   68   69   70   71   72   91   93   94
    99  145  146  152  153  155  156  157  158  172  173  175  176  237  238
   239  254  255  257  258  264  336  337  339  340  346  349  419  421  422
   428  430  431  437  440  510  512  513  519  522  528  531  595  601  604
   610  613  619  622  623  628  629  631  632  637  638  641  647  840  846
   849  855  858  864  866  867  872  873  875  876  881  882  884  890  910
   911  913  919  922  928  931  983  984  986  992  993  995 1001 1004 1065
  1066 1068 1069 1074 1077 1147 1148 1150 1151 1159 1229 1230 1232 1233 1292
  1293 1294 1306 1311 1312 1314 1360 1361 1367 1368 1373 1374 1375 1376 1387
  1388 1393 1394 1434 1435 1436 1441 1442 1443 1444 1445 1469 1470 1475 1476
  1517 1518 1519 1526 1527 1528 1529 1530 1549 1551 1552 1557 1603 1604 1610
  1611 1613 1614 1615 1616 1630 1631 1633 1634 1695 1696 1697 1712 1713 1715
  1716 1722 1794 1795 1797 1798 1804 1807 1877 1879 1880 1886 1888 1889 1895
  1898 1968 1970 1971 1977 1980 1986 1989 2053 2059 2062 2068 2071 2077 2080
  2081 2086 2087 2089 2090 2095 2096 2099 2105 2298 2304 2307 2313 2316 2322
  2324 2325 2330 2331 2333 2334 2339 2340 2342 2348 2368 2369 2371 2377 2380
  2386 2389 2441 2442 2444 2450 2451 2453 2459 2462 2523 2524 2526 2527 2532
  2535 2605 2606 2608 2609 2617 2687 2688 2690 2691 2750 2751 2752 2764 2769
  2770 2772 2818 2819 2825 2826 2831 2832 2833 2834 2845 2846 2851 2852 2892
  2893 2894 2899 2900 2901 2902 2903
 
   SET #:   10  NGRSET:   88  VOLFRAC:  0.03583  INTENS:   0.04697
    32   33  114  115  197  206  207  279  280  288  289  361  362  371  380
   381  453  462  463  472  481  482 1024 1032 1033 1041 1049 1050 1097 1098
  1106 1114 1115 1162 1171 1179 1188 1244 1252 1253 1326 1327 1408 1409 1490
  1491 1572 1573 1655 1664 1665 1737 1738 1746 1747 1819 1820 1829 1838 1839
  1911 1920 1921 1930 1939 1940 2482 2490 2491 2499 2507 2508 2555 2556 2564
  2572 2573 2620 2629 2637 2646 2702 2710 2711 2784 2785 2866 2867
 
   SET #:   11  NGRSET:  172  VOLFRAC:  0.05225  INTENS:   0.08516
    55   56   57  138  139  140  148  149  150  168  231  232  233  241  242
   243  244  250  326  332  408  414  490  491  495  559  572  573  581  582
   654  655  663  664  672  673  681  682  690  691  699  700  709  718  727
   736  737  745  746  754  755  763  772  781  790  799  808  818  819  827
   836  900  909  938  946  947  955  964 1011 1019 1020 1028 1084 1085 1093
  1158 1166 1167 1216 1240 1248 1249 1296 1322 1404 1432 1513 1514 1515 1596
  1597 1598 1606 1607 1608 1626 1689 1690 1691 1699 1700 1701 1702 1708 1784
  1790 1866 1872 1948 1949 1953 2017 2030 2031 2039 2040 2112 2113 2121 2122
  2130 2131 2139 2140 2148 2149 2157 2158 2167 2176 2185 2194 2195 2203 2204
  2212 2213 2221 2230 2239 2248 2257 2266 2276 2277 2285 2294 2358 2367 2396
  2404 2405 2413 2422 2469 2477 2478 2486 2542 2543 2551 2616 2624 2625 2674
  2698 2706 2707 2754 2780 2862 2890
 
   SET #:   12  NGRSET:  264  VOLFRAC:  0.10735  INTENS:   0.14080
    23   24   31   32   33   34   40   41   43  105  106  114  116  123  125
   126  187  188  197  199  205  206  207  270  279  280  281  287  288  290
   291  297  352  361  362  370  372  379  380  381  382  389  390  391  392
   399  400  401  402  434  443  444  453  462  471  473  480  481  483  534
   535  544  553  554  562  563  942  943  951  959  960  968  969 1007 1015
  1016 1024 1033 1040 1042 1048 1050 1051 1089 1097 1098 1105 1107 1113 1114
  1115 1116 1121 1122 1123 1124 1129 1130 1131 1132 1153 1162 1171 1172 1178
  1179 1180 1186 1187 1235 1236 1244 1252 1253 1254 1260 1317 1318 1325 1327
  1333 1334 1336 1399 1400 1407 1408 1409 1410 1416 1418 1419 1481 1482 1489
  1490 1491 1492 1498 1499 1501 1563 1564 1572 1574 1581 1583 1584 1645 1646
  1655 1657 1663 1664 1665 1728 1737 1738 1739 1745 1746 1748 1749 1755 1810
  1819 1820 1828 1830 1837 1838 1839 1840 1847 1848 1849 1850 1857 1858 1859
  1860 1892 1901 1902 1911 1920 1929 1931 1938 1939 1941 1992 1993 2002 2011
  2012 2020 2021 2400 2401 2409 2417 2418 2426 2427 2465 2473 2474 2482 2491
  2498 2500 2506 2508 2509 2547 2555 2556 2563 2565 2571 2572 2573 2574 2579
  2580 2581 2582 2587 2588 2589 2590 2611 2620 2629 2630 2636 2637 2638 2644
  2645 2693 2694 2702 2710 2711 2712 2718 2775 2776 2783 2785 2791 2792 2794
  2857 2858 2865 2866 2867 2868 2874 2876 2877
 
   SET #:   13  NGRSET:  108  VOLFRAC:  0.04656  INTENS:   0.05781
    37   45   77  118  126  158  199  207  239  280  288  320  361  369  401
   442  450  482  523  531  563  604  612  644  685  693  725  766  774  806
   847  855  887  928  936  968 1009 1017 1049 1090 1098 1130 1171 1179 1211
  1252 1260 1292 1333 1341 1373 1414 1422 1454 1495 1503 1535 1576 1584 1616
  1657 1665 1697 1738 1746 1778 1819 1827 1859 1900 1908 1940 1981 1989 2021
  2062 2070 2102 2143 2151 2183 2224 2232 2264 2305 2313 2345 2386 2394 2426
  2467 2475 2507 2548 2556 2588 2629 2637 2669 2710 2718 2750 2791 2799 2831
  2872 2880 2912
 
   SET #:   14  NGRSET:  396  VOLFRAC:  0.05337  INTENS:   0.16094
     1    2    3    4    5    6    7    8    9   73   81   82   83   84   85
    86   87   88   89   90  154  162  163  164  165  166  167  168  169  170
   171  235  243  244  245  246  247  248  249  250  251  252  316  324  325
   326  327  328  329  330  331  332  333  397  405  406  407  408  409  410
   411  412  413  414  478  486  487  488  489  490  491  492  493  494  495
   559  567  568  569  570  571  572  573  574  575  576  640  648  649  650
   651  652  653  654  655  656  657  721  729  730  731  732  733  734  735
   736  737  738  802  810  811  812  813  814  815  816  817  818  819  883
   891  892  893  894  895  896  897  898  899  900  964  972  973  974  975
   976  977  978  979  980  981 1045 1053 1054 1055 1056 1057 1058 1059 1060
  1061 1062 1126 1134 1135 1136 1137 1138 1139 1140 1141 1142 1143 1207 1215
  1216 1217 1218 1219 1220 1221 1222 1223 1224 1288 1296 1297 1298 1299 1300
  1301 1302 1303 1304 1305 1369 1377 1378 1379 1380 1381 1382 1383 1384 1385
  1386 1450 1458 1459 1460 1461 1462 1463 1464 1465 1466 1467 1531 1539 1540
  1541 1542 1543 1544 1545 1546 1547 1548 1612 1620 1621 1622 1623 1624 1625
  1626 1627 1628 1629 1693 1701 1702 1703 1704 1705 1706 1707 1708 1709 1710
  1774 1782 1783 1784 1785 1786 1787 1788 1789 1790 1791 1855 1863 1864 1865
  1866 1867 1868 1869 1870 1871 1872 1936 1944 1945 1946 1947 1948 1949 1950
  1951 1952 1953 2017 2025 2026 2027 2028 2029 2030 2031 2032 2033 2034 2098
  2106 2107 2108 2109 2110 2111 2112 2113 2114 2115 2179 2187 2188 2189 2190
  2191 2192 2193 2194 2195 2196 2260 2268 2269 2270 2271 2272 2273 2274 2275
  2276 2277 2341 2349 2350 2351 2352 2353 2354 2355 2356 2357 2358 2422 2430
  2431 2432 2433 2434 2435 2436 2437 2438 2439 2503 2511 2512 2513 2514 2515
  2516 2517 2518 2519 2520 2584 2592 2593 2594 2595 2596 2597 2598 2599 2600
  2601 2665 2673 2674 2675 2676 2677 2678 2679 2680 2681 2682 2746 2754 2755
  2756 2757 2758 2759 2760 2761 2762 2763 2827 2835 2836 2837 2838 2839 2840
  2841 2842 2843 2844 2908 2916
 
   SET #:   15  NGRSET:  180  VOLFRAC:  0.06831  INTENS:   0.09615
    31   32   33   57   61  112  113  114  138  142  193  194  195  219  223
   274  275  276  300  304  355  356  357  381  385  436  437  438  462  466
   517  518  519  543  547  598  599  600  624  628  679  680  681  705  709
   760  761  762  786  790  841  842  843  867  871  922  923  924  948  952
  1003 1004 1005 1029 1033 1084 1085 1086 1110 1114 1165 1166 1167 1191 1195
  1246 1247 1248 1272 1276 1327 1328 1329 1353 1357 1408 1409 1410 1434 1438
  1489 1490 1491 1515 1519 1570 1571 1572 1596 1600 1651 1652 1653 1677 1681
  1732 1733 1734 1758 1762 1813 1814 1815 1839 1843 1894 1895 1896 1920 1924
  1975 1976 1977 2001 2005 2056 2057 2058 2082 2086 2137 2138 2139 2163 2167
  2218 2219 2220 2244 2248 2299 2300 2301 2325 2329 2380 2381 2382 2406 2410
  2461 2462 2463 2487 2491 2542 2543 2544 2568 2572 2623 2624 2625 2649 2653
  2704 2705 2706 2730 2734 2785 2786 2787 2811 2815 2866 2867 2868 2892 2896
 
   SET #:   16  NGRSET:  108  VOLFRAC:  0.04656  INTENS:   0.05781
    37   45   77  118  126  158  199  207  239  280  288  320  361  369  401
   442  450  482  523  531  563  604  612  644  685  693  725  766  774  806
   847  855  887  928  936  968 1009 1017 1049 1090 1098 1130 1171 1179 1211
  1252 1260 1292 1333 1341 1373 1414 1422 1454 1495 1503 1535 1576 1584 1616
  1657 1665 1697 1738 1746 1778 1819 1827 1859 1900 1908 1940 1981 1989 2021
  2062 2070 2102 2143 2151 2183 2224 2232 2264 2305 2313 2345 2386 2394 2426
  2467 2475 2507 2548 2556 2588 2629 2637 2669 2710 2718 2750 2791 2799 2831
  2872 2880 2912
 
   SET #:   17  NGRSET:  180  VOLFRAC:  0.05591  INTENS:   0.09415
    10   11   19   72   74   91   92  100  153  155  172  173  181  234  236
   253  254  262  315  317  334  335  343  396  398  415  416  424  477  479
   496  497  505  558  560  577  578  586  639  641  658  659  667  720  722
   739  740  748  801  803  820  821  829  882  884  901  902  910  963  965
   982  983  991 1044 1046 1063 1064 1072 1125 1127 1144 1145 1153 1206 1208
  1225 1226 1234 1287 1289 1306 1307 1315 1368 1370 1387 1388 1396 1449 1451
  1468 1469 1477 1530 1532 1549 1550 1558 1611 1613 1630 1631 1639 1692 1694
  1711 1712 1720 1773 1775 1792 1793 1801 1854 1856 1873 1874 1882 1935 1937
  1954 1955 1963 2016 2018 2035 2036 2044 2097 2099 2116 2117 2125 2178 2180
  2197 2198 2206 2259 2261 2278 2279 2287 2340 2342 2359 2360 2368 2421 2423
  2440 2441 2449 2502 2504 2521 2522 2530 2583 2585 2602 2603 2611 2664 2666
  2683 2684 2692 2745 2747 2764 2765 2773 2826 2828 2845 2846 2854 2907 2909
 
   SET #:   18  NGRSET:   36  VOLFRAC:  0.01586  INTENS:   0.01933
    50  131  212  293  374  455  536  617  698  779  860  941 1022 1103 1184
  1265 1346 1427 1508 1589 1670 1751 1832 1913 1994 2075 2156 2237 2318 2399
  2480 2561 2642 2723 2804 2885
 
   SET #:   19  NGRSET:  216  VOLFRAC:  0.08351  INTENS:   0.11530
    29   30   31   52   53   67  110  111  112  133  134  148  191  192  193
   214  215  229  272  273  274  295  296  310  353  354  355  376  377  391
   434  435  436  457  458  472  515  516  517  538  539  553  596  597  598
   619  620  634  677  678  679  700  701  715  758  759  760  781  782  796
   839  840  841  862  863  877  920  921  922  943  944  958 1001 1002 1003
  1024 1025 1039 1082 1083 1084 1105 1106 1120 1163 1164 1165 1186 1187 1201
  1244 1245 1246 1267 1268 1282 1325 1326 1327 1348 1349 1363 1406 1407 1408
  1429 1430 1444 1487 1488 1489 1510 1511 1525 1568 1569 1570 1591 1592 1606
  1649 1650 1651 1672 1673 1687 1730 1731 1732 1753 1754 1768 1811 1812 1813
  1834 1835 1849 1892 1893 1894 1915 1916 1930 1973 1974 1975 1996 1997 2011
  2054 2055 2056 2077 2078 2092 2135 2136 2137 2158 2159 2173 2216 2217 2218
  2239 2240 2254 2297 2298 2299 2320 2321 2335 2378 2379 2380 2401 2402 2416
  2459 2460 2461 2482 2483 2497 2540 2541 2542 2563 2564 2578 2621 2622 2623
  2644 2645 2659 2702 2703 2704 2725 2726 2740 2783 2784 2785 2806 2807 2821
  2864 2865 2866 2887 2888 2902
 
   SET #:   20  NGRSET:  396  VOLFRAC:  0.05337  INTENS:   0.16094
     1    2    3    4    5    6    7    8    9   73   81   82   83   84   85
    86   87   88   89   90  154  162  163  164  165  166  167  168  169  170
   171  235  243  244  245  246  247  248  249  250  251  252  316  324  325
   326  327  328  329  330  331  332  333  397  405  406  407  408  409  410
   411  412  413  414  478  486  487  488  489  490  491  492  493  494  495
   559  567  568  569  570  571  572  573  574  575  576  640  648  649  650
   651  652  653  654  655  656  657  721  729  730  731  732  733  734  735
   736  737  738  802  810  811  812  813  814  815  816  817  818  819  883
   891  892  893  894  895  896  897  898  899  900  964  972  973  974  975
   976  977  978  979  980  981 1045 1053 1054 1055 1056 1057 1058 1059 1060
  1061 1062 1126 1134 1135 1136 1137 1138 1139 1140 1141 1142 1143 1207 1215
  1216 1217 1218 1219 1220 1221 1222 1223 1224 1288 1296 1297 1298 1299 1300
  1301 1302 1303 1304 1305 1369 1377 1378 1379 1380 1381 1382 1383 1384 1385
  1386 1450 1458 1459 1460 1461 1462 1463 1464 1465 1466 1467 1531 1539 1540
  1541 1542 1543 1544 1545 1546 1547 1548 1612 1620 1621 1622 1623 1624 1625
  1626 1627 1628 1629 1693 1701 1702 1703 1704 1705 1706 1707 1708 1709 1710
  1774 1782 1783 1784 1785 1786 1787 1788 1789 1790 1791 1855 1863 1864 1865
  1866 1867 1868 1869 1870 1871 1872 1936 1944 1945 1946 1947 1948 1949 1950
  1951 1952 1953 2017 2025 2026 2027 2028 2029 2030 2031 2032 2033 2034 2098
  2106 2107 2108 2109 2110 2111 2112 2113 2114 2115 2179 2187 2188 2189 2190
  2191 2192 2193 2194 2195 2196 2260 2268 2269 2270 2271 2272 2273 2274 2275
  2276 2277 2341 2349 2350 2351 2352 2353 2354 2355 2356 2357 2358 2422 2430
  2431 2432 2433 2434 2435 2436 2437 2438 2439 2503 2511 2512 2513 2514 2515
  2516 2517 2518 2519 2520 2584 2592 2593 2594 2595 2596 2597 2598 2599 2600
  2601 2665 2673 2674 2675 2676 2677 2678 2679 2680 2681 2682 2746 2754 2755
  2756 2757 2758 2759 2760 2761 2762 2763 2827 2835 2836 2837 2838 2839 2840
  2841 2842 2843 2844 2908 2916
 
   SET #:   21  NGRSET:  360  VOLFRAC:  0.08673  INTENS:   0.18710
    12   13   14   15   16   22   23   24   65   71   93   94   95   96   97
   103  104  105  146  152  174  175  176  177  178  184  185  186  227  233
   255  256  257  258  259  265  266  267  308  314  336  337  338  339  340
   346  347  348  389  395  417  418  419  420  421  427  428  429  470  476
   498  499  500  501  502  508  509  510  551  557  579  580  581  582  583
   589  590  591  632  638  660  661  662  663  664  670  671  672  713  719
   741  742  743  744  745  751  752  753  794  800  822  823  824  825  826
   832  833  834  875  881  903  904  905  906  907  913  914  915  956  962
   984  985  986  987  988  994  995  996 1037 1043 1065 1066 1067 1068 1069
  1075 1076 1077 1118 1124 1146 1147 1148 1149 1150 1156 1157 1158 1199 1205
  1227 1228 1229 1230 1231 1237 1238 1239 1280 1286 1308 1309 1310 1311 1312
  1318 1319 1320 1361 1367 1389 1390 1391 1392 1393 1399 1400 1401 1442 1448
  1470 1471 1472 1473 1474 1480 1481 1482 1523 1529 1551 1552 1553 1554 1555
  1561 1562 1563 1604 1610 1632 1633 1634 1635 1636 1642 1643 1644 1685 1691
  1713 1714 1715 1716 1717 1723 1724 1725 1766 1772 1794 1795 1796 1797 1798
  1804 1805 1806 1847 1853 1875 1876 1877 1878 1879 1885 1886 1887 1928 1934
  1956 1957 1958 1959 1960 1966 1967 1968 2009 2015 2037 2038 2039 2040 2041
  2047 2048 2049 2090 2096 2118 2119 2120 2121 2122 2128 2129 2130 2171 2177
  2199 2200 2201 2202 2203 2209 2210 2211 2252 2258 2280 2281 2282 2283 2284
  2290 2291 2292 2333 2339 2361 2362 2363 2364 2365 2371 2372 2373 2414 2420
  2442 2443 2444 2445 2446 2452 2453 2454 2495 2501 2523 2524 2525 2526 2527
  2533 2534 2535 2576 2582 2604 2605 2606 2607 2608 2614 2615 2616 2657 2663
  2685 2686 2687 2688 2689 2695 2696 2697 2738 2744 2766 2767 2768 2769 2770
  2776 2777 2778 2819 2825 2847 2848 2849 2850 2851 2857 2858 2859 2900 2906
 
   SET #:   22  NGRSET:   36  VOLFRAC:  0.01586  INTENS:   0.01933
    50  131  212  293  374  455  536  617  698  779  860  941 1022 1103 1184
  1265 1346 1427 1508 1589 1670 1751 1832 1913 1994 2075 2156 2237 2318 2399
  2480 2561 2642 2723 2804 2885
 
   SET #:   23  NGRSET:  144  VOLFRAC:  0.05301  INTENS:   0.07651
    19   20   63   75  100  101  144  156  181  182  225  237  262  263  306
   318  343  344  387  399  424  425  468  480  505  506  549  561  586  587
   630  642  667  668  711  723  748  749  792  804  829  830  873  885  910
   911  954  966  991  992 1035 1047 1072 1073 1116 1128 1153 1154 1197 1209
  1234 1235 1278 1290 1315 1316 1359 1371 1396 1397 1440 1452 1477 1478 1521
  1533 1558 1559 1602 1614 1639 1640 1683 1695 1720 1721 1764 1776 1801 1802
  1845 1857 1882 1883 1926 1938 1963 1964 2007 2019 2044 2045 2088 2100 2125
  2126 2169 2181 2206 2207 2250 2262 2287 2288 2331 2343 2368 2369 2412 2424
  2449 2450 2493 2505 2530 2531 2574 2586 2611 2612 2655 2667 2692 2693 2736
  2748 2773 2774 2817 2829 2854 2855 2898 2910
 
   SET #:   24  NGRSET:  180  VOLFRAC:  0.07644  INTENS:   0.09630
    40   42   49   51   59  121  123  130  132  140  202  204  211  213  221
   283  285  292  294  302  364  366  373  375  383  445  447  454  456  464
   526  528  535  537  545  607  609  616  618  626  688  690  697  699  707
   769  771  778  780  788  850  852  859  861  869  931  933  940  942  950
  1012 1014 1021 1023 1031 1093 1095 1102 1104 1112 1174 1176 1183 1185 1193
  1255 1257 1264 1266 1274 1336 1338 1345 1347 1355 1417 1419 1426 1428 1436
  1498 1500 1507 1509 1517 1579 1581 1588 1590 1598 1660 1662 1669 1671 1679
  1741 1743 1750 1752 1760 1822 1824 1831 1833 1841 1903 1905 1912 1914 1922
  1984 1986 1993 1995 2003 2065 2067 2074 2076 2084 2146 2148 2155 2157 2165
  2227 2229 2236 2238 2246 2308 2310 2317 2319 2327 2389 2391 2398 2400 2408
  2470 2472 2479 2481 2489 2551 2553 2560 2562 2570 2632 2634 2641 2643 2651
  2713 2715 2722 2724 2732 2794 2796 2803 2805 2813 2875 2877 2884 2886 2894
 
 CONTROL VARIABLE & AVERAGE ELASTIC STRAIN IN  DIFFRACTING PLANES (NORMALIZED WITH WEIGHTS)
  control     eps33       sig33       ph1ref001   ph1ref002   ph1ref003   ph1ref004   ph1ref005   ph1ref006   ph1ref007   ph1ref008   ph1ref009   ph1ref010   ph1ref011   ph1ref012   ph1ref013   ph1ref014   ph1ref015   ph1ref016   ph1ref017   ph1ref018   ph1ref019   ph1ref020   ph1ref021   ph1ref022   ph1ref023   ph1ref024  
  0.0000E+00  0.0000E+00  0.0000E+00  0.0000E+00  0.0000E+00  0.0000E+00  0.0000E+00  0.0000E+00  0.0000E+00  0.0000E+00  0.0000E+00  0.0000E+00  0.0000E+00  0.0000E+00  0.0000E+00  0.0000E+00  0.0000E+00  0.0000E+00  0.0000E+00  0.0000E+00  0.0000E+00  0.0000E+00  0.0000E+00  0.0000E+00  0.0000E+00  0.0000E+00  0.0000E+00 
 -0.2800E-03 -0.2800E-03 -0.1920E-01  0.1500E-03  0.2185E-03  0.1492E-03  0.1500E-03  0.1939E-03  0.1263E-03  0.1494E-03  0.2185E-03  0.1901E-03  0.1263E-03  0.1765E-03  0.1310E-03 -0.2616E-03 -0.3446E-03 -0.2637E-03 -0.2616E-03 -0.3216E-03 -0.2334E-03 -0.2615E-03 -0.3446E-03 -0.3097E-03 -0.2334E-03 -0.2969E-03 -0.2402E-03 
 -0.5600E-03 -0.5600E-03 -0.3843E-01  0.3000E-03  0.4370E-03  0.2985E-03  0.3000E-03  0.3878E-03  0.2526E-03  0.2988E-03  0.4370E-03  0.3803E-03  0.2526E-03  0.3530E-03  0.2621E-03 -0.5233E-03 -0.6892E-03 -0.5275E-03 -0.5233E-03 -0.6433E-03 -0.4670E-03 -0.5231E-03 -0.6892E-03 -0.6195E-03 -0.4670E-03 -0.5938E-03 -0.4806E-03 
 -0.8400E-03 -0.8400E-03 -0.5766E-01  0.4500E-03  0.6555E-03  0.4477E-03  0.4500E-03  0.5817E-03  0.3789E-03  0.4482E-03  0.6555E-03  0.5703E-03  0.3789E-03  0.5294E-03  0.3932E-03 -0.7851E-03 -0.1034E-02 -0.7914E-03 -0.7851E-03 -0.9650E-03 -0.7007E-03 -0.7847E-03 -0.1034E-02 -0.9293E-03 -0.7007E-03 -0.8908E-03 -0.7210E-03 
 -0.1120E-02 -0.1120E-02 -0.7689E-01  0.6001E-03  0.8739E-03  0.5970E-03  0.6001E-03  0.7756E-03  0.5052E-03  0.5976E-03  0.8739E-03  0.7604E-03  0.5052E-03  0.7059E-03  0.5243E-03 -0.1047E-02 -0.1379E-02 -0.1055E-02 -0.1047E-02 -0.1287E-02 -0.9343E-03 -0.1046E-02 -0.1379E-02 -0.1239E-02 -0.9343E-03 -0.1188E-02 -0.9614E-03 
 -0.1400E-02 -0.1400E-02 -0.9613E-01  0.7501E-03  0.1092E-02  0.7462E-03  0.7501E-03  0.9694E-03  0.6315E-03  0.7470E-03  0.1092E-02  0.9505E-03  0.6315E-03  0.8824E-03  0.6554E-03 -0.1309E-02 -0.1723E-02 -0.1319E-02 -0.1309E-02 -0.1608E-02 -0.1168E-02 -0.1308E-02 -0.1723E-02 -0.1549E-02 -0.1168E-02 -0.1485E-02 -0.1202E-02 
 -0.1680E-02 -0.1680E-02 -0.1154E+00  0.9001E-03  0.1311E-02  0.8955E-03  0.9001E-03  0.1163E-02  0.7578E-03  0.8964E-03  0.1311E-02  0.1141E-02  0.7578E-03  0.1059E-02  0.7865E-03 -0.1570E-02 -0.2068E-02 -0.1583E-02 -0.1570E-02 -0.1930E-02 -0.1402E-02 -0.1570E-02 -0.2068E-02 -0.1859E-02 -0.1402E-02 -0.1782E-02 -0.1442E-02 
 -0.1960E-02 -0.1960E-02 -0.1346E+00  0.1050E-02  0.1529E-02  0.1045E-02  0.1050E-02  0.1357E-02  0.8841E-03  0.1046E-02  0.1529E-02  0.1331E-02  0.8841E-03  0.1235E-02  0.9176E-03 -0.1832E-02 -0.2413E-02 -0.1847E-02 -0.1832E-02 -0.2252E-02 -0.1635E-02 -0.1832E-02 -0.2413E-02 -0.2169E-02 -0.1635E-02 -0.2079E-02 -0.1683E-02 
 -0.2240E-02 -0.2240E-02 -0.1538E+00  0.1200E-02  0.1748E-02  0.1194E-02  0.1200E-02  0.1551E-02  0.1010E-02  0.1195E-02  0.1748E-02  0.1521E-02  0.1010E-02  0.1412E-02  0.1049E-02 -0.2094E-02 -0.2757E-02 -0.2111E-02 -0.2094E-02 -0.2574E-02 -0.1869E-02 -0.2093E-02 -0.2757E-02 -0.2479E-02 -0.1869E-02 -0.2376E-02 -0.1923E-02 
 -0.2520E-02 -0.2520E-02 -0.1731E+00  0.1350E-02  0.1966E-02  0.1343E-02  0.1350E-02  0.1745E-02  0.1137E-02  0.1345E-02  0.1966E-02  0.1711E-02  0.1137E-02  0.1588E-02  0.1180E-02 -0.2356E-02 -0.3102E-02 -0.2375E-02 -0.2356E-02 -0.2895E-02 -0.2103E-02 -0.2355E-02 -0.3102E-02 -0.2788E-02 -0.2103E-02 -0.2673E-02 -0.2164E-02 
 -0.2800E-02 -0.2800E-02 -0.1923E+00  0.1500E-02  0.2185E-02  0.1492E-02  0.1500E-02  0.1939E-02  0.1263E-02  0.1494E-02  0.2185E-02  0.1901E-02  0.1263E-02  0.1765E-02  0.1311E-02 -0.2618E-02 -0.3447E-02 -0.2639E-02 -0.2618E-02 -0.3217E-02 -0.2337E-02 -0.2617E-02 -0.3447E-02 -0.3098E-02 -0.2337E-02 -0.2970E-02 -0.2404E-02 
 -0.3080E-02 -0.3080E-02 -0.2115E+00  0.1650E-02  0.2403E-02  0.1642E-02  0.1650E-02  0.2133E-02  0.1389E-02  0.1643E-02  0.2403E-02  0.2091E-02  0.1389E-02  0.1941E-02  0.1442E-02 -0.2880E-02 -0.3791E-02 -0.2903E-02 -0.2880E-02 -0.3539E-02 -0.2570E-02 -0.2878E-02 -0.3791E-02 -0.3408E-02 -0.2570E-02 -0.3267E-02 -0.2645E-02 
 -0.3360E-02 -0.3360E-02 -0.2308E+00  0.1800E-02  0.2621E-02  0.1791E-02  0.1800E-02  0.2327E-02  0.1516E-02  0.1793E-02  0.2621E-02  0.2281E-02  0.1516E-02  0.2118E-02  0.1573E-02 -0.3141E-02 -0.4136E-02 -0.3167E-02 -0.3141E-02 -0.3861E-02 -0.2804E-02 -0.3140E-02 -0.4136E-02 -0.3718E-02 -0.2804E-02 -0.3564E-02 -0.2885E-02 
 -0.3640E-02 -0.3640E-02 -0.2500E+00  0.1950E-02  0.2840E-02  0.1940E-02  0.1950E-02  0.2520E-02  0.1642E-02  0.1942E-02  0.2840E-02  0.2471E-02  0.1642E-02  0.2294E-02  0.1704E-02 -0.3403E-02 -0.4481E-02 -0.3431E-02 -0.3403E-02 -0.4182E-02 -0.3038E-02 -0.3402E-02 -0.4481E-02 -0.4028E-02 -0.3038E-02 -0.3861E-02 -0.3126E-02 
 -0.3920E-02 -0.3920E-02 -0.2693E+00  0.2100E-02  0.3058E-02  0.2089E-02  0.2100E-02  0.2714E-02  0.1768E-02  0.2092E-02  0.3058E-02  0.2661E-02  0.1768E-02  0.2471E-02  0.1835E-02 -0.3665E-02 -0.4825E-02 -0.3694E-02 -0.3665E-02 -0.4504E-02 -0.3271E-02 -0.3664E-02 -0.4825E-02 -0.4338E-02 -0.3271E-02 -0.4158E-02 -0.3366E-02 
 -0.4200E-02 -0.4200E-02 -0.2885E+00  0.2250E-02  0.3277E-02  0.2239E-02  0.2250E-02  0.2908E-02  0.1895E-02  0.2241E-02  0.3277E-02  0.2851E-02  0.1895E-02  0.2647E-02  0.1966E-02 -0.3927E-02 -0.5170E-02 -0.3958E-02 -0.3927E-02 -0.4826E-02 -0.3505E-02 -0.3925E-02 -0.5170E-02 -0.4647E-02 -0.3505E-02 -0.4455E-02 -0.3607E-02 
 -0.4480E-02 -0.4480E-02 -0.3077E+00  0.2400E-02  0.3495E-02  0.2388E-02  0.2400E-02  0.3102E-02  0.2021E-02  0.2391E-02  0.3495E-02  0.3041E-02  0.2021E-02  0.2823E-02  0.2097E-02 -0.4189E-02 -0.5515E-02 -0.4222E-02 -0.4189E-02 -0.5148E-02 -0.3739E-02 -0.4187E-02 -0.5515E-02 -0.4957E-02 -0.3739E-02 -0.4752E-02 -0.3847E-02 
 -0.4760E-02 -0.4760E-02 -0.3270E+00  0.2550E-02  0.3714E-02  0.2537E-02  0.2550E-02  0.3296E-02  0.2147E-02  0.2540E-02  0.3714E-02  0.3232E-02  0.2147E-02  0.3000E-02  0.2229E-02 -0.4451E-02 -0.5859E-02 -0.4486E-02 -0.4451E-02 -0.5469E-02 -0.3973E-02 -0.4449E-02 -0.5859E-02 -0.5267E-02 -0.3973E-02 -0.5049E-02 -0.4088E-02 
 -0.5040E-02 -0.5040E-02 -0.3462E+00  0.2700E-02  0.3932E-02  0.2686E-02  0.2700E-02  0.3490E-02  0.2274E-02  0.2689E-02  0.3932E-02  0.3422E-02  0.2274E-02  0.3176E-02  0.2360E-02 -0.4712E-02 -0.6204E-02 -0.4750E-02 -0.4712E-02 -0.5791E-02 -0.4206E-02 -0.4710E-02 -0.6204E-02 -0.5577E-02 -0.4206E-02 -0.5346E-02 -0.4328E-02 
 -0.5320E-02 -0.5320E-02 -0.3654E+00  0.2850E-02  0.4151E-02  0.2836E-02  0.2850E-02  0.3684E-02  0.2400E-02  0.2839E-02  0.4151E-02  0.3612E-02  0.2400E-02  0.3353E-02  0.2491E-02 -0.4974E-02 -0.6549E-02 -0.5014E-02 -0.4974E-02 -0.6113E-02 -0.4440E-02 -0.4972E-02 -0.6549E-02 -0.5887E-02 -0.4440E-02 -0.5643E-02 -0.4569E-02 
 -0.5600E-02 -0.5600E-02 -0.3847E+00  0.3000E-02  0.4369E-02  0.2985E-02  0.3000E-02  0.3877E-02  0.2526E-02  0.2988E-02  0.4369E-02  0.3802E-02  0.2526E-02  0.3529E-02  0.2622E-02 -0.5236E-02 -0.6893E-02 -0.5278E-02 -0.5236E-02 -0.6435E-02 -0.4674E-02 -0.5234E-02 -0.6893E-02 -0.6197E-02 -0.4674E-02 -0.5941E-02 -0.4809E-02 
 -0.5880E-02 -0.5880E-02 -0.4039E+00  0.3150E-02  0.4587E-02  0.3134E-02  0.3150E-02  0.4071E-02  0.2653E-02  0.3138E-02  0.4587E-02  0.3992E-02  0.2653E-02  0.3706E-02  0.2753E-02 -0.5498E-02 -0.7238E-02 -0.5542E-02 -0.5498E-02 -0.6756E-02 -0.4907E-02 -0.5495E-02 -0.7238E-02 -0.6507E-02 -0.4907E-02 -0.6238E-02 -0.5049E-02 
 -0.6160E-02 -0.6160E-02 -0.4232E+00  0.3301E-02  0.4806E-02  0.3283E-02  0.3301E-02  0.4265E-02  0.2779E-02  0.3287E-02  0.4806E-02  0.4182E-02  0.2779E-02  0.3882E-02  0.2884E-02 -0.5760E-02 -0.7583E-02 -0.5806E-02 -0.5760E-02 -0.7078E-02 -0.5141E-02 -0.5757E-02 -0.7583E-02 -0.6816E-02 -0.5141E-02 -0.6535E-02 -0.5290E-02 
 -0.6440E-02 -0.6440E-02 -0.4424E+00  0.3451E-02  0.5024E-02  0.3433E-02  0.3451E-02  0.4459E-02  0.2905E-02  0.3436E-02  0.5024E-02  0.4372E-02  0.2905E-02  0.4059E-02  0.3015E-02 -0.6021E-02 -0.7927E-02 -0.6070E-02 -0.6021E-02 -0.7400E-02 -0.5375E-02 -0.6019E-02 -0.7927E-02 -0.7126E-02 -0.5375E-02 -0.6832E-02 -0.5530E-02 
 -0.6720E-02 -0.6720E-02 -0.4616E+00  0.3601E-02  0.5243E-02  0.3582E-02  0.3601E-02  0.4653E-02  0.3032E-02  0.3586E-02  0.5243E-02  0.4562E-02  0.3032E-02  0.4235E-02  0.3146E-02 -0.6283E-02 -0.8272E-02 -0.6334E-02 -0.6283E-02 -0.7721E-02 -0.5609E-02 -0.6281E-02 -0.8272E-02 -0.7436E-02 -0.5609E-02 -0.7129E-02 -0.5771E-02 
 -0.7000E-02 -0.7000E-02 -0.4809E+00  0.3751E-02  0.5461E-02  0.3731E-02  0.3751E-02  0.4847E-02  0.3158E-02  0.3735E-02  0.5461E-02  0.4752E-02  0.3158E-02  0.4412E-02  0.3277E-02 -0.6545E-02 -0.8617E-02 -0.6598E-02 -0.6545E-02 -0.8043E-02 -0.5842E-02 -0.6542E-02 -0.8617E-02 -0.7746E-02 -0.5842E-02 -0.7426E-02 -0.6011E-02 
 -0.7280E-02 -0.7280E-02 -0.5001E+00  0.3901E-02  0.5680E-02  0.3880E-02  0.3901E-02  0.5041E-02  0.3284E-02  0.3885E-02  0.5680E-02  0.4942E-02  0.3284E-02  0.4588E-02  0.3408E-02 -0.6807E-02 -0.8961E-02 -0.6861E-02 -0.6807E-02 -0.8365E-02 -0.6076E-02 -0.6804E-02 -0.8961E-02 -0.8056E-02 -0.6076E-02 -0.7723E-02 -0.6252E-02 
 -0.7560E-02 -0.7560E-02 -0.5193E+00  0.4051E-02  0.5898E-02  0.4030E-02  0.4051E-02  0.5235E-02  0.3411E-02  0.4021E-02  0.5898E-02  0.5132E-02  0.3411E-02  0.4752E-02  0.3537E-02 -0.7069E-02 -0.9306E-02 -0.7125E-02 -0.7069E-02 -0.8687E-02 -0.6310E-02 -0.7040E-02 -0.9306E-02 -0.8366E-02 -0.6310E-02 -0.8020E-02 -0.6492E-02 
 -0.7840E-02 -0.7840E-02 -0.5367E+00  0.4189E-02  0.6114E-02  0.4178E-02  0.4189E-02  0.5398E-02  0.3537E-02  0.4132E-02  0.6114E-02  0.5321E-02  0.3537E-02  0.4871E-02  0.3644E-02 -0.7319E-02 -0.9636E-02 -0.7370E-02 -0.7319E-02 -0.8989E-02 -0.6533E-02 -0.7238E-02 -0.9636E-02 -0.8662E-02 -0.6533E-02 -0.8259E-02 -0.6715E-02 
 -0.8120E-02 -0.8120E-02 -0.5521E+00  0.4314E-02  0.6329E-02  0.4307E-02  0.4314E-02  0.5529E-02  0.3653E-02  0.4225E-02  0.6329E-02  0.5500E-02  0.3653E-02  0.4959E-02  0.3735E-02 -0.7514E-02 -0.9951E-02 -0.7595E-02 -0.7514E-02 -0.9266E-02 -0.6743E-02 -0.7410E-02 -0.9951E-02 -0.8938E-02 -0.6743E-02 -0.8446E-02 -0.6901E-02 
 -0.8400E-02 -0.8400E-02 -0.5651E+00  0.4405E-02  0.6528E-02  0.4396E-02  0.4405E-02  0.5634E-02  0.3749E-02  0.4304E-02  0.6528E-02  0.5642E-02  0.3749E-02  0.5026E-02  0.3809E-02 -0.7661E-02 -0.1025E-01 -0.7791E-02 -0.7661E-02 -0.9477E-02 -0.6937E-02 -0.7545E-02 -0.1025E-01 -0.9190E-02 -0.6937E-02 -0.8584E-02 -0.7048E-02 
 -0.8680E-02 -0.8680E-02 -0.5760E+00  0.4486E-02  0.6684E-02  0.4477E-02  0.4486E-02  0.5724E-02  0.3831E-02  0.4371E-02  0.6684E-02  0.5764E-02  0.3831E-02  0.5083E-02  0.3872E-02 -0.7773E-02 -0.1052E-01 -0.7953E-02 -0.7773E-02 -0.9641E-02 -0.7116E-02 -0.7654E-02 -0.1052E-01 -0.9409E-02 -0.7116E-02 -0.8690E-02 -0.7171E-02 
 -0.8960E-02 -0.8960E-02 -0.5852E+00  0.4553E-02  0.6830E-02  0.4550E-02  0.4553E-02  0.5806E-02  0.3907E-02  0.4424E-02  0.6830E-02  0.5866E-02  0.3907E-02  0.5132E-02  0.3930E-02 -0.7868E-02 -0.1079E-01 -0.8079E-02 -0.7868E-02 -0.9780E-02 -0.7282E-02 -0.7741E-02 -0.1079E-01 -0.9588E-02 -0.7282E-02 -0.8774E-02 -0.7272E-02 
 -0.9240E-02 -0.9240E-02 -0.5941E+00  0.4612E-02  0.6955E-02  0.4620E-02  0.4612E-02  0.5883E-02  0.3967E-02  0.4472E-02  0.6955E-02  0.5948E-02  0.3967E-02  0.5174E-02  0.3981E-02 -0.7949E-02 -0.1104E-01 -0.8191E-02 -0.7949E-02 -0.9901E-02 -0.7437E-02 -0.7818E-02 -0.1104E-01 -0.9753E-02 -0.7437E-02 -0.8846E-02 -0.7361E-02 
 -0.9520E-02 -0.9520E-02 -0.6011E+00  0.4655E-02  0.7049E-02  0.4688E-02  0.4655E-02  0.5953E-02  0.4022E-02  0.4513E-02  0.7049E-02  0.6014E-02  0.4022E-02  0.5211E-02  0.4031E-02 -0.8017E-02 -0.1125E-01 -0.8279E-02 -0.8017E-02 -0.1000E-01 -0.7545E-02 -0.7885E-02 -0.1125E-01 -0.9886E-02 -0.7545E-02 -0.8901E-02 -0.7438E-02 
 -0.9800E-02 -0.9800E-02 -0.6079E+00  0.4684E-02  0.7142E-02  0.4740E-02  0.4684E-02  0.6012E-02  0.4069E-02  0.4549E-02  0.7142E-02  0.6074E-02  0.4069E-02  0.5232E-02  0.4069E-02 -0.8080E-02 -0.1141E-01 -0.8356E-02 -0.8080E-02 -0.1009E-01 -0.7636E-02 -0.7944E-02 -0.1141E-01 -0.9996E-02 -0.7636E-02 -0.8948E-02 -0.7505E-02 
 -0.1008E-01 -0.1008E-01 -0.6139E+00  0.4708E-02  0.7220E-02  0.4788E-02  0.4708E-02  0.6070E-02  0.4108E-02  0.4585E-02  0.7220E-02  0.6130E-02  0.4108E-02  0.5253E-02  0.4102E-02 -0.8134E-02 -0.1155E-01 -0.8425E-02 -0.8134E-02 -0.1017E-01 -0.7718E-02 -0.7996E-02 -0.1155E-01 -0.1009E-01 -0.7718E-02 -0.8987E-02 -0.7564E-02 
 -0.1036E-01 -0.1036E-01 -0.6193E+00  0.4726E-02  0.7292E-02  0.4830E-02  0.4726E-02  0.6112E-02  0.4147E-02  0.4619E-02  0.7292E-02  0.6181E-02  0.4147E-02  0.5270E-02  0.4134E-02 -0.8184E-02 -0.1166E-01 -0.8487E-02 -0.8184E-02 -0.1024E-01 -0.7794E-02 -0.8042E-02 -0.1166E-01 -0.1017E-01 -0.7794E-02 -0.9020E-02 -0.7617E-02 
 -0.1064E-01 -0.1064E-01 -0.6241E+00  0.4743E-02  0.7363E-02  0.4868E-02  0.4743E-02  0.6152E-02  0.4182E-02  0.4648E-02  0.7363E-02  0.6226E-02  0.4182E-02  0.5287E-02  0.4164E-02 -0.8227E-02 -0.1176E-01 -0.8543E-02 -0.8227E-02 -0.1030E-01 -0.7849E-02 -0.8084E-02 -0.1176E-01 -0.1023E-01 -0.7849E-02 -0.9050E-02 -0.7665E-02 
 -0.1092E-01 -0.1092E-01 -0.6285E+00  0.4761E-02  0.7431E-02  0.4897E-02  0.4761E-02  0.6192E-02  0.4216E-02  0.4675E-02  0.7431E-02  0.6265E-02  0.4216E-02  0.5304E-02  0.4192E-02 -0.8261E-02 -0.1185E-01 -0.8591E-02 -0.8261E-02 -0.1036E-01 -0.7900E-02 -0.8122E-02 -0.1185E-01 -0.1029E-01 -0.7900E-02 -0.9076E-02 -0.7709E-02 
 -0.1120E-01 -0.1120E-01 -0.6325E+00  0.4779E-02  0.7499E-02  0.4926E-02  0.4779E-02  0.6225E-02  0.4247E-02  0.4699E-02  0.7499E-02  0.6300E-02  0.4247E-02  0.5316E-02  0.4216E-02 -0.8291E-02 -0.1194E-01 -0.8633E-02 -0.8291E-02 -0.1041E-01 -0.7948E-02 -0.8154E-02 -0.1194E-01 -0.1034E-01 -0.7948E-02 -0.9099E-02 -0.7745E-02 
 -0.1148E-01 -0.1148E-01 -0.6362E+00  0.4796E-02  0.7539E-02  0.4953E-02  0.4796E-02  0.6255E-02  0.4278E-02  0.4722E-02  0.7539E-02  0.6334E-02  0.4278E-02  0.5327E-02  0.4239E-02 -0.8315E-02 -0.1200E-01 -0.8671E-02 -0.8315E-02 -0.1046E-01 -0.7992E-02 -0.8181E-02 -0.1200E-01 -0.1039E-01 -0.7992E-02 -0.9118E-02 -0.7778E-02 
 -0.1176E-01 -0.1176E-01 -0.6394E+00  0.4813E-02  0.7579E-02  0.4978E-02  0.4813E-02  0.6285E-02  0.4306E-02  0.4744E-02  0.7579E-02  0.6367E-02  0.4306E-02  0.5338E-02  0.4261E-02 -0.8336E-02 -0.1206E-01 -0.8706E-02 -0.8336E-02 -0.1050E-01 -0.8028E-02 -0.8204E-02 -0.1206E-01 -0.1042E-01 -0.8028E-02 -0.9135E-02 -0.7806E-02 
 -0.1204E-01 -0.1204E-01 -0.6425E+00  0.4830E-02  0.7618E-02  0.5000E-02  0.4830E-02  0.6311E-02  0.4331E-02  0.4763E-02  0.7618E-02  0.6399E-02  0.4331E-02  0.5348E-02  0.4282E-02 -0.8354E-02 -0.1211E-01 -0.8738E-02 -0.8354E-02 -0.1054E-01 -0.8054E-02 -0.8225E-02 -0.1211E-01 -0.1046E-01 -0.8054E-02 -0.9151E-02 -0.7831E-02 
 -0.1232E-01 -0.1232E-01 -0.6453E+00  0.4846E-02  0.7656E-02  0.5022E-02  0.4846E-02  0.6338E-02  0.4354E-02  0.4781E-02  0.7656E-02  0.6428E-02  0.4354E-02  0.5359E-02  0.4302E-02 -0.8367E-02 -0.1216E-01 -0.8766E-02 -0.8367E-02 -0.1058E-01 -0.8079E-02 -0.8243E-02 -0.1216E-01 -0.1049E-01 -0.8079E-02 -0.9166E-02 -0.7854E-02 
 -0.1260E-01 -0.1260E-01 -0.6479E+00  0.4859E-02  0.7693E-02  0.5043E-02  0.4859E-02  0.6364E-02  0.4376E-02  0.4797E-02  0.7693E-02  0.6454E-02  0.4376E-02  0.5370E-02  0.4321E-02 -0.8378E-02 -0.1221E-01 -0.8790E-02 -0.8378E-02 -0.1061E-01 -0.8102E-02 -0.8260E-02 -0.1221E-01 -0.1052E-01 -0.8102E-02 -0.9179E-02 -0.7876E-02 
 -0.1288E-01 -0.1288E-01 -0.6503E+00  0.4872E-02  0.7730E-02  0.5062E-02  0.4872E-02  0.6389E-02  0.4398E-02  0.4810E-02  0.7730E-02  0.6480E-02  0.4398E-02  0.5381E-02  0.4338E-02 -0.8388E-02 -0.1225E-01 -0.8813E-02 -0.8388E-02 -0.1064E-01 -0.8125E-02 -0.8275E-02 -0.1225E-01 -0.1054E-01 -0.8125E-02 -0.9192E-02 -0.7897E-02 
 -0.1316E-01 -0.1316E-01 -0.6525E+00  0.4885E-02  0.7766E-02  0.5079E-02  0.4885E-02  0.6413E-02  0.4418E-02  0.4822E-02  0.7766E-02  0.6505E-02  0.4418E-02  0.5389E-02  0.4356E-02 -0.8396E-02 -0.1229E-01 -0.8833E-02 -0.8396E-02 -0.1067E-01 -0.8146E-02 -0.8288E-02 -0.1229E-01 -0.1057E-01 -0.8146E-02 -0.9203E-02 -0.7915E-02 
 -0.1344E-01 -0.1344E-01 -0.6547E+00  0.4895E-02  0.7801E-02  0.5095E-02  0.4895E-02  0.6434E-02  0.4436E-02  0.4833E-02  0.7801E-02  0.6525E-02  0.4436E-02  0.5395E-02  0.4371E-02 -0.8403E-02 -0.1233E-01 -0.8850E-02 -0.8403E-02 -0.1070E-01 -0.8166E-02 -0.8301E-02 -0.1233E-01 -0.1059E-01 -0.8166E-02 -0.9213E-02 -0.7932E-02 
 -0.1372E-01 -0.1372E-01 -0.6566E+00  0.4906E-02  0.7832E-02  0.5111E-02  0.4906E-02  0.6455E-02  0.4453E-02  0.4842E-02  0.7832E-02  0.6546E-02  0.4453E-02  0.5401E-02  0.4385E-02 -0.8408E-02 -0.1237E-01 -0.8866E-02 -0.8408E-02 -0.1072E-01 -0.8185E-02 -0.8312E-02 -0.1237E-01 -0.1061E-01 -0.8185E-02 -0.9222E-02 -0.7946E-02 
 -0.1400E-01 -0.1400E-01 -0.6584E+00  0.4915E-02  0.7864E-02  0.5124E-02  0.4915E-02  0.6473E-02  0.4471E-02  0.4852E-02  0.7864E-02  0.6564E-02  0.4471E-02  0.5406E-02  0.4398E-02 -0.8413E-02 -0.1241E-01 -0.8881E-02 -0.8413E-02 -0.1074E-01 -0.8201E-02 -0.8323E-02 -0.1241E-01 -0.1063E-01 -0.8201E-02 -0.9230E-02 -0.7960E-02 
 -0.1428E-01 -0.1428E-01 -0.6601E+00  0.4924E-02  0.7894E-02  0.5136E-02  0.4924E-02  0.6491E-02  0.4488E-02  0.4862E-02  0.7894E-02  0.6583E-02  0.4488E-02  0.5410E-02  0.4411E-02 -0.8418E-02 -0.1245E-01 -0.8894E-02 -0.8418E-02 -0.1076E-01 -0.8209E-02 -0.8334E-02 -0.1245E-01 -0.1065E-01 -0.8209E-02 -0.9237E-02 -0.7973E-02 
 -0.1456E-01 -0.1456E-01 -0.6618E+00  0.4934E-02  0.7924E-02  0.5145E-02  0.4934E-02  0.6507E-02  0.4505E-02  0.4870E-02  0.7924E-02  0.6600E-02  0.4505E-02  0.5412E-02  0.4423E-02 -0.8423E-02 -0.1249E-01 -0.8907E-02 -0.8423E-02 -0.1078E-01 -0.8215E-02 -0.8343E-02 -0.1249E-01 -0.1067E-01 -0.8215E-02 -0.9243E-02 -0.7985E-02 
 -0.1484E-01 -0.1484E-01 -0.6633E+00  0.4944E-02  0.7952E-02  0.5155E-02  0.4944E-02  0.6522E-02  0.4520E-02  0.4879E-02  0.7952E-02  0.6618E-02  0.4520E-02  0.5413E-02  0.4434E-02 -0.8427E-02 -0.1252E-01 -0.8919E-02 -0.8427E-02 -0.1080E-01 -0.8220E-02 -0.8352E-02 -0.1252E-01 -0.1068E-01 -0.8220E-02 -0.9249E-02 -0.7997E-02 
 -0.1512E-01 -0.1512E-01 -0.6648E+00  0.4953E-02  0.7979E-02  0.5163E-02  0.4953E-02  0.6536E-02  0.4536E-02  0.4887E-02  0.7979E-02  0.6634E-02  0.4536E-02  0.5414E-02  0.4445E-02 -0.8431E-02 -0.1255E-01 -0.8929E-02 -0.8431E-02 -0.1082E-01 -0.8226E-02 -0.8360E-02 -0.1255E-01 -0.1070E-01 -0.8226E-02 -0.9255E-02 -0.8008E-02 
 -0.1540E-01 -0.1540E-01 -0.6662E+00  0.4962E-02  0.8006E-02  0.5172E-02  0.4962E-02  0.6551E-02  0.4547E-02  0.4894E-02  0.8006E-02  0.6650E-02  0.4547E-02  0.5415E-02  0.4453E-02 -0.8436E-02 -0.1258E-01 -0.8939E-02 -0.8436E-02 -0.1083E-01 -0.8231E-02 -0.8368E-02 -0.1258E-01 -0.1071E-01 -0.8231E-02 -0.9261E-02 -0.8018E-02 
 -0.1568E-01 -0.1568E-01 -0.6675E+00  0.4969E-02  0.8033E-02  0.5180E-02  0.4969E-02  0.6565E-02  0.4558E-02  0.4900E-02  0.8033E-02  0.6666E-02  0.4558E-02  0.5417E-02  0.4460E-02 -0.8442E-02 -0.1261E-01 -0.8946E-02 -0.8442E-02 -0.1085E-01 -0.8236E-02 -0.8375E-02 -0.1261E-01 -0.1073E-01 -0.8236E-02 -0.9266E-02 -0.8028E-02 
 -0.1596E-01 -0.1596E-01 -0.6688E+00  0.4976E-02  0.8058E-02  0.5188E-02  0.4976E-02  0.6578E-02  0.4567E-02  0.4905E-02  0.8058E-02  0.6682E-02  0.4567E-02  0.5418E-02  0.4467E-02 -0.8447E-02 -0.1264E-01 -0.8952E-02 -0.8447E-02 -0.1086E-01 -0.8241E-02 -0.8381E-02 -0.1264E-01 -0.1074E-01 -0.8241E-02 -0.9271E-02 -0.8037E-02 
 -0.1624E-01 -0.1624E-01 -0.6699E+00  0.4982E-02  0.8082E-02  0.5196E-02  0.4982E-02  0.6590E-02  0.4575E-02  0.4910E-02  0.8082E-02  0.6697E-02  0.4575E-02  0.5419E-02  0.4473E-02 -0.8451E-02 -0.1267E-01 -0.8958E-02 -0.8451E-02 -0.1088E-01 -0.8246E-02 -0.8387E-02 -0.1267E-01 -0.1075E-01 -0.8246E-02 -0.9276E-02 -0.8045E-02 
 -0.1652E-01 -0.1652E-01 -0.6711E+00  0.4988E-02  0.8104E-02  0.5202E-02  0.4988E-02  0.6602E-02  0.4582E-02  0.4914E-02  0.8104E-02  0.6712E-02  0.4582E-02  0.5421E-02  0.4479E-02 -0.8454E-02 -0.1269E-01 -0.8963E-02 -0.8454E-02 -0.1089E-01 -0.8251E-02 -0.8392E-02 -0.1269E-01 -0.1077E-01 -0.8251E-02 -0.9280E-02 -0.8052E-02 
 -0.1680E-01 -0.1680E-01 -0.6721E+00  0.4993E-02  0.8126E-02  0.5206E-02  0.4993E-02  0.6614E-02  0.4589E-02  0.4919E-02  0.8126E-02  0.6727E-02  0.4589E-02  0.5422E-02  0.4486E-02 -0.8458E-02 -0.1271E-01 -0.8968E-02 -0.8458E-02 -0.1090E-01 -0.8255E-02 -0.8397E-02 -0.1271E-01 -0.1078E-01 -0.8255E-02 -0.9284E-02 -0.8059E-02 
 -0.1708E-01 -0.1708E-01 -0.6731E+00  0.4998E-02  0.8148E-02  0.5211E-02  0.4998E-02  0.6625E-02  0.4594E-02  0.4923E-02  0.8148E-02  0.6742E-02  0.4594E-02  0.5424E-02  0.4491E-02 -0.8462E-02 -0.1274E-01 -0.8972E-02 -0.8462E-02 -0.1091E-01 -0.8259E-02 -0.8402E-02 -0.1274E-01 -0.1079E-01 -0.8259E-02 -0.9287E-02 -0.8065E-02 
 -0.1736E-01 -0.1736E-01 -0.6741E+00  0.5002E-02  0.8169E-02  0.5216E-02  0.5002E-02  0.6637E-02  0.4599E-02  0.4928E-02  0.8169E-02  0.6756E-02  0.4599E-02  0.5425E-02  0.4495E-02 -0.8465E-02 -0.1276E-01 -0.8975E-02 -0.8465E-02 -0.1092E-01 -0.8263E-02 -0.8406E-02 -0.1276E-01 -0.1080E-01 -0.8263E-02 -0.9290E-02 -0.8070E-02 
 -0.1764E-01 -0.1764E-01 -0.6750E+00  0.5006E-02  0.8190E-02  0.5219E-02  0.5006E-02  0.6647E-02  0.4604E-02  0.4932E-02  0.8190E-02  0.6770E-02  0.4604E-02  0.5427E-02  0.4500E-02 -0.8468E-02 -0.1278E-01 -0.8978E-02 -0.8468E-02 -0.1093E-01 -0.8267E-02 -0.8410E-02 -0.1278E-01 -0.1081E-01 -0.8267E-02 -0.9293E-02 -0.8075E-02 
 -0.1792E-01 -0.1792E-01 -0.6759E+00  0.5011E-02  0.8210E-02  0.5222E-02  0.5011E-02  0.6656E-02  0.4608E-02  0.4937E-02  0.8210E-02  0.6784E-02  0.4608E-02  0.5428E-02  0.4505E-02 -0.8472E-02 -0.1280E-01 -0.8980E-02 -0.8472E-02 -0.1094E-01 -0.8271E-02 -0.8414E-02 -0.1280E-01 -0.1082E-01 -0.8271E-02 -0.9296E-02 -0.8080E-02 
 -0.1820E-01 -0.1820E-01 -0.6768E+00  0.5015E-02  0.8230E-02  0.5224E-02  0.5015E-02  0.6665E-02  0.4611E-02  0.4940E-02  0.8230E-02  0.6797E-02  0.4611E-02  0.5429E-02  0.4509E-02 -0.8475E-02 -0.1282E-01 -0.8982E-02 -0.8475E-02 -0.1095E-01 -0.8275E-02 -0.8418E-02 -0.1282E-01 -0.1083E-01 -0.8275E-02 -0.9299E-02 -0.8085E-02 
 -0.1848E-01 -0.1848E-01 -0.6776E+00  0.5019E-02  0.8250E-02  0.5226E-02  0.5019E-02  0.6675E-02  0.4615E-02  0.4944E-02  0.8250E-02  0.6810E-02  0.4615E-02  0.5431E-02  0.4513E-02 -0.8478E-02 -0.1284E-01 -0.8984E-02 -0.8478E-02 -0.1096E-01 -0.8278E-02 -0.8422E-02 -0.1284E-01 -0.1084E-01 -0.8278E-02 -0.9301E-02 -0.8089E-02 
 -0.1876E-01 -0.1876E-01 -0.6784E+00  0.5024E-02  0.8269E-02  0.5227E-02  0.5024E-02  0.6684E-02  0.4618E-02  0.4948E-02  0.8269E-02  0.6822E-02  0.4618E-02  0.5432E-02  0.4518E-02 -0.8481E-02 -0.1286E-01 -0.8985E-02 -0.8481E-02 -0.1097E-01 -0.8282E-02 -0.8425E-02 -0.1286E-01 -0.1084E-01 -0.8282E-02 -0.9304E-02 -0.8093E-02 
 -0.1904E-01 -0.1904E-01 -0.6791E+00  0.5028E-02  0.8287E-02  0.5228E-02  0.5028E-02  0.6692E-02  0.4621E-02  0.4951E-02  0.8287E-02  0.6834E-02  0.4621E-02  0.5433E-02  0.4522E-02 -0.8484E-02 -0.1288E-01 -0.8986E-02 -0.8484E-02 -0.1098E-01 -0.8285E-02 -0.8428E-02 -0.1288E-01 -0.1085E-01 -0.8285E-02 -0.9306E-02 -0.8096E-02 
 -0.1932E-01 -0.1932E-01 -0.6799E+00  0.5032E-02  0.8305E-02  0.5229E-02  0.5032E-02  0.6701E-02  0.4624E-02  0.4954E-02  0.8305E-02  0.6845E-02  0.4624E-02  0.5434E-02  0.4526E-02 -0.8487E-02 -0.1289E-01 -0.8986E-02 -0.8487E-02 -0.1099E-01 -0.8289E-02 -0.8430E-02 -0.1289E-01 -0.1086E-01 -0.8289E-02 -0.9308E-02 -0.8100E-02 
 -0.1960E-01 -0.1960E-01 -0.6806E+00  0.5035E-02  0.8323E-02  0.5230E-02  0.5035E-02  0.6710E-02  0.4626E-02  0.4957E-02  0.8323E-02  0.6856E-02  0.4626E-02  0.5435E-02  0.4530E-02 -0.8490E-02 -0.1291E-01 -0.8986E-02 -0.8490E-02 -0.1100E-01 -0.8292E-02 -0.8433E-02 -0.1291E-01 -0.1086E-01 -0.8292E-02 -0.9310E-02 -0.8104E-02 
 -0.1988E-01 -0.1988E-01 -0.6812E+00  0.5039E-02  0.8339E-02  0.5230E-02  0.5039E-02  0.6718E-02  0.4628E-02  0.4960E-02  0.8339E-02  0.6867E-02  0.4628E-02  0.5437E-02  0.4534E-02 -0.8492E-02 -0.1292E-01 -0.8986E-02 -0.8492E-02 -0.1101E-01 -0.8295E-02 -0.8435E-02 -0.1292E-01 -0.1087E-01 -0.8295E-02 -0.9312E-02 -0.8107E-02 
 -0.2016E-01 -0.2016E-01 -0.6819E+00  0.5042E-02  0.8353E-02  0.5230E-02  0.5042E-02  0.6726E-02  0.4630E-02  0.4962E-02  0.8353E-02  0.6876E-02  0.4630E-02  0.5438E-02  0.4537E-02 -0.8495E-02 -0.1294E-01 -0.8985E-02 -0.8495E-02 -0.1102E-01 -0.8298E-02 -0.8436E-02 -0.1294E-01 -0.1087E-01 -0.8298E-02 -0.9314E-02 -0.8110E-02 
 -0.2044E-01 -0.2044E-01 -0.6825E+00  0.5045E-02  0.8367E-02  0.5229E-02  0.5045E-02  0.6734E-02  0.4632E-02  0.4964E-02  0.8367E-02  0.6885E-02  0.4632E-02  0.5439E-02  0.4540E-02 -0.8498E-02 -0.1295E-01 -0.8984E-02 -0.8498E-02 -0.1102E-01 -0.8301E-02 -0.8438E-02 -0.1295E-01 -0.1088E-01 -0.8301E-02 -0.9316E-02 -0.8113E-02 
 -0.2072E-01 -0.2072E-01 -0.6831E+00  0.5047E-02  0.8380E-02  0.5228E-02  0.5047E-02  0.6742E-02  0.4634E-02  0.4966E-02  0.8380E-02  0.6893E-02  0.4634E-02  0.5440E-02  0.4543E-02 -0.8500E-02 -0.1297E-01 -0.8984E-02 -0.8500E-02 -0.1103E-01 -0.8304E-02 -0.8440E-02 -0.1297E-01 -0.1089E-01 -0.8304E-02 -0.9318E-02 -0.8116E-02 
 -0.2100E-01 -0.2100E-01 -0.6836E+00  0.5049E-02  0.8394E-02  0.5227E-02  0.5049E-02  0.6749E-02  0.4635E-02  0.4968E-02  0.8394E-02  0.6901E-02  0.4635E-02  0.5441E-02  0.4546E-02 -0.8503E-02 -0.1298E-01 -0.8983E-02 -0.8503E-02 -0.1104E-01 -0.8307E-02 -0.8442E-02 -0.1298E-01 -0.1089E-01 -0.8307E-02 -0.9320E-02 -0.8118E-02 
 -0.2128E-01 -0.2128E-01 -0.6842E+00  0.5052E-02  0.8406E-02  0.5226E-02  0.5052E-02  0.6756E-02  0.4637E-02  0.4970E-02  0.8406E-02  0.6908E-02  0.4637E-02  0.5442E-02  0.4549E-02 -0.8505E-02 -0.1299E-01 -0.8982E-02 -0.8505E-02 -0.1105E-01 -0.8310E-02 -0.8443E-02 -0.1299E-01 -0.1090E-01 -0.8310E-02 -0.9321E-02 -0.8120E-02 
 -0.2156E-01 -0.2156E-01 -0.6847E+00  0.5054E-02  0.8419E-02  0.5225E-02  0.5054E-02  0.6763E-02  0.4638E-02  0.4971E-02  0.8419E-02  0.6916E-02  0.4638E-02  0.5443E-02  0.4552E-02 -0.8507E-02 -0.1300E-01 -0.8981E-02 -0.8507E-02 -0.1105E-01 -0.8313E-02 -0.8445E-02 -0.1300E-01 -0.1090E-01 -0.8313E-02 -0.9323E-02 -0.8122E-02 
 -0.2184E-01 -0.2184E-01 -0.6852E+00  0.5057E-02  0.8431E-02  0.5224E-02  0.5057E-02  0.6770E-02  0.4640E-02  0.4973E-02  0.8431E-02  0.6923E-02  0.4640E-02  0.5444E-02  0.4554E-02 -0.8510E-02 -0.1301E-01 -0.8980E-02 -0.8510E-02 -0.1106E-01 -0.8316E-02 -0.8447E-02 -0.1301E-01 -0.1091E-01 -0.8316E-02 -0.9325E-02 -0.8125E-02 
 -0.2212E-01 -0.2212E-01 -0.6857E+00  0.5059E-02  0.8439E-02  0.5224E-02  0.5059E-02  0.6776E-02  0.4641E-02  0.4975E-02  0.8439E-02  0.6930E-02  0.4641E-02  0.5445E-02  0.4557E-02 -0.8512E-02 -0.1302E-01 -0.8979E-02 -0.8512E-02 -0.1107E-01 -0.8318E-02 -0.8448E-02 -0.1302E-01 -0.1091E-01 -0.8318E-02 -0.9326E-02 -0.8127E-02 
 -0.2240E-01 -0.2240E-01 -0.6861E+00  0.5061E-02  0.8448E-02  0.5223E-02  0.5061E-02  0.6782E-02  0.4643E-02  0.4976E-02  0.8448E-02  0.6937E-02  0.4643E-02  0.5445E-02  0.4559E-02 -0.8514E-02 -0.1303E-01 -0.8978E-02 -0.8514E-02 -0.1107E-01 -0.8321E-02 -0.8450E-02 -0.1303E-01 -0.1092E-01 -0.8321E-02 -0.9328E-02 -0.8129E-02 
 -0.2268E-01 -0.2268E-01 -0.6866E+00  0.5062E-02  0.8456E-02  0.5222E-02  0.5062E-02  0.6789E-02  0.4644E-02  0.4978E-02  0.8456E-02  0.6944E-02  0.4644E-02  0.5446E-02  0.4561E-02 -0.8516E-02 -0.1304E-01 -0.8978E-02 -0.8516E-02 -0.1108E-01 -0.8323E-02 -0.8451E-02 -0.1304E-01 -0.1092E-01 -0.8323E-02 -0.9330E-02 -0.8130E-02 
