 ******************************************************************************
 *Comment for the material                                                     
 ******************************************************************************
 EVOLUTION OF SAMPLE STRESS RATE, STRESS (and devs)
 STRSS - STRDEV - STSS - STDEV (6 components each):
 ******************************************************************************
    0.000D+00 -0.708D-02 -0.192D-01  0.251D-18  0.859D-19 -0.395D-18  0.0724 0.0540 0.0788 0.0569 0.0700 0.0501   0.000D+00 -0.708D-02 -0.192D-01  0.251D-18  0.859D-19 -0.395D-18  0.0724 0.0540 0.0788 0.0569 0.0700 0.0501
    0.000D+00 -0.708D-02 -0.192D-01  0.234D-18  0.181D-18 -0.529D-18  0.0724 0.0540 0.0789 0.0569 0.0701 0.0501   0.000D+00 -0.142D-01 -0.384D-01  0.485D-18  0.267D-18 -0.923D-18  0.0724 0.0540 0.0789 0.0569 0.0701 0.0501
    0.000D+00 -0.708D-02 -0.192D-01  0.126D-18  0.133D-18 -0.370D-18  0.0725 0.0540 0.0789 0.0569 0.0701 0.0501   0.000D+00 -0.212D-01 -0.577D-01  0.611D-18  0.401D-18 -0.129D-17  0.0724 0.0540 0.0789 0.0569 0.0701 0.0501
    0.000D+00 -0.708D-02 -0.192D-01  0.696D-19  0.506D-19 -0.361D-18  0.0725 0.0540 0.0789 0.0569 0.0701 0.0501   0.000D+00 -0.283D-01 -0.769D-01  0.681D-18  0.451D-18 -0.165D-17  0.0724 0.0540 0.0789 0.0569 0.0701 0.0501
    0.000D+00 -0.708D-02 -0.192D-01 -0.142D-19  0.814D-19 -0.969D-19  0.0725 0.0540 0.0789 0.0569 0.0701 0.0501   0.000D+00 -0.354D-01 -0.961D-01  0.666D-18  0.533D-18 -0.175D-17  0.0724 0.0540 0.0789 0.0569 0.0701 0.0501
    0.000D+00 -0.709D-02 -0.192D-01 -0.156D-19  0.135D-19 -0.461D-18  0.0725 0.0540 0.0789 0.0569 0.0701 0.0501   0.000D+00 -0.425D-01 -0.115D+00  0.651D-18  0.546D-18 -0.221D-17  0.0725 0.0540 0.0789 0.0569 0.0701 0.0501
    0.000D+00 -0.709D-02 -0.192D-01  0.101D-18  0.957D-19 -0.301D-18  0.0725 0.0540 0.0789 0.0569 0.0701 0.0501   0.000D+00 -0.496D-01 -0.135D+00  0.752D-18  0.642D-18 -0.251D-17  0.0725 0.0540 0.0789 0.0569 0.0701 0.0501
    0.000D+00 -0.709D-02 -0.192D-01  0.182D-18  0.502D-19 -0.438D-18  0.0725 0.0540 0.0789 0.0569 0.0701 0.0501   0.000D+00 -0.567D-01 -0.154D+00  0.934D-18  0.692D-18 -0.295D-17  0.0725 0.0540 0.0789 0.0569 0.0701 0.0501
    0.000D+00 -0.709D-02 -0.192D-01  0.140D-18 -0.390D-19 -0.201D-18  0.0725 0.0540 0.0789 0.0569 0.0701 0.0501   0.000D+00 -0.638D-01 -0.173D+00  0.107D-17  0.653D-18 -0.315D-17  0.0725 0.0540 0.0789 0.0569 0.0701 0.0501
    0.000D+00 -0.709D-02 -0.192D-01  0.293D-18  0.677D-19 -0.293D-18  0.0725 0.0540 0.0789 0.0569 0.0701 0.0501   0.000D+00 -0.708D-01 -0.192D+00  0.137D-17  0.721D-18 -0.345D-17  0.0725 0.0540 0.0789 0.0569 0.0701 0.0501
    0.000D+00 -0.709D-02 -0.192D-01  0.304D-18  0.796D-19 -0.248D-18  0.0725 0.0540 0.0789 0.0569 0.0701 0.0501   0.000D+00 -0.779D-01 -0.212D+00  0.167D-17  0.800D-18 -0.369D-17  0.0725 0.0540 0.0789 0.0569 0.0701 0.0501
    0.000D+00 -0.709D-02 -0.192D-01  0.361D-18  0.684D-19 -0.174D-18  0.0725 0.0540 0.0789 0.0569 0.0701 0.0501   0.000D+00 -0.850D-01 -0.231D+00  0.203D-17  0.869D-18 -0.387D-17  0.0725 0.0540 0.0789 0.0569 0.0701 0.0501
    0.000D+00 -0.709D-02 -0.192D-01  0.242D-18  0.553D-19 -0.162D-19  0.0725 0.0540 0.0789 0.0569 0.0701 0.0501   0.000D+00 -0.921D-01 -0.250D+00  0.227D-17  0.924D-18 -0.388D-17  0.0725 0.0540 0.0789 0.0569 0.0701 0.0501
    0.000D+00 -0.709D-02 -0.192D-01  0.209D-18  0.393D-19 -0.117D-18  0.0725 0.0540 0.0789 0.0569 0.0701 0.0501   0.000D+00 -0.992D-01 -0.269D+00  0.248D-17  0.963D-18 -0.400D-17  0.0725 0.0540 0.0789 0.0569 0.0701 0.0501
    0.000D+00 -0.709D-02 -0.192D-01  0.452D-18  0.680D-19 -0.105D-18  0.0725 0.0540 0.0789 0.0569 0.0701 0.0501   0.000D+00 -0.106D+00 -0.288D+00  0.294D-17  0.103D-17 -0.411D-17  0.0725 0.0540 0.0789 0.0569 0.0701 0.0501
    0.000D+00 -0.709D-02 -0.192D-01  0.103D-18  0.757D-19 -0.225D-18  0.0725 0.0540 0.0789 0.0569 0.0701 0.0501   0.000D+00 -0.113D+00 -0.308D+00  0.304D-17  0.111D-17 -0.433D-17  0.0725 0.0540 0.0789 0.0569 0.0701 0.0501
    0.000D+00 -0.709D-02 -0.192D-01  0.116D-18  0.200D-18 -0.327D-18  0.0725 0.0540 0.0789 0.0569 0.0701 0.0501   0.000D+00 -0.120D+00 -0.327D+00  0.315D-17  0.131D-17 -0.466D-17  0.0725 0.0540 0.0789 0.0569 0.0701 0.0501
    0.000D+00 -0.709D-02 -0.192D-01  0.221D-18  0.101D-18 -0.387D-18  0.0725 0.0540 0.0789 0.0569 0.0701 0.0501   0.000D+00 -0.128D+00 -0.346D+00  0.338D-17  0.141D-17 -0.504D-17  0.0725 0.0540 0.0789 0.0569 0.0701 0.0501
    0.000D+00 -0.709D-02 -0.192D-01  0.235D-18  0.785D-19 -0.176D-18  0.0725 0.0540 0.0789 0.0569 0.0701 0.0501   0.000D+00 -0.135D+00 -0.365D+00  0.361D-17  0.149D-17 -0.522D-17  0.0725 0.0540 0.0789 0.0569 0.0701 0.0501
    0.000D+00 -0.709D-02 -0.192D-01  0.431D-19  0.107D-18 -0.813D-19  0.0725 0.0540 0.0789 0.0569 0.0701 0.0501   0.000D+00 -0.142D+00 -0.385D+00  0.365D-17  0.159D-17 -0.530D-17  0.0725 0.0540 0.0789 0.0569 0.0701 0.0501
    0.000D+00 -0.709D-02 -0.192D-01 -0.146D-18  0.422D-19 -0.154D-18  0.0725 0.0540 0.0789 0.0569 0.0701 0.0501   0.000D+00 -0.149D+00 -0.404D+00  0.351D-17  0.164D-17 -0.545D-17  0.0725 0.0540 0.0789 0.0569 0.0701 0.0501
    0.000D+00 -0.709D-02 -0.192D-01  0.581D-19  0.930D-19 -0.186D-18  0.0725 0.0540 0.0789 0.0569 0.0701 0.0501   0.000D+00 -0.156D+00 -0.423D+00  0.357D-17  0.173D-17 -0.564D-17  0.0725 0.0540 0.0789 0.0569 0.0701 0.0501
    0.000D+00 -0.709D-02 -0.192D-01  0.190D-19  0.143D-18 -0.221D-18  0.0725 0.0540 0.0789 0.0569 0.0701 0.0501   0.000D+00 -0.163D+00 -0.442D+00  0.358D-17  0.187D-17 -0.586D-17  0.0725 0.0540 0.0789 0.0569 0.0701 0.0501
    0.000D+00 -0.709D-02 -0.192D-01  0.124D-18  0.851D-19 -0.153D-19  0.0725 0.0540 0.0789 0.0569 0.0701 0.0501   0.000D+00 -0.170D+00 -0.462D+00  0.371D-17  0.196D-17 -0.588D-17  0.0725 0.0540 0.0789 0.0569 0.0701 0.0501
    0.000D+00 -0.709D-02 -0.192D-01  0.492D-19  0.123D-18 -0.164D-18  0.0725 0.0540 0.0789 0.0569 0.0701 0.0501   0.000D+00 -0.177D+00 -0.481D+00  0.376D-17  0.208D-17 -0.604D-17  0.0725 0.0540 0.0789 0.0569 0.0701 0.0501
    0.000D+00 -0.709D-02 -0.192D-01 -0.590D-19  0.129D-18 -0.849D-19  0.0725 0.0540 0.0789 0.0569 0.0701 0.0501   0.000D+00 -0.184D+00 -0.500D+00  0.370D-17  0.221D-17 -0.613D-17  0.0725 0.0540 0.0789 0.0569 0.0701 0.0501
    0.000D+00 -0.709D-02 -0.192D-01 -0.136D-18  0.606D-19 -0.276D-20  0.0982 0.0546 0.1013 0.0580 0.0712 0.0514   0.000D+00 -0.191D+00 -0.519D+00  0.356D-17  0.227D-17 -0.613D-17  0.0725 0.0540 0.0789 0.0570 0.0701 0.0501
    0.000D+00 -0.643D-02 -0.174D-01  0.956D-19  0.156D-19  0.109D-18  0.1653 0.0588 0.1659 0.0632 0.0806 0.0629   0.000D+00 -0.198D+00 -0.537D+00  0.366D-17  0.228D-17 -0.602D-17  0.0729 0.0542 0.0789 0.0571 0.0703 0.0503
    0.000D+00 -0.574D-02 -0.154D-01 -0.471D-19  0.555D-19  0.537D-18  0.2063 0.0642 0.2045 0.0723 0.0932 0.0755   0.000D+00 -0.203D+00 -0.552D+00  0.361D-17  0.234D-17 -0.548D-17  0.0738 0.0544 0.0792 0.0572 0.0707 0.0505
    0.000D+00 -0.493D-02 -0.130D-01  0.532D-19  0.457D-19  0.386D-18  0.2577 0.0720 0.2541 0.0891 0.1180 0.1000   0.000D+00 -0.208D+00 -0.565D+00  0.366D-17  0.239D-17 -0.510D-17  0.0751 0.0546 0.0797 0.0573 0.0713 0.0509
    0.000D+00 -0.424D-02 -0.109D-01  0.117D-18  0.832D-19  0.525D-18  0.2920 0.0827 0.2880 0.1072 0.1420 0.1270   0.000D+00 -0.213D+00 -0.576D+00  0.378D-17  0.247D-17 -0.457D-17  0.0768 0.0549 0.0806 0.0575 0.0720 0.0514
    0.000D+00 -0.376D-02 -0.925D-02  0.409D-20  0.223D-18  0.749D-18  0.3136 0.0988 0.3080 0.1281 0.1658 0.1544   0.000D+00 -0.216D+00 -0.585D+00  0.379D-17  0.269D-17 -0.382D-17  0.0785 0.0552 0.0814 0.0577 0.0728 0.0521
    0.000D+00 -0.365D-02 -0.886D-02 -0.657D-19  0.267D-18  0.785D-18  0.3141 0.1083 0.3062 0.1431 0.1790 0.1737   0.000D+00 -0.220D+00 -0.594D+00  0.372D-17  0.296D-17 -0.304D-17  0.0801 0.0555 0.0823 0.0579 0.0737 0.0528
    0.000D+00 -0.311D-02 -0.708D-02  0.460D-18  0.108D-18  0.724D-18  0.3371 0.1334 0.3252 0.1767 0.2083 0.2056   0.000D+00 -0.223D+00 -0.601D+00  0.418D-17  0.307D-17 -0.231D-17  0.0817 0.0559 0.0832 0.0581 0.0747 0.0537
    0.000D+00 -0.301D-02 -0.676D-02  0.404D-18  0.227D-18  0.356D-18  0.3268 0.1488 0.3140 0.1991 0.2261 0.2247   0.000D+00 -0.226D+00 -0.608D+00  0.458D-17  0.329D-17 -0.196D-17  0.0832 0.0562 0.0841 0.0584 0.0758 0.0546
    0.000D+00 -0.272D-02 -0.601D-02  0.248D-18  0.210D-18  0.303D-18  0.3292 0.1682 0.3098 0.2192 0.2472 0.2521   0.000D+00 -0.229D+00 -0.614D+00  0.483D-17  0.350D-17 -0.166D-17  0.0846 0.0566 0.0850 0.0587 0.0768 0.0556
    0.000D+00 -0.259D-02 -0.538D-02  0.555D-18  0.137D-18  0.652D-18  0.3330 0.1875 0.3088 0.2415 0.2630 0.2690   0.000D+00 -0.231D+00 -0.619D+00  0.539D-17  0.364D-17 -0.100D-17  0.0859 0.0570 0.0859 0.0590 0.0779 0.0565
    0.000D+00 -0.243D-02 -0.486D-02  0.259D-18  0.507D-20  0.855D-18  0.3297 0.2114 0.2986 0.2594 0.2828 0.2843   0.000D+00 -0.234D+00 -0.624D+00  0.564D-17  0.364D-17 -0.149D-18  0.0871 0.0574 0.0865 0.0593 0.0790 0.0575
    0.000D+00 -0.227D-02 -0.438D-02  0.126D-18  0.224D-18  0.120D-17  0.3345 0.2295 0.2965 0.2768 0.2936 0.3005   0.000D+00 -0.236D+00 -0.629D+00  0.577D-17  0.387D-17  0.105D-17  0.0881 0.0579 0.0871 0.0597 0.0801 0.0585
    0.000D+00 -0.216D-02 -0.400D-02  0.727D-19  0.174D-18  0.790D-18  0.3362 0.2409 0.2903 0.2913 0.3098 0.3147   0.000D+00 -0.238D+00 -0.633D+00  0.584D-17  0.404D-17  0.184D-17  0.0889 0.0584 0.0875 0.0601 0.0811 0.0595
    0.000D+00 -0.207D-02 -0.362D-02  0.548D-19  0.239D-18  0.654D-18  0.3382 0.2522 0.2773 0.3081 0.3241 0.3340   0.000D+00 -0.240D+00 -0.636D+00  0.590D-17  0.428D-17  0.250D-17  0.0897 0.0589 0.0879 0.0606 0.0822 0.0605
    0.000D+00 -0.202D-02 -0.330D-02  0.261D-19  0.136D-18  0.601D-18  0.3466 0.2581 0.2791 0.3191 0.3320 0.3444   0.000D+00 -0.242D+00 -0.639D+00  0.592D-17  0.442D-17  0.310D-17  0.0905 0.0593 0.0882 0.0610 0.0832 0.0615
    0.000D+00 -0.195D-02 -0.304D-02  0.304D-18  0.251D-18  0.688D-18  0.3540 0.2655 0.2797 0.3312 0.3365 0.3541   0.000D+00 -0.244D+00 -0.642D+00  0.623D-17  0.467D-17  0.379D-17  0.0911 0.0598 0.0884 0.0614 0.0841 0.0624
    0.000D+00 -0.185D-02 -0.278D-02 -0.650D-19  0.184D-18  0.990D-18  0.3606 0.2723 0.2783 0.3433 0.3505 0.3671   0.000D+00 -0.246D+00 -0.645D+00  0.616D-17  0.485D-17  0.478D-17  0.0917 0.0603 0.0886 0.0619 0.0850 0.0633
    0.000D+00 -0.180D-02 -0.258D-02 -0.459D-19  0.198D-18  0.861D-18  0.3599 0.2795 0.2788 0.3569 0.3537 0.3739   0.000D+00 -0.248D+00 -0.648D+00  0.612D-17  0.505D-17  0.564D-17  0.0922 0.0607 0.0888 0.0624 0.0859 0.0643
    0.000D+00 -0.171D-02 -0.241D-02 -0.108D-18  0.977D-19  0.296D-18  0.3592 0.2856 0.2804 0.3680 0.3657 0.3855   0.000D+00 -0.250D+00 -0.650D+00  0.601D-17  0.515D-17  0.594D-17  0.0927 0.0611 0.0889 0.0628 0.0868 0.0651
    0.000D+00 -0.161D-02 -0.227D-02  0.107D-18  0.116D-18  0.661D-18  0.3627 0.2894 0.2815 0.3797 0.3741 0.3971   0.000D+00 -0.251D+00 -0.653D+00  0.612D-17  0.526D-17  0.660D-17  0.0931 0.0615 0.0890 0.0633 0.0877 0.0660
    0.000D+00 -0.155D-02 -0.212D-02 -0.155D-18  0.214D-18  0.776D-18  0.3543 0.2952 0.2738 0.3934 0.3854 0.4123   0.000D+00 -0.253D+00 -0.655D+00  0.596D-17  0.548D-17  0.737D-17  0.0934 0.0618 0.0890 0.0638 0.0885 0.0669
    0.000D+00 -0.143D-02 -0.194D-02  0.176D-18  0.237D-18  0.286D-18  0.3633 0.3073 0.2772 0.4098 0.4035 0.4279   0.000D+00 -0.254D+00 -0.657D+00  0.614D-17  0.572D-17  0.766D-17  0.0936 0.0622 0.0891 0.0642 0.0893 0.0677
    0.000D+00 -0.137D-02 -0.183D-02  0.106D-18  0.148D-18  0.594D-18  0.3591 0.3083 0.2770 0.4233 0.4149 0.4411   0.000D+00 -0.256D+00 -0.658D+00  0.624D-17  0.586D-17  0.825D-17  0.0939 0.0625 0.0891 0.0647 0.0901 0.0685
    0.000D+00 -0.130D-02 -0.172D-02  0.140D-18  0.179D-18  0.723D-18  0.3593 0.3120 0.2775 0.4345 0.4262 0.4533   0.000D+00 -0.257D+00 -0.660D+00  0.638D-17  0.604D-17  0.898D-17  0.0941 0.0628 0.0891 0.0651 0.0909 0.0693
    0.000D+00 -0.125D-02 -0.165D-02  0.438D-18  0.206D-18  0.627D-18  0.3541 0.3169 0.2787 0.4486 0.4328 0.4594   0.000D+00 -0.258D+00 -0.662D+00  0.682D-17  0.625D-17  0.960D-17  0.0943 0.0630 0.0891 0.0655 0.0917 0.0700
    0.000D+00 -0.118D-02 -0.154D-02  0.385D-19  0.244D-18  0.671D-18  0.3628 0.3278 0.2842 0.4589 0.4439 0.4718   0.000D+00 -0.259D+00 -0.663D+00  0.686D-17  0.649D-17  0.103D-16  0.0945 0.0633 0.0891 0.0660 0.0924 0.0708
    0.000D+00 -0.114D-02 -0.147D-02  0.128D-18  0.270D-18  0.820D-18  0.3556 0.3332 0.2815 0.4697 0.4545 0.4779   0.000D+00 -0.261D+00 -0.665D+00  0.699D-17  0.676D-17  0.111D-16  0.0947 0.0636 0.0891 0.0664 0.0932 0.0715
    0.000D+00 -0.109D-02 -0.139D-02  0.215D-18  0.142D-18  0.566D-18  0.3479 0.3372 0.2817 0.4902 0.4664 0.4870   0.000D+00 -0.262D+00 -0.666D+00  0.720D-17  0.690D-17  0.117D-16  0.0948 0.0638 0.0891 0.0668 0.0939 0.0722
    0.000D+00 -0.102D-02 -0.132D-02  0.712D-19  0.205D-18  0.701D-18  0.3347 0.3446 0.2792 0.5096 0.4791 0.5024   0.000D+00 -0.263D+00 -0.668D+00  0.727D-17  0.711D-17  0.124D-16  0.0949 0.0640 0.0891 0.0672 0.0946 0.0729
    0.000D+00 -0.964D-03 -0.125D-02  0.396D-18  0.217D-18  0.251D-18  0.3345 0.3558 0.2809 0.5237 0.4920 0.5139   0.000D+00 -0.264D+00 -0.669D+00  0.767D-17  0.733D-17  0.126D-16  0.0949 0.0642 0.0890 0.0676 0.0953 0.0735
    0.000D+00 -0.919D-03 -0.119D-02  0.130D-06 -0.114D-06  0.310D-06  0.3437 0.3636 0.2850 0.5305 0.4968 0.5238   0.000D+00 -0.265D+00 -0.670D+00  0.130D-06 -0.114D-06  0.310D-06  0.0950 0.0644 0.0890 0.0680 0.0959 0.0742
    0.000D+00 -0.895D-03 -0.113D-02  0.194D-07  0.275D-07  0.128D-06  0.3378 0.3677 0.2808 0.5420 0.5031 0.5260   0.000D+00 -0.265D+00 -0.671D+00  0.149D-06 -0.863D-07  0.437D-06  0.0950 0.0646 0.0890 0.0684 0.0966 0.0748
    0.000D+00 -0.854D-03 -0.105D-02 -0.585D-08  0.714D-07  0.590D-07  0.3369 0.3766 0.2810 0.5545 0.5143 0.5382   0.000D+00 -0.266D+00 -0.672D+00  0.143D-06 -0.149D-07  0.496D-06  0.0951 0.0647 0.0889 0.0688 0.0972 0.0754
    0.000D+00 -0.827D-03 -0.101D-02  0.626D-07  0.386D-07  0.133D-06  0.3328 0.3835 0.2806 0.5665 0.5179 0.5405   0.000D+00 -0.267D+00 -0.673D+00  0.206D-06  0.236D-07  0.630D-06  0.0951 0.0649 0.0889 0.0692 0.0978 0.0760
    0.000D+00 -0.796D-03 -0.963D-03  0.790D-07  0.297D-07  0.169D-06  0.3368 0.3907 0.2845 0.5734 0.5226 0.5463   0.000D+00 -0.268D+00 -0.674D+00  0.285D-06  0.534D-07  0.799D-06  0.0951 0.0650 0.0888 0.0696 0.0983 0.0765
    0.000D+00 -0.777D-03 -0.928D-03  0.822D-07  0.270D-07  0.186D-06  0.3316 0.3898 0.2877 0.5853 0.5296 0.5527   0.000D+00 -0.269D+00 -0.675D+00  0.367D-06  0.803D-07  0.985D-06  0.0952 0.0652 0.0888 0.0700 0.0989 0.0771
    0.000D+00 -0.731D-03 -0.890D-03 -0.192D-07  0.253D-06 -0.163D-06  0.3370 0.3990 0.2960 0.6014 0.5373 0.5649   0.000D+00 -0.269D+00 -0.676D+00  0.348D-06  0.333D-06  0.822D-06  0.0952 0.0653 0.0888 0.0704 0.0994 0.0776
    0.000D+00 -0.697D-03 -0.858D-03 -0.660D-06  0.679D-07 -0.506D-06  0.3374 0.4045 0.2945 0.6084 0.5434 0.5727   0.000D+00 -0.270D+00 -0.677D+00 -0.312D-06  0.401D-06  0.316D-06  0.0952 0.0654 0.0887 0.0707 0.1000 0.0781
    0.000D+00 -0.673D-03 -0.818D-03 -0.171D-06  0.486D-07 -0.184D-06  0.3412 0.4158 0.2968 0.6172 0.5489 0.5755   0.000D+00 -0.271D+00 -0.678D+00 -0.483D-06  0.450D-06  0.132D-06  0.0952 0.0656 0.0887 0.0711 0.1005 0.0786
    0.000D+00 -0.665D-03 -0.791D-03 -0.454D-07  0.126D-06 -0.364D-07  0.3345 0.4169 0.2933 0.6238 0.5514 0.5754   0.000D+00 -0.271D+00 -0.678D+00 -0.529D-06  0.576D-06  0.953D-07  0.0952 0.0657 0.0887 0.0715 0.1010 0.0791
    0.000D+00 -0.646D-03 -0.763D-03 -0.143D-07  0.145D-06 -0.344D-08  0.3344 0.4183 0.2951 0.6287 0.5579 0.5829   0.000D+00 -0.272D+00 -0.679D+00 -0.543D-06  0.721D-06  0.919D-07  0.0952 0.0658 0.0886 0.0719 0.1014 0.0796
    0.000D+00 -0.614D-03 -0.728D-03 -0.684D-08  0.375D-07  0.336D-08  0.3402 0.4296 0.2976 0.6405 0.5640 0.5921   0.000D+00 -0.273D+00 -0.680D+00 -0.550D-06  0.759D-06  0.952D-07  0.0952 0.0659 0.0886 0.0722 0.1019 0.0800
    0.000D+00 -0.594D-03 -0.693D-03  0.543D-06  0.857D-07 -0.376D-07  0.3415 0.4346 0.2987 0.6511 0.5669 0.6001   0.000D+00 -0.273D+00 -0.681D+00 -0.624D-08  0.844D-06  0.576D-07  0.0952 0.0660 0.0886 0.0725 0.1023 0.0805
    0.000D+00 -0.581D-03 -0.669D-03  0.871D-06 -0.353D-06  0.179D-06  0.3402 0.4421 0.3007 0.6544 0.5716 0.6020   0.000D+00 -0.274D+00 -0.681D+00  0.864D-06  0.491D-06  0.236D-06  0.0952 0.0661 0.0885 0.0729 0.1028 0.0809
    0.000D+00 -0.556D-03 -0.642D-03  0.186D-06 -0.221D-06 -0.738D-08  0.3394 0.4523 0.3011 0.6677 0.5837 0.6036   0.000D+00 -0.274D+00 -0.682D+00  0.105D-05  0.270D-06  0.229D-06  0.0952 0.0662 0.0885 0.0732 0.1032 0.0813
    0.000D+00 -0.523D-03 -0.609D-03 -0.677D-08 -0.444D-06 -0.200D-06  0.3301 0.4610 0.3021 0.6880 0.6020 0.6165   0.000D+00 -0.275D+00 -0.682D+00  0.104D-05 -0.174D-06  0.288D-07  0.0952 0.0663 0.0885 0.0735 0.1036 0.0817
    0.000D+00 -0.489D-03 -0.576D-03 -0.132D-07 -0.239D-06 -0.970D-07  0.3347 0.4797 0.3058 0.6998 0.6194 0.6330   0.000D+00 -0.275D+00 -0.683D+00  0.103D-05 -0.413D-06 -0.682D-07  0.0952 0.0664 0.0884 0.0738 0.1040 0.0820
    0.000D+00 -0.467D-03 -0.554D-03 -0.208D-06  0.321D-06 -0.102D-06  0.3374 0.4910 0.3070 0.7030 0.6285 0.6414   0.000D+00 -0.276D+00 -0.684D+00  0.822D-06 -0.916D-07 -0.170D-06  0.0952 0.0664 0.0884 0.0741 0.1044 0.0824
    0.000D+00 -0.454D-03 -0.536D-03 -0.244D-06  0.457D-06 -0.991D-07  0.3420 0.4968 0.3095 0.7108 0.6247 0.6512   0.000D+00 -0.276D+00 -0.684D+00  0.578D-06  0.366D-06 -0.269D-06  0.0952 0.0665 0.0884 0.0744 0.1047 0.0827
    0.000D+00 -0.441D-03 -0.522D-03 -0.426D-06 -0.462D-06  0.539D-07  0.3417 0.5079 0.3088 0.7075 0.6264 0.6597   0.000D+00 -0.277D+00 -0.685D+00  0.152D-06 -0.959D-07 -0.215D-06  0.0952 0.0666 0.0884 0.0747 0.1051 0.0831
    0.000D+00 -0.424D-03 -0.500D-03 -0.357D-06 -0.716D-06  0.220D-06  0.3477 0.5178 0.3147 0.7204 0.6260 0.6729   0.000D+00 -0.277D+00 -0.685D+00 -0.205D-06 -0.811D-06  0.486D-08  0.0952 0.0667 0.0884 0.0750 0.1054 0.0834
    0.000D+00 -0.411D-03 -0.484D-03 -0.330D-06 -0.907D-06  0.183D-06  0.3507 0.5224 0.3182 0.7209 0.6300 0.6793   0.000D+00 -0.278D+00 -0.686D+00 -0.535D-06 -0.172D-05  0.188D-06  0.0952 0.0668 0.0883 0.0752 0.1057 0.0838
    0.000D+00 -0.400D-03 -0.469D-03 -0.527D-08 -0.454D-06  0.145D-06  0.3506 0.5242 0.3168 0.7287 0.6315 0.6842   0.000D+00 -0.278D+00 -0.686D+00 -0.540D-06 -0.217D-05  0.333D-06  0.0952 0.0668 0.0883 0.0755 0.1061 0.0841
    0.000D+00 -0.391D-03 -0.459D-03  0.376D-07 -0.368D-06  0.189D-06  0.3466 0.5233 0.3117 0.7265 0.6319 0.6871   0.000D+00 -0.278D+00 -0.687D+00 -0.502D-06 -0.254D-05  0.522D-06  0.0952 0.0669 0.0883 0.0758 0.1064 0.0845
