 ******************************************************************************
 *Comment for the material                                                     
 ******************************************************************************
 FILE FOR GRAINS STATE AND PLASTIC ACTIVITY
 ******************************************************************************
 ******** SAMPLE data - File: TEXTURE_1.tex                           *********
 ******************************************************************************
 AXES OF THE REPRESENTATIVE ELLIPSOID                                          
 DISCRETE TEXTURE FROM ODF FILE  rand.sod                                      
 B 2916    0
 Texture coefficients for crystal axis 3:
   Second order:      0.33417     0.33417     0.33165
   Fourth order:      0.20051     0.20051     0.19799
 
 ******************************************************************************
 ******************************************************************************
 START THE PROCESS: PROCESS_1.pro                           
 STEP:   1  CONTROL VARIABLE:  0.00000D+00
 
 STATISTIC OF SLIP ACTIVITY:
 Average number of load_active systems:    0.0000
 No plastic activity
 Twinning volume fraction:
 There is not twinning activation.
 
 Total number of grains that plastify:     0
 ******************************************************************************
 STEP:   2  CONTROL VARIABLE: -0.28000D-03
 
 STATISTIC OF SLIP ACTIVITY:
 Average number of load_active systems:    0.0000
 No plastic activity
 Twinning volume fraction:
 There is not twinning activation.
 
 Total number of grains that plastify:     0
 ******************************************************************************
 STEP:   3  CONTROL VARIABLE: -0.56000D-03
 
 STATISTIC OF SLIP ACTIVITY:
 Average number of load_active systems:    0.0000
 No plastic activity
 Twinning volume fraction:
 There is not twinning activation.
 
 Total number of grains that plastify:     0
 ******************************************************************************
 STEP:   4  CONTROL VARIABLE: -0.84000D-03
 
 STATISTIC OF SLIP ACTIVITY:
 Average number of load_active systems:    0.0000
 No plastic activity
 Twinning volume fraction:
 There is not twinning activation.
 
 Total number of grains that plastify:     0
 ******************************************************************************
 STEP:   5  CONTROL VARIABLE: -0.11200D-02
 
 STATISTIC OF SLIP ACTIVITY:
 Average number of load_active systems:    0.0000
 No plastic activity
 Twinning volume fraction:
 There is not twinning activation.
 
 Total number of grains that plastify:     0
 ******************************************************************************
 STEP:   6  CONTROL VARIABLE: -0.14000D-02
 
 STATISTIC OF SLIP ACTIVITY:
 Average number of load_active systems:    0.0000
 No plastic activity
 Twinning volume fraction:
 There is not twinning activation.
 
 Total number of grains that plastify:     0
 ******************************************************************************
 STEP:   7  CONTROL VARIABLE: -0.16800D-02
 
 STATISTIC OF SLIP ACTIVITY:
 Average number of load_active systems:    0.0000
 No plastic activity
 Twinning volume fraction:
 There is not twinning activation.
 
 Total number of grains that plastify:     0
 ******************************************************************************
 STEP:   8  CONTROL VARIABLE: -0.19600D-02
 
 STATISTIC OF SLIP ACTIVITY:
 Average number of load_active systems:    0.0000
 No plastic activity
 Twinning volume fraction:
 There is not twinning activation.
 
 Total number of grains that plastify:     0
 ******************************************************************************
 STEP:   9  CONTROL VARIABLE: -0.22400D-02
 
 STATISTIC OF SLIP ACTIVITY:
 Average number of load_active systems:    0.0000
 No plastic activity
 Twinning volume fraction:
 There is not twinning activation.
 
 Total number of grains that plastify:     0
 ******************************************************************************
 STEP:  10  CONTROL VARIABLE: -0.25200D-02
 
 STATISTIC OF SLIP ACTIVITY:
 Average number of load_active systems:    0.0000
 No plastic activity
 Twinning volume fraction:
 There is not twinning activation.
 
 Total number of grains that plastify:     0
 ******************************************************************************
 STEP:  11  CONTROL VARIABLE: -0.28000D-02
 
 STATISTIC OF SLIP ACTIVITY:
 Average number of load_active systems:    0.0000
 No plastic activity
 Twinning volume fraction:
 There is not twinning activation.
 
 Total number of grains that plastify:     0
 ******************************************************************************
 STEP:  12  CONTROL VARIABLE: -0.30800D-02
 
 STATISTIC OF SLIP ACTIVITY:
 Average number of load_active systems:    0.0000
 No plastic activity
 Twinning volume fraction:
 There is not twinning activation.
 
 Total number of grains that plastify:     0
 ******************************************************************************
 STEP:  13  CONTROL VARIABLE: -0.33600D-02
 
 STATISTIC OF SLIP ACTIVITY:
 Average number of load_active systems:    0.0000
 No plastic activity
 Twinning volume fraction:
 There is not twinning activation.
 
 Total number of grains that plastify:     0
 ******************************************************************************
 STEP:  14  CONTROL VARIABLE: -0.36400D-02
 
 STATISTIC OF SLIP ACTIVITY:
 Average number of load_active systems:    0.0000
 No plastic activity
 Twinning volume fraction:
 There is not twinning activation.
 
 Total number of grains that plastify:     0
 ******************************************************************************
 STEP:  15  CONTROL VARIABLE: -0.39200D-02
 
 STATISTIC OF SLIP ACTIVITY:
 Average number of load_active systems:    0.0000
 No plastic activity
 Twinning volume fraction:
 There is not twinning activation.
 
 Total number of grains that plastify:     0
 ******************************************************************************
 STEP:  16  CONTROL VARIABLE: -0.42000D-02
 
 STATISTIC OF SLIP ACTIVITY:
 Average number of load_active systems:    0.0000
 No plastic activity
 Twinning volume fraction:
 There is not twinning activation.
 
 Total number of grains that plastify:     0
 ******************************************************************************
 STEP:  17  CONTROL VARIABLE: -0.44800D-02
 
 STATISTIC OF SLIP ACTIVITY:
 Average number of load_active systems:    0.0000
 No plastic activity
 Twinning volume fraction:
 There is not twinning activation.
 
 Total number of grains that plastify:     0
 ******************************************************************************
 STEP:  18  CONTROL VARIABLE: -0.47600D-02
 
 STATISTIC OF SLIP ACTIVITY:
 Average number of load_active systems:    0.0000
 No plastic activity
 Twinning volume fraction:
 There is not twinning activation.
 
 Total number of grains that plastify:     0
 ******************************************************************************
 STEP:  19  CONTROL VARIABLE: -0.50400D-02
 
 STATISTIC OF SLIP ACTIVITY:
 Average number of load_active systems:    0.0000
 No plastic activity
 Twinning volume fraction:
 There is not twinning activation.
 
 Total number of grains that plastify:     0
 ******************************************************************************
 STEP:  20  CONTROL VARIABLE: -0.53200D-02
 
 STATISTIC OF SLIP ACTIVITY:
 Average number of load_active systems:    0.0000
 No plastic activity
 Twinning volume fraction:
 There is not twinning activation.
 
 Total number of grains that plastify:     0
 ******************************************************************************
 STEP:  21  CONTROL VARIABLE: -0.56000D-02
 
 STATISTIC OF SLIP ACTIVITY:
 Average number of load_active systems:    0.0000
 No plastic activity
 Twinning volume fraction:
 There is not twinning activation.
 
 Total number of grains that plastify:     0
 ******************************************************************************
 STEP:  22  CONTROL VARIABLE: -0.58800D-02
 
 STATISTIC OF SLIP ACTIVITY:
 Average number of load_active systems:    0.0000
 No plastic activity
 Twinning volume fraction:
 There is not twinning activation.
 
 Total number of grains that plastify:     0
 ******************************************************************************
 STEP:  23  CONTROL VARIABLE: -0.61600D-02
 
 STATISTIC OF SLIP ACTIVITY:
 Average number of load_active systems:    0.0000
 No plastic activity
 Twinning volume fraction:
 There is not twinning activation.
 
 Total number of grains that plastify:     0
 ******************************************************************************
 STEP:  24  CONTROL VARIABLE: -0.64400D-02
 
 STATISTIC OF SLIP ACTIVITY:
 Average number of load_active systems:    0.0000
 No plastic activity
 Twinning volume fraction:
 There is not twinning activation.
 
 Total number of grains that plastify:     0
 ******************************************************************************
 STEP:  25  CONTROL VARIABLE: -0.67200D-02
 
 STATISTIC OF SLIP ACTIVITY:
 Average number of load_active systems:    0.0000
 No plastic activity
 Twinning volume fraction:
 There is not twinning activation.
 
 Total number of grains that plastify:     0
 ******************************************************************************
 STEP:  26  CONTROL VARIABLE: -0.70000D-02
 
 STATISTIC OF SLIP ACTIVITY:
 Average number of load_active systems:    0.0000
 No plastic activity
 Twinning volume fraction:
 There is not twinning activation.
 
 Total number of grains that plastify:     0
 ******************************************************************************
 STEP:  27  CONTROL VARIABLE: -0.72800D-02
 
 WARNING
 THERE WERE           12  GRAINS OUT OF THE SCYS
 
 STATISTIC OF SLIP ACTIVITY:
 Average number of load_active systems:    0.0247
 Fraction of total shear:
 Mode #:  1  Activity: 100.0000 %
 Twinning volume fraction:
 There is not twinning activation.
 
 Total number of grains that plastify:    60
 ******************************************************************************
 STEP:  28  CONTROL VARIABLE: -0.75600D-02
 
 WARNING
 THERE WERE          121  GRAINS OUT OF THE SCYS
 
 STATISTIC OF SLIP ACTIVITY:
 Average number of load_active systems:    0.1270
 Fraction of total shear:
 Mode #:  1  Activity: 100.0000 %
 Twinning volume fraction:
 There is not twinning activation.
 
 Total number of grains that plastify:   316
 ******************************************************************************
 STEP:  29  CONTROL VARIABLE: -0.78400D-02
 
 STATISTIC OF SLIP ACTIVITY:
 Average number of load_active systems:    0.2163
 Fraction of total shear:
 Mode #:  1  Activity: 100.0000 %
 Twinning volume fraction:
 There is not twinning activation.
 
 Total number of grains that plastify:   544
 ******************************************************************************
 STEP:  30  CONTROL VARIABLE: -0.81200D-02
 
 WARNING
 THERE WERE          191  GRAINS OUT OF THE SCYS
 
 STATISTIC OF SLIP ACTIVITY:
 Average number of load_active systems:    0.3588
 Fraction of total shear:
 Mode #:  1  Activity: 100.0000 %
 Twinning volume fraction:
 There is not twinning activation.
 
 Total number of grains that plastify:   916
 ******************************************************************************
 STEP:  31  CONTROL VARIABLE: -0.84000D-02
 
 STATISTIC OF SLIP ACTIVITY:
 Average number of load_active systems:    0.4717
 Fraction of total shear:
 Mode #:  1  Activity: 100.0000 %
 Twinning volume fraction:
 There is not twinning activation.
 
 Total number of grains that plastify:  1212
 ******************************************************************************
 STEP:  32  CONTROL VARIABLE: -0.86800D-02
 
 STATISTIC OF SLIP ACTIVITY:
 Average number of load_active systems:    0.5805
 Fraction of total shear:
 Mode #:  1  Activity: 100.0000 %
 Twinning volume fraction:
 There is not twinning activation.
 
 Total number of grains that plastify:  1480
 ******************************************************************************
 STEP:  33  CONTROL VARIABLE: -0.89600D-02
 
 STATISTIC OF SLIP ACTIVITY:
 Average number of load_active systems:    0.6655
 Fraction of total shear:
 Mode #:  1  Activity: 100.0000 %
 Twinning volume fraction:
 There is not twinning activation.
 
 Total number of grains that plastify:  1724
 ******************************************************************************
 STEP:  34  CONTROL VARIABLE: -0.92400D-02
 
 STATISTIC OF SLIP ACTIVITY:
 Average number of load_active systems:    0.7760
 Fraction of total shear:
 Mode #:  1  Activity: 100.0000 %
 Twinning volume fraction:
 There is not twinning activation.
 
 Total number of grains that plastify:  1992
 ******************************************************************************
 STEP:  35  CONTROL VARIABLE: -0.95200D-02
 
 STATISTIC OF SLIP ACTIVITY:
 Average number of load_active systems:    0.8764
 Fraction of total shear:
 Mode #:  1  Activity: 100.0000 %
 Twinning volume fraction:
 There is not twinning activation.
 
 Total number of grains that plastify:  2236
 ******************************************************************************
 STEP:  36  CONTROL VARIABLE: -0.98000D-02
 
 STATISTIC OF SLIP ACTIVITY:
 Average number of load_active systems:    0.9508
 Fraction of total shear:
 Mode #:  1  Activity: 100.0000 %
 Twinning volume fraction:
 There is not twinning activation.
 
 Total number of grains that plastify:  2384
 ******************************************************************************
 STEP:  37  CONTROL VARIABLE: -0.10080D-01
 
 STATISTIC OF SLIP ACTIVITY:
 Average number of load_active systems:    1.0200
 Fraction of total shear:
 Mode #:  1  Activity: 100.0000 %
 Twinning volume fraction:
 There is not twinning activation.
 
 Total number of grains that plastify:  2528
 ******************************************************************************
 STEP:  38  CONTROL VARIABLE: -0.10360D-01
 
 STATISTIC OF SLIP ACTIVITY:
 Average number of load_active systems:    1.0868
 Fraction of total shear:
 Mode #:  1  Activity: 100.0000 %
 Twinning volume fraction:
 There is not twinning activation.
 
 Total number of grains that plastify:  2640
 ******************************************************************************
 STEP:  39  CONTROL VARIABLE: -0.10640D-01
 
 STATISTIC OF SLIP ACTIVITY:
 Average number of load_active systems:    1.1504
 Fraction of total shear:
 Mode #:  1  Activity: 100.0000 %
 Twinning volume fraction:
 There is not twinning activation.
 
 Total number of grains that plastify:  2708
 ******************************************************************************
 STEP:  40  CONTROL VARIABLE: -0.10920D-01
 
 STATISTIC OF SLIP ACTIVITY:
 Average number of load_active systems:    1.2118
 Fraction of total shear:
 Mode #:  1  Activity: 100.0000 %
 Twinning volume fraction:
 There is not twinning activation.
 
 Total number of grains that plastify:  2760
 ******************************************************************************
 STEP:  41  CONTROL VARIABLE: -0.11200D-01
 
 STATISTIC OF SLIP ACTIVITY:
 Average number of load_active systems:    1.2718
 Fraction of total shear:
 Mode #:  1  Activity: 100.0000 %
 Twinning volume fraction:
 There is not twinning activation.
 
 Total number of grains that plastify:  2820
 ******************************************************************************
 STEP:  42  CONTROL VARIABLE: -0.11480D-01
 
 STATISTIC OF SLIP ACTIVITY:
 Average number of load_active systems:    1.3260
 Fraction of total shear:
 Mode #:  1  Activity: 100.0000 %
 Twinning volume fraction:
 There is not twinning activation.
 
 Total number of grains that plastify:  2844
 ******************************************************************************
 STEP:  43  CONTROL VARIABLE: -0.11760D-01
 
 STATISTIC OF SLIP ACTIVITY:
 Average number of load_active systems:    1.3889
 Fraction of total shear:
 Mode #:  1  Activity: 100.0000 %
 Twinning volume fraction:
 There is not twinning activation.
 
 Total number of grains that plastify:  2864
 ******************************************************************************
 STEP:  44  CONTROL VARIABLE: -0.12040D-01
 
 STATISTIC OF SLIP ACTIVITY:
 Average number of load_active systems:    1.4332
 Fraction of total shear:
 Mode #:  1  Activity: 100.0000 %
 Twinning volume fraction:
 There is not twinning activation.
 
 Total number of grains that plastify:  2880
 ******************************************************************************
 STEP:  45  CONTROL VARIABLE: -0.12320D-01
 
 STATISTIC OF SLIP ACTIVITY:
 Average number of load_active systems:    1.4804
 Fraction of total shear:
 Mode #:  1  Activity: 100.0000 %
 Twinning volume fraction:
 There is not twinning activation.
 
 Total number of grains that plastify:  2884
 ******************************************************************************
 STEP:  46  CONTROL VARIABLE: -0.12600D-01
 
 STATISTIC OF SLIP ACTIVITY:
 Average number of load_active systems:    1.5090
 Fraction of total shear:
 Mode #:  1  Activity: 100.0000 %
 Twinning volume fraction:
 There is not twinning activation.
 
 Total number of grains that plastify:  2884
 ******************************************************************************
 STEP:  47  CONTROL VARIABLE: -0.12880D-01
 
 STATISTIC OF SLIP ACTIVITY:
 Average number of load_active systems:    1.5523
 Fraction of total shear:
 Mode #:  1  Activity: 100.0000 %
 Twinning volume fraction:
 There is not twinning activation.
 
 Total number of grains that plastify:  2892
 ******************************************************************************
 STEP:  48  CONTROL VARIABLE: -0.13160D-01
 
 STATISTIC OF SLIP ACTIVITY:
 Average number of load_active systems:    1.6054
 Fraction of total shear:
 Mode #:  1  Activity: 100.0000 %
 Twinning volume fraction:
 There is not twinning activation.
 
 Total number of grains that plastify:  2908
 ******************************************************************************
 STEP:  49  CONTROL VARIABLE: -0.13440D-01
 
 STATISTIC OF SLIP ACTIVITY:
 Average number of load_active systems:    1.6372
 Fraction of total shear:
 Mode #:  1  Activity: 100.0000 %
 Twinning volume fraction:
 There is not twinning activation.
 
 Total number of grains that plastify:  2912
 ******************************************************************************
 STEP:  50  CONTROL VARIABLE: -0.13720D-01
 
 STATISTIC OF SLIP ACTIVITY:
 Average number of load_active systems:    1.6635
 Fraction of total shear:
 Mode #:  1  Activity: 100.0000 %
 Twinning volume fraction:
 There is not twinning activation.
 
 Total number of grains that plastify:  2912
 ******************************************************************************
 STEP:  51  CONTROL VARIABLE: -0.14000D-01
 
 STATISTIC OF SLIP ACTIVITY:
 Average number of load_active systems:    1.6825
 Fraction of total shear:
 Mode #:  1  Activity: 100.0000 %
 Twinning volume fraction:
 There is not twinning activation.
 
 Total number of grains that plastify:  2916
 ******************************************************************************
 STEP:  52  CONTROL VARIABLE: -0.14280D-01
 
 STATISTIC OF SLIP ACTIVITY:
 Average number of load_active systems:    1.7226
 Fraction of total shear:
 Mode #:  1  Activity: 100.0000 %
 Twinning volume fraction:
 There is not twinning activation.
 
 Total number of grains that plastify:  2916
 ******************************************************************************
 STEP:  53  CONTROL VARIABLE: -0.14560D-01
 
 STATISTIC OF SLIP ACTIVITY:
 Average number of load_active systems:    1.7541
 Fraction of total shear:
 Mode #:  1  Activity: 100.0000 %
 Twinning volume fraction:
 There is not twinning activation.
 
 Total number of grains that plastify:  2916
 ******************************************************************************
 STEP:  54  CONTROL VARIABLE: -0.14840D-01
 
 STATISTIC OF SLIP ACTIVITY:
 Average number of load_active systems:    1.7824
 Fraction of total shear:
 Mode #:  1  Activity: 100.0000 %
 Twinning volume fraction:
 There is not twinning activation.
 
 Total number of grains that plastify:  2916
 ******************************************************************************
 STEP:  55  CONTROL VARIABLE: -0.15120D-01
 
 STATISTIC OF SLIP ACTIVITY:
 Average number of load_active systems:    1.8031
 Fraction of total shear:
 Mode #:  1  Activity: 100.0000 %
 Twinning volume fraction:
 There is not twinning activation.
 
 Total number of grains that plastify:  2916
 ******************************************************************************
 STEP:  56  CONTROL VARIABLE: -0.15400D-01
 
 STATISTIC OF SLIP ACTIVITY:
 Average number of load_active systems:    1.8297
 Fraction of total shear:
 Mode #:  1  Activity: 100.0000 %
 Twinning volume fraction:
 There is not twinning activation.
 
 Total number of grains that plastify:  2916
 ******************************************************************************
 STEP:  57  CONTROL VARIABLE: -0.15680D-01
 
 STATISTIC OF SLIP ACTIVITY:
 Average number of load_active systems:    1.8623
 Fraction of total shear:
 Mode #:  1  Activity: 100.0000 %
 Twinning volume fraction:
 There is not twinning activation.
 
 Total number of grains that plastify:  2916
 ******************************************************************************
 STEP:  58  CONTROL VARIABLE: -0.15960D-01
 
 STATISTIC OF SLIP ACTIVITY:
 Average number of load_active systems:    1.9063
 Fraction of total shear:
 Mode #:  1  Activity: 100.0000 %
 Twinning volume fraction:
 There is not twinning activation.
 
 Total number of grains that plastify:  2916
 ******************************************************************************
 STEP:  59  CONTROL VARIABLE: -0.16240D-01
 
 STATISTIC OF SLIP ACTIVITY:
 Average number of load_active systems:    1.9364
 Fraction of total shear:
 Mode #:  1  Activity: 100.0000 %
 Twinning volume fraction:
 There is not twinning activation.
 
 Total number of grains that plastify:  2916
 ******************************************************************************
 STEP:  60  CONTROL VARIABLE: -0.16520D-01
 
 STATISTIC OF SLIP ACTIVITY:
 Average number of load_active systems:    1.9534
 Fraction of total shear:
 Mode #:  1  Activity: 100.0000 %
 Twinning volume fraction:
 There is not twinning activation.
 
 Total number of grains that plastify:  2916
 ******************************************************************************
 STEP:  61  CONTROL VARIABLE: -0.16800D-01
 
 STATISTIC OF SLIP ACTIVITY:
 Average number of load_active systems:    1.9689
 Fraction of total shear:
 Mode #:  1  Activity: 100.0000 %
 Twinning volume fraction:
 There is not twinning activation.
 
 Total number of grains that plastify:  2916
 ******************************************************************************
 STEP:  62  CONTROL VARIABLE: -0.17080D-01
 
 STATISTIC OF SLIP ACTIVITY:
 Average number of load_active systems:    1.9876
 Fraction of total shear:
 Mode #:  1  Activity: 100.0000 %
 Twinning volume fraction:
 There is not twinning activation.
 
 Total number of grains that plastify:  2916
 ******************************************************************************
 STEP:  63  CONTROL VARIABLE: -0.17360D-01
 
 STATISTIC OF SLIP ACTIVITY:
 Average number of load_active systems:    2.0145
 Fraction of total shear:
 Mode #:  1  Activity: 100.0000 %
 Twinning volume fraction:
 There is not twinning activation.
 
 Total number of grains that plastify:  2916
 ******************************************************************************
 STEP:  64  CONTROL VARIABLE: -0.17640D-01
 
 STATISTIC OF SLIP ACTIVITY:
 Average number of load_active systems:    2.0336
 Fraction of total shear:
 Mode #:  1  Activity: 100.0000 %
 Twinning volume fraction:
 There is not twinning activation.
 
 Total number of grains that plastify:  2916
 ******************************************************************************
 STEP:  65  CONTROL VARIABLE: -0.17920D-01
 
 STATISTIC OF SLIP ACTIVITY:
 Average number of load_active systems:    2.0579
 Fraction of total shear:
 Mode #:  1  Activity: 100.0000 %
 Twinning volume fraction:
 There is not twinning activation.
 
 Total number of grains that plastify:  2916
 ******************************************************************************
 STEP:  66  CONTROL VARIABLE: -0.18200D-01
 
 STATISTIC OF SLIP ACTIVITY:
 Average number of load_active systems:    2.0718
 Fraction of total shear:
 Mode #:  1  Activity: 100.0000 %
 Twinning volume fraction:
 There is not twinning activation.
 
 Total number of grains that plastify:  2916
 ******************************************************************************
 STEP:  67  CONTROL VARIABLE: -0.18480D-01
 
 STATISTIC OF SLIP ACTIVITY:
 Average number of load_active systems:    2.0865
 Fraction of total shear:
 Mode #:  1  Activity: 100.0000 %
 Twinning volume fraction:
 There is not twinning activation.
 
 Total number of grains that plastify:  2916
 ******************************************************************************
 STEP:  68  CONTROL VARIABLE: -0.18760D-01
 
 STATISTIC OF SLIP ACTIVITY:
 Average number of load_active systems:    2.1161
 Fraction of total shear:
 Mode #:  1  Activity: 100.0000 %
 Twinning volume fraction:
 There is not twinning activation.
 
 Total number of grains that plastify:  2916
 ******************************************************************************
 STEP:  69  CONTROL VARIABLE: -0.19040D-01
 
 STATISTIC OF SLIP ACTIVITY:
 Average number of load_active systems:    2.1378
 Fraction of total shear:
 Mode #:  1  Activity: 100.0000 %
 Twinning volume fraction:
 There is not twinning activation.
 
 Total number of grains that plastify:  2916
 ******************************************************************************
 STEP:  70  CONTROL VARIABLE: -0.19320D-01
 
 STATISTIC OF SLIP ACTIVITY:
 Average number of load_active systems:    2.1529
 Fraction of total shear:
 Mode #:  1  Activity: 100.0000 %
 Twinning volume fraction:
 There is not twinning activation.
 
 Total number of grains that plastify:  2916
 ******************************************************************************
 STEP:  71  CONTROL VARIABLE: -0.19600D-01
 
 STATISTIC OF SLIP ACTIVITY:
 Average number of load_active systems:    2.1733
 Fraction of total shear:
 Mode #:  1  Activity: 100.0000 %
 Twinning volume fraction:
 There is not twinning activation.
 
 Total number of grains that plastify:  2916
 ******************************************************************************
 STEP:  72  CONTROL VARIABLE: -0.19880D-01
 
 STATISTIC OF SLIP ACTIVITY:
 Average number of load_active systems:    2.1979
 Fraction of total shear:
 Mode #:  1  Activity: 100.0000 %
 Twinning volume fraction:
 There is not twinning activation.
 
 Total number of grains that plastify:  2916
 ******************************************************************************
 STEP:  73  CONTROL VARIABLE: -0.20160D-01
 
 STATISTIC OF SLIP ACTIVITY:
 Average number of load_active systems:    2.2246
 Fraction of total shear:
 Mode #:  1  Activity: 100.0000 %
 Twinning volume fraction:
 There is not twinning activation.
 
 Total number of grains that plastify:  2916
 ******************************************************************************
 STEP:  74  CONTROL VARIABLE: -0.20440D-01
 
 STATISTIC OF SLIP ACTIVITY:
 Average number of load_active systems:    2.2319
 Fraction of total shear:
 Mode #:  1  Activity: 100.0000 %
 Twinning volume fraction:
 There is not twinning activation.
 
 Total number of grains that plastify:  2916
 ******************************************************************************
 STEP:  75  CONTROL VARIABLE: -0.20720D-01
 
 STATISTIC OF SLIP ACTIVITY:
 Average number of load_active systems:    2.2455
 Fraction of total shear:
 Mode #:  1  Activity: 100.0000 %
 Twinning volume fraction:
 There is not twinning activation.
 
 Total number of grains that plastify:  2916
 ******************************************************************************
 STEP:  76  CONTROL VARIABLE: -0.21000D-01
 
 STATISTIC OF SLIP ACTIVITY:
 Average number of load_active systems:    2.2593
 Fraction of total shear:
 Mode #:  1  Activity: 100.0000 %
 Twinning volume fraction:
 There is not twinning activation.
 
 Total number of grains that plastify:  2916
 ******************************************************************************
 STEP:  77  CONTROL VARIABLE: -0.21280D-01
 
 STATISTIC OF SLIP ACTIVITY:
 Average number of load_active systems:    2.2818
 Fraction of total shear:
 Mode #:  1  Activity: 100.0000 %
 Twinning volume fraction:
 There is not twinning activation.
 
 Total number of grains that plastify:  2916
 ******************************************************************************
 STEP:  78  CONTROL VARIABLE: -0.21560D-01
 
 STATISTIC OF SLIP ACTIVITY:
 Average number of load_active systems:    2.2982
 Fraction of total shear:
 Mode #:  1  Activity: 100.0000 %
 Twinning volume fraction:
 There is not twinning activation.
 
 Total number of grains that plastify:  2916
 ******************************************************************************
 STEP:  79  CONTROL VARIABLE: -0.21840D-01
 
 STATISTIC OF SLIP ACTIVITY:
 Average number of load_active systems:    2.3101
 Fraction of total shear:
 Mode #:  1  Activity: 100.0000 %
 Twinning volume fraction:
 There is not twinning activation.
 
 Total number of grains that plastify:  2916
 ******************************************************************************
 STEP:  80  CONTROL VARIABLE: -0.22120D-01
 
 STATISTIC OF SLIP ACTIVITY:
 Average number of load_active systems:    2.3222
 Fraction of total shear:
 Mode #:  1  Activity: 100.0000 %
 Twinning volume fraction:
 There is not twinning activation.
 
 Total number of grains that plastify:  2916
 ******************************************************************************
 STEP:  81  CONTROL VARIABLE: -0.22400D-01
 
 STATISTIC OF SLIP ACTIVITY:
 Average number of load_active systems:    2.3351
 Fraction of total shear:
 Mode #:  1  Activity: 100.0000 %
 Twinning volume fraction:
 There is not twinning activation.
 
 Total number of grains that plastify:  2916
