 ******************************************************************************
 *Comment for the material                                                     
 ******************************************************************************
 EQUIVALENT STATES
 EQ ET - EQ PL ET - EQ ST - EQ ETR - EQ PL ETR
  - EQ STR - VOLUME - PRESSURE - WTOT - WPLTOT
  - STET - STETAV
 ******************************************************************************
   0.2648D-03  0.1112D-18  0.2507D-01  0.2648D-03  0.1112D-18  0.2507D-01 -0.1163D-03  0.8761D-02  0.5377D-05  0.4655D-21  0.5377D-05  0.5088D-05
   0.5296D-03  0.2813D-06  0.5016D-01  0.2648D-03  0.2813D-06  0.2509D-01 -0.2327D-03  0.1753D-01  0.1614D-04 -0.9470D-08  0.2152D-04  0.2036D-04
   0.7944D-03  0.6995D-06  0.7525D-01  0.2648D-03  0.4182D-06  0.2510D-01 -0.3491D-03  0.2630D-01  0.3228D-04 -0.3059D-07  0.4843D-04  0.4583D-04
   0.1059D-02  0.1184D-05  0.1004D+00  0.2648D-03  0.4847D-06  0.2510D-01 -0.4656D-03  0.3507D-01  0.5381D-04 -0.6323D-07  0.8612D-04  0.8148D-04
   0.1324D-02  0.1701D-05  0.1255D+00  0.2648D-03  0.5170D-06  0.2511D-01 -0.5820D-03  0.4385D-01  0.8072D-04 -0.1068D-06  0.1346D-03  0.1273D-03
   0.1589D-02  0.2234D-05  0.1506D+00  0.2648D-03  0.5327D-06  0.2511D-01 -0.6985D-03  0.5262D-01  0.1130D-03 -0.1606D-06  0.1938D-03  0.1834D-03
   0.1853D-02  0.2774D-05  0.1757D+00  0.2648D-03  0.5404D-06  0.2511D-01 -0.8150D-03  0.6139D-01  0.1507D-03 -0.2243D-06  0.2638D-03  0.2496D-03
   0.2118D-02  0.3318D-05  0.2008D+00  0.2648D-03  0.5441D-06  0.2511D-01 -0.9314D-03  0.7017D-01  0.1938D-03 -0.2976D-06  0.3446D-03  0.3261D-03
   0.2383D-02  0.3864D-05  0.2259D+00  0.2648D-03  0.5459D-06  0.2511D-01 -0.1048D-02  0.7894D-01  0.2422D-03 -0.3804D-06  0.4361D-03  0.4127D-03
   0.2648D-02  0.4411D-05  0.2510D+00  0.2648D-03  0.5468D-06  0.2511D-01 -0.1164D-02  0.8772D-01  0.2961D-03 -0.4725D-06  0.5385D-03  0.5095D-03
   0.2912D-02  0.4958D-05  0.2761D+00  0.2648D-03  0.5472D-06  0.2511D-01 -0.1281D-02  0.9649D-01  0.3553D-03 -0.5739D-06  0.6516D-03  0.6165D-03
   0.3177D-02  0.5506D-05  0.3012D+00  0.2648D-03  0.5474D-06  0.2511D-01 -0.1397D-02  0.1053D+00  0.4199D-03 -0.6846D-06  0.7754D-03  0.7337D-03
   0.3442D-02  0.6053D-05  0.3263D+00  0.2648D-03  0.5475D-06  0.2511D-01 -0.1514D-02  0.1140D+00  0.4900D-03 -0.8045D-06  0.9101D-03  0.8611D-03
   0.3707D-02  0.6601D-05  0.3514D+00  0.2648D-03  0.5475D-06  0.2511D-01 -0.1630D-02  0.1228D+00  0.5653D-03 -0.9336D-06  0.1056D-02  0.9987D-03
   0.3971D-02  0.7148D-05  0.3765D+00  0.2648D-03  0.5476D-06  0.2511D-01 -0.1747D-02  0.1316D+00  0.6461D-03 -0.1072D-05  0.1212D-02  0.1146D-02
   0.4236D-02  0.7696D-05  0.4017D+00  0.2648D-03  0.5476D-06  0.2511D-01 -0.1863D-02  0.1404D+00  0.7323D-03 -0.1220D-05  0.1379D-02  0.1304D-02
   0.4501D-02  0.8243D-05  0.4268D+00  0.2648D-03  0.5476D-06  0.2511D-01 -0.1980D-02  0.1491D+00  0.8238D-03 -0.1376D-05  0.1556D-02  0.1473D-02
   0.4766D-02  0.8791D-05  0.4519D+00  0.2648D-03  0.5476D-06  0.2511D-01 -0.2096D-02  0.1579D+00  0.9208D-03 -0.1543D-05  0.1745D-02  0.1651D-02
   0.5030D-02  0.9339D-05  0.4770D+00  0.2648D-03  0.5476D-06  0.2511D-01 -0.2213D-02  0.1667D+00  0.1023D-02 -0.1718D-05  0.1944D-02  0.1840D-02
   0.5295D-02  0.9886D-05  0.5021D+00  0.2648D-03  0.5476D-06  0.2511D-01 -0.2329D-02  0.1755D+00  0.1131D-02 -0.1902D-05  0.2154D-02  0.2038D-02
   0.5560D-02  0.1043D-04  0.5272D+00  0.2648D-03  0.5476D-06  0.2511D-01 -0.2446D-02  0.1842D+00  0.1244D-02 -0.2096D-05  0.2375D-02  0.2247D-02
   0.5825D-02  0.1098D-04  0.5523D+00  0.2648D-03  0.5476D-06  0.2511D-01 -0.2562D-02  0.1930D+00  0.1362D-02 -0.2299D-05  0.2607D-02  0.2466D-02
   0.6089D-02  0.1153D-04  0.5774D+00  0.2648D-03  0.5476D-06  0.2511D-01 -0.2679D-02  0.2018D+00  0.1486D-02 -0.2511D-05  0.2849D-02  0.2696D-02
   0.6354D-02  0.1208D-04  0.6025D+00  0.2648D-03  0.5476D-06  0.2511D-01 -0.2795D-02  0.2106D+00  0.1616D-02 -0.2733D-05  0.3102D-02  0.2935D-02
   0.6619D-02  0.1262D-04  0.6276D+00  0.2648D-03  0.5476D-06  0.2511D-01 -0.2911D-02  0.2193D+00  0.1750D-02 -0.2963D-05  0.3366D-02  0.3185D-02
   0.6884D-02  0.1317D-04  0.6527D+00  0.2648D-03  0.5476D-06  0.2511D-01 -0.3028D-02  0.2281D+00  0.1890D-02 -0.3203D-05  0.3641D-02  0.3445D-02
   0.7148D-02  0.1372D-04  0.6778D+00  0.2648D-03  0.5476D-06  0.2511D-01 -0.3144D-02  0.2369D+00  0.2036D-02 -0.3452D-05  0.3926D-02  0.3715D-02
   0.7418D-02  0.1710D-04  0.7005D+00  0.2694D-03  0.3058D-04  0.2270D-01 -0.3250D-02  0.2448D+00  0.2186D-02  0.1079D-04  0.4208D-02  0.3980D-02
   0.7692D-02  0.8136D-04  0.7206D+00  0.2747D-03  0.6435D-04  0.2010D-01 -0.3343D-02  0.2519D+00  0.2341D-02  0.4165D-04  0.4483D-02  0.4239D-02
   0.7972D-02  0.1859D-03  0.7376D+00  0.2813D-03  0.1045D-03  0.1700D-01 -0.3422D-02  0.2578D+00  0.2499D-02  0.9296D-04  0.4747D-02  0.4486D-02
   0.8258D-02  0.3256D-03  0.7519D+00  0.2873D-03  0.1398D-03  0.1429D-01 -0.3489D-02  0.2629D+00  0.2660D-02  0.1629D-03  0.4999D-02  0.4721D-02
   0.8547D-02  0.4924D-03  0.7642D+00  0.2920D-03  0.1668D-03  0.1223D-01 -0.3547D-02  0.2672D+00  0.2824D-02  0.2479D-03  0.5243D-02  0.4948D-02
   0.8838D-02  0.6657D-03  0.7759D+00  0.2931D-03  0.1733D-03  0.1174D-01 -0.3602D-02  0.2714D+00  0.2990D-02  0.3375D-03  0.5489D-02  0.5176D-02
   0.9133D-02  0.8687D-03  0.7853D+00  0.2985D-03  0.2030D-03  0.9473D-02 -0.3647D-02  0.2748D+00  0.3159D-02  0.4437D-03  0.5723D-02  0.5391D-02
   0.9429D-02  0.1077D-02  0.7944D+00  0.2994D-03  0.2084D-03  0.9058D-02 -0.3690D-02  0.2780D+00  0.3329D-02  0.5540D-03  0.5957D-02  0.5607D-02
   0.9728D-02  0.1298D-02  0.8024D+00  0.3018D-03  0.2210D-03  0.8082D-02 -0.3729D-02  0.2809D+00  0.3501D-02  0.6721D-03  0.6188D-02  0.5819D-02
   0.1003D-01  0.1530D-02  0.8097D+00  0.3037D-03  0.2315D-03  0.7311D-02 -0.3764D-02  0.2836D+00  0.3674D-02  0.7969D-03  0.6416D-02  0.6027D-02
   0.1033D-01  0.1770D-02  0.8163D+00  0.3053D-03  0.2402D-03  0.6653D-02 -0.3796D-02  0.2860D+00  0.3849D-02  0.9274D-03  0.6641D-02  0.6233D-02
   0.1063D-01  0.2018D-02  0.8223D+00  0.3068D-03  0.2481D-03  0.6046D-02 -0.3826D-02  0.2882D+00  0.4025D-02  0.1063D-02  0.6864D-02  0.6437D-02
   0.1094D-01  0.2272D-02  0.8279D+00  0.3080D-03  0.2545D-03  0.5570D-02 -0.3853D-02  0.2903D+00  0.4202D-02  0.1203D-02  0.7084D-02  0.6639D-02
   0.1124D-01  0.2533D-02  0.8329D+00  0.3092D-03  0.2608D-03  0.5106D-02 -0.3878D-02  0.2922D+00  0.4380D-02  0.1348D-02  0.7303D-02  0.6838D-02
   0.1155D-01  0.2799D-02  0.8376D+00  0.3101D-03  0.2661D-03  0.4737D-02 -0.3901D-02  0.2940D+00  0.4559D-02  0.1496D-02  0.7520D-02  0.7036D-02
   0.1186D-01  0.3070D-02  0.8419D+00  0.3109D-03  0.2704D-03  0.4428D-02 -0.3923D-02  0.2956D+00  0.4739D-02  0.1647D-02  0.7736D-02  0.7233D-02
   0.1216D-01  0.3345D-02  0.8459D+00  0.3117D-03  0.2749D-03  0.4085D-02 -0.3944D-02  0.2972D+00  0.4920D-02  0.1802D-02  0.7950D-02  0.7428D-02
   0.1247D-01  0.3623D-02  0.8496D+00  0.3123D-03  0.2780D-03  0.3856D-02 -0.3963D-02  0.2986D+00  0.5101D-02  0.1959D-02  0.8163D-02  0.7622D-02
   0.1278D-01  0.3903D-02  0.8531D+00  0.3130D-03  0.2810D-03  0.3622D-02 -0.3981D-02  0.3000D+00  0.5283D-02  0.2118D-02  0.8375D-02  0.7816D-02
   0.1309D-01  0.4187D-02  0.8564D+00  0.3136D-03  0.2835D-03  0.3407D-02 -0.3999D-02  0.3013D+00  0.5466D-02  0.2279D-02  0.8587D-02  0.8009D-02
   0.1340D-01  0.4473D-02  0.8595D+00  0.3141D-03  0.2859D-03  0.3216D-02 -0.4015D-02  0.3025D+00  0.5649D-02  0.2442D-02  0.8799D-02  0.8202D-02
   0.1371D-01  0.4762D-02  0.8624D+00  0.3148D-03  0.2890D-03  0.2954D-02 -0.4030D-02  0.3036D+00  0.5833D-02  0.2607D-02  0.9008D-02  0.8394D-02
   0.1403D-01  0.5053D-02  0.8651D+00  0.3153D-03  0.2910D-03  0.2794D-02 -0.4044D-02  0.3047D+00  0.6017D-02  0.2773D-02  0.9218D-02  0.8585D-02
   0.1434D-01  0.5346D-02  0.8676D+00  0.3157D-03  0.2928D-03  0.2642D-02 -0.4057D-02  0.3057D+00  0.6202D-02  0.2941D-02  0.9427D-02  0.8775D-02
   0.1465D-01  0.5640D-02  0.8700D+00  0.3160D-03  0.2941D-03  0.2529D-02 -0.4070D-02  0.3067D+00  0.6387D-02  0.3111D-02  0.9636D-02  0.8966D-02
   0.1497D-01  0.5936D-02  0.8723D+00  0.3164D-03  0.2960D-03  0.2379D-02 -0.4082D-02  0.3076D+00  0.6573D-02  0.3281D-02  0.9844D-02  0.9155D-02
   0.1528D-01  0.6233D-02  0.8745D+00  0.3167D-03  0.2972D-03  0.2279D-02 -0.4094D-02  0.3085D+00  0.6759D-02  0.3453D-02  0.1005D-01  0.9345D-02
   0.1559D-01  0.6532D-02  0.8766D+00  0.3170D-03  0.2986D-03  0.2162D-02 -0.4105D-02  0.3093D+00  0.6946D-02  0.3626D-02  0.1026D-01  0.9535D-02
   0.1591D-01  0.6831D-02  0.8786D+00  0.3174D-03  0.2998D-03  0.2045D-02 -0.4115D-02  0.3101D+00  0.7133D-02  0.3800D-02  0.1047D-01  0.9724D-02
   0.1622D-01  0.7132D-02  0.8804D+00  0.3177D-03  0.3011D-03  0.1934D-02 -0.4125D-02  0.3108D+00  0.7320D-02  0.3975D-02  0.1067D-01  0.9913D-02
   0.1654D-01  0.7435D-02  0.8822D+00  0.3180D-03  0.3022D-03  0.1838D-02 -0.4134D-02  0.3115D+00  0.7508D-02  0.4151D-02  0.1088D-01  0.1010D-01
   0.1685D-01  0.7738D-02  0.8839D+00  0.3182D-03  0.3032D-03  0.1763D-02 -0.4143D-02  0.3122D+00  0.7695D-02  0.4327D-02  0.1109D-01  0.1029D-01
   0.1717D-01  0.8042D-02  0.8854D+00  0.3185D-03  0.3045D-03  0.1661D-02 -0.4152D-02  0.3128D+00  0.7884D-02  0.4505D-02  0.1129D-01  0.1048D-01
   0.1749D-01  0.8348D-02  0.8870D+00  0.3187D-03  0.3053D-03  0.1595D-02 -0.4160D-02  0.3134D+00  0.8072D-02  0.4684D-02  0.1150D-01  0.1067D-01
   0.1780D-01  0.8654D-02  0.8884D+00  0.3188D-03  0.3061D-03  0.1530D-02 -0.4168D-02  0.3140D+00  0.8261D-02  0.4863D-02  0.1170D-01  0.1085D-01
   0.1812D-01  0.8960D-02  0.8898D+00  0.3190D-03  0.3067D-03  0.1482D-02 -0.4175D-02  0.3146D+00  0.8450D-02  0.5042D-02  0.1191D-01  0.1104D-01
   0.1844D-01  0.9268D-02  0.8912D+00  0.3192D-03  0.3074D-03  0.1411D-02 -0.4182D-02  0.3151D+00  0.8639D-02  0.5223D-02  0.1211D-01  0.1123D-01
   0.1875D-01  0.9575D-02  0.8925D+00  0.3194D-03  0.3079D-03  0.1354D-02 -0.4189D-02  0.3156D+00  0.8829D-02  0.5404D-02  0.1232D-01  0.1142D-01
   0.1907D-01  0.9884D-02  0.8937D+00  0.3195D-03  0.3086D-03  0.1298D-02 -0.4196D-02  0.3161D+00  0.9018D-02  0.5585D-02  0.1252D-01  0.1160D-01
   0.1939D-01  0.1019D-01  0.8949D+00  0.3196D-03  0.3091D-03  0.1266D-02 -0.4202D-02  0.3166D+00  0.9208D-02  0.5767D-02  0.1273D-01  0.1179D-01
   0.1971D-01  0.1050D-01  0.8961D+00  0.3197D-03  0.3096D-03  0.1225D-02 -0.4209D-02  0.3171D+00  0.9399D-02  0.5950D-02  0.1293D-01  0.1198D-01
   0.2002D-01  0.1081D-01  0.8972D+00  0.3199D-03  0.3102D-03  0.1166D-02 -0.4215D-02  0.3175D+00  0.9589D-02  0.6133D-02  0.1314D-01  0.1217D-01
   0.2034D-01  0.1112D-01  0.8982D+00  0.3200D-03  0.3108D-03  0.1118D-02 -0.4220D-02  0.3180D+00  0.9779D-02  0.6316D-02  0.1334D-01  0.1235D-01
   0.2066D-01  0.1143D-01  0.8993D+00  0.3201D-03  0.3112D-03  0.1085D-02 -0.4226D-02  0.3184D+00  0.9970D-02  0.6500D-02  0.1354D-01  0.1254D-01
   0.2098D-01  0.1175D-01  0.9002D+00  0.3203D-03  0.3117D-03  0.1040D-02 -0.4231D-02  0.3188D+00  0.1016D-01  0.6685D-02  0.1375D-01  0.1273D-01
   0.2130D-01  0.1206D-01  0.9012D+00  0.3204D-03  0.3123D-03  0.9827D-03 -0.4236D-02  0.3192D+00  0.1035D-01  0.6870D-02  0.1395D-01  0.1292D-01
   0.2162D-01  0.1237D-01  0.9020D+00  0.3206D-03  0.3129D-03  0.9251D-03 -0.4241D-02  0.3195D+00  0.1054D-01  0.7055D-02  0.1415D-01  0.1310D-01
   0.2193D-01  0.1268D-01  0.9029D+00  0.3207D-03  0.3133D-03  0.8874D-03 -0.4246D-02  0.3199D+00  0.1073D-01  0.7241D-02  0.1436D-01  0.1329D-01
   0.2225D-01  0.1300D-01  0.9037D+00  0.3208D-03  0.3137D-03  0.8602D-03 -0.4250D-02  0.3202D+00  0.1093D-01  0.7427D-02  0.1456D-01  0.1348D-01
   0.2257D-01  0.1331D-01  0.9045D+00  0.3209D-03  0.3139D-03  0.8362D-03 -0.4254D-02  0.3205D+00  0.1112D-01  0.7613D-02  0.1476D-01  0.1366D-01
   0.2289D-01  0.1363D-01  0.9053D+00  0.3210D-03  0.3143D-03  0.8023D-03 -0.4258D-02  0.3208D+00  0.1131D-01  0.7800D-02  0.1496D-01  0.1385D-01
   0.2321D-01  0.1394D-01  0.9060D+00  0.3210D-03  0.3146D-03  0.7778D-03 -0.4262D-02  0.3211D+00  0.1150D-01  0.7987D-02  0.1517D-01  0.1404D-01
   0.2353D-01  0.1426D-01  0.9067D+00  0.3211D-03  0.3148D-03  0.7552D-03 -0.4266D-02  0.3214D+00  0.1169D-01  0.8174D-02  0.1537D-01  0.1422D-01
   0.2385D-01  0.1457D-01  0.9074D+00  0.3211D-03  0.3150D-03  0.7385D-03 -0.4270D-02  0.3217D+00  0.1189D-01  0.8362D-02  0.1557D-01  0.1441D-01
