 ******************************************************************************
 *Comment for the material                                                     
 ******************************************************************************
 EVOLUTION OF SAMPLE STRAIN RATE, STRAIN (and devs)
 ETRSS - ETRDEV - ETSS - ETDEV (6 components each):
 ******************************************************************************
    0.164D-03  0.000D+00 -0.280D-03  0.000D+00  0.000D+00  0.000D+00  0.0886 0.0661 0.0965 0.0697 0.0858 0.0613   0.164D-03  0.000D+00 -0.280D-03  0.000D+00  0.000D+00  0.000D+00  0.0886 0.0661 0.0965 0.0697 0.0858 0.0613
    0.164D-03  0.000D+00 -0.280D-03  0.000D+00  0.000D+00  0.000D+00  0.0885 0.0660 0.0964 0.0696 0.0857 0.0612   0.327D-03  0.000D+00 -0.560D-03  0.000D+00  0.000D+00  0.000D+00  0.0886 0.0660 0.0965 0.0696 0.0857 0.0612
    0.164D-03  0.000D+00 -0.280D-03  0.000D+00  0.000D+00  0.000D+00  0.0885 0.0660 0.0964 0.0695 0.0856 0.0612   0.491D-03  0.000D+00 -0.840D-03  0.000D+00  0.000D+00  0.000D+00  0.0886 0.0660 0.0964 0.0696 0.0857 0.0612
    0.164D-03  0.000D+00 -0.280D-03  0.000D+00  0.000D+00  0.000D+00  0.0885 0.0660 0.0963 0.0695 0.0856 0.0612   0.654D-03  0.000D+00 -0.112D-02  0.000D+00  0.000D+00  0.000D+00  0.0885 0.0660 0.0964 0.0696 0.0857 0.0612
    0.164D-03  0.000D+00 -0.280D-03  0.000D+00  0.000D+00  0.000D+00  0.0885 0.0659 0.0963 0.0695 0.0856 0.0612   0.818D-03  0.000D+00 -0.140D-02  0.000D+00  0.000D+00  0.000D+00  0.0885 0.0660 0.0964 0.0696 0.0857 0.0612
    0.164D-03  0.000D+00 -0.280D-03  0.000D+00  0.000D+00  0.000D+00  0.0885 0.0659 0.0963 0.0695 0.0856 0.0612   0.982D-03  0.000D+00 -0.168D-02  0.000D+00  0.000D+00  0.000D+00  0.0885 0.0660 0.0964 0.0696 0.0856 0.0612
    0.164D-03  0.000D+00 -0.280D-03  0.000D+00  0.000D+00  0.000D+00  0.0885 0.0659 0.0963 0.0695 0.0856 0.0611   0.115D-02  0.000D+00 -0.196D-02  0.000D+00  0.000D+00  0.000D+00  0.0885 0.0660 0.0964 0.0696 0.0856 0.0612
    0.164D-03  0.000D+00 -0.280D-03  0.000D+00  0.000D+00  0.000D+00  0.0885 0.0659 0.0963 0.0695 0.0856 0.0611   0.131D-02  0.000D+00 -0.224D-02  0.000D+00  0.000D+00  0.000D+00  0.0885 0.0660 0.0964 0.0696 0.0856 0.0612
    0.164D-03  0.000D+00 -0.280D-03  0.000D+00  0.000D+00  0.000D+00  0.0885 0.0659 0.0963 0.0695 0.0856 0.0611   0.147D-02  0.000D+00 -0.252D-02  0.000D+00  0.000D+00  0.000D+00  0.0885 0.0660 0.0964 0.0695 0.0856 0.0612
    0.164D-03  0.000D+00 -0.280D-03  0.000D+00  0.000D+00  0.000D+00  0.0885 0.0659 0.0963 0.0695 0.0856 0.0611   0.164D-02  0.000D+00 -0.280D-02  0.000D+00  0.000D+00  0.000D+00  0.0885 0.0660 0.0964 0.0695 0.0856 0.0612
    0.164D-03  0.000D+00 -0.280D-03  0.000D+00  0.000D+00  0.000D+00  0.0885 0.0659 0.0963 0.0695 0.0856 0.0611   0.180D-02  0.000D+00 -0.308D-02  0.000D+00  0.000D+00  0.000D+00  0.0885 0.0660 0.0963 0.0695 0.0856 0.0612
    0.164D-03  0.000D+00 -0.280D-03  0.000D+00  0.000D+00  0.000D+00  0.0885 0.0659 0.0963 0.0695 0.0856 0.0611   0.196D-02  0.000D+00 -0.336D-02  0.000D+00  0.000D+00  0.000D+00  0.0885 0.0660 0.0963 0.0695 0.0856 0.0612
    0.164D-03  0.000D+00 -0.280D-03  0.000D+00  0.000D+00  0.000D+00  0.0885 0.0659 0.0963 0.0695 0.0856 0.0611   0.213D-02  0.000D+00 -0.364D-02  0.000D+00  0.000D+00  0.000D+00  0.0885 0.0660 0.0963 0.0695 0.0856 0.0612
    0.164D-03  0.000D+00 -0.280D-03  0.000D+00  0.000D+00  0.000D+00  0.0885 0.0659 0.0963 0.0695 0.0856 0.0611   0.229D-02  0.000D+00 -0.392D-02  0.000D+00  0.000D+00  0.000D+00  0.0885 0.0660 0.0963 0.0695 0.0856 0.0612
    0.164D-03  0.000D+00 -0.280D-03  0.000D+00  0.000D+00  0.000D+00  0.0885 0.0659 0.0963 0.0695 0.0856 0.0611   0.245D-02  0.000D+00 -0.420D-02  0.000D+00  0.000D+00  0.000D+00  0.0885 0.0660 0.0963 0.0695 0.0856 0.0612
    0.164D-03  0.000D+00 -0.280D-03  0.000D+00  0.000D+00  0.000D+00  0.0885 0.0659 0.0963 0.0695 0.0856 0.0611   0.262D-02  0.000D+00 -0.448D-02  0.000D+00  0.000D+00  0.000D+00  0.0885 0.0660 0.0963 0.0695 0.0856 0.0612
    0.164D-03  0.000D+00 -0.280D-03  0.000D+00  0.000D+00  0.000D+00  0.0885 0.0659 0.0963 0.0695 0.0856 0.0611   0.278D-02  0.000D+00 -0.476D-02  0.000D+00  0.000D+00  0.000D+00  0.0885 0.0660 0.0963 0.0695 0.0856 0.0612
    0.164D-03  0.000D+00 -0.280D-03  0.000D+00  0.000D+00  0.000D+00  0.0885 0.0659 0.0963 0.0695 0.0856 0.0611   0.294D-02  0.000D+00 -0.504D-02  0.000D+00  0.000D+00  0.000D+00  0.0885 0.0660 0.0963 0.0695 0.0856 0.0612
    0.164D-03  0.000D+00 -0.280D-03  0.000D+00  0.000D+00  0.000D+00  0.0885 0.0659 0.0963 0.0695 0.0856 0.0611   0.311D-02  0.000D+00 -0.532D-02  0.000D+00  0.000D+00  0.000D+00  0.0885 0.0660 0.0963 0.0695 0.0856 0.0612
    0.164D-03  0.000D+00 -0.280D-03  0.000D+00  0.000D+00  0.000D+00  0.0885 0.0659 0.0963 0.0695 0.0856 0.0611   0.327D-02  0.000D+00 -0.560D-02  0.000D+00  0.000D+00  0.000D+00  0.0885 0.0660 0.0963 0.0695 0.0856 0.0612
    0.164D-03  0.000D+00 -0.280D-03  0.000D+00  0.000D+00  0.000D+00  0.0885 0.0659 0.0963 0.0695 0.0856 0.0611   0.343D-02  0.000D+00 -0.588D-02  0.000D+00  0.000D+00  0.000D+00  0.0885 0.0659 0.0963 0.0695 0.0856 0.0612
    0.164D-03  0.000D+00 -0.280D-03  0.000D+00  0.000D+00  0.000D+00  0.0885 0.0659 0.0963 0.0695 0.0856 0.0611   0.360D-02  0.000D+00 -0.616D-02  0.000D+00  0.000D+00  0.000D+00  0.0885 0.0659 0.0963 0.0695 0.0856 0.0612
    0.164D-03  0.000D+00 -0.280D-03  0.000D+00  0.000D+00  0.000D+00  0.0885 0.0659 0.0963 0.0695 0.0856 0.0611   0.376D-02  0.000D+00 -0.644D-02  0.000D+00  0.000D+00  0.000D+00  0.0885 0.0659 0.0963 0.0695 0.0856 0.0612
    0.164D-03  0.000D+00 -0.280D-03  0.000D+00  0.000D+00  0.000D+00  0.0885 0.0659 0.0963 0.0695 0.0856 0.0611   0.393D-02  0.000D+00 -0.672D-02  0.000D+00  0.000D+00  0.000D+00  0.0885 0.0659 0.0963 0.0695 0.0856 0.0612
    0.164D-03  0.000D+00 -0.280D-03  0.000D+00  0.000D+00  0.000D+00  0.0885 0.0659 0.0963 0.0695 0.0856 0.0611   0.409D-02  0.000D+00 -0.700D-02  0.000D+00  0.000D+00  0.000D+00  0.0885 0.0659 0.0963 0.0695 0.0856 0.0612
    0.164D-03  0.000D+00 -0.280D-03  0.000D+00  0.000D+00  0.000D+00  0.0885 0.0659 0.0963 0.0695 0.0856 0.0611   0.425D-02  0.000D+00 -0.728D-02  0.000D+00  0.000D+00  0.000D+00  0.0885 0.0659 0.0963 0.0695 0.0856 0.0612
    0.164D-03  0.000D+00 -0.280D-03  0.000D+00  0.000D+00  0.000D+00  0.1166 0.0648 0.1203 0.0688 0.0845 0.0610   0.442D-02  0.000D+00 -0.756D-02  0.000D+00  0.000D+00  0.000D+00  0.0884 0.0659 0.0962 0.0695 0.0855 0.0611
    0.175D-03  0.000D+00 -0.280D-03  0.000D+00  0.000D+00  0.000D+00  0.1714 0.0607 0.1721 0.0654 0.0834 0.0651   0.459D-02  0.000D+00 -0.784D-02  0.000D+00  0.000D+00  0.000D+00  0.0884 0.0657 0.0957 0.0692 0.0853 0.0610
    0.187D-03  0.000D+00 -0.280D-03  0.000D+00  0.000D+00  0.000D+00  0.1942 0.0584 0.1927 0.0671 0.0861 0.0700   0.478D-02  0.000D+00 -0.812D-02  0.000D+00  0.000D+00  0.000D+00  0.0888 0.0654 0.0953 0.0688 0.0850 0.0608
    0.201D-03  0.000D+00 -0.280D-03  0.000D+00  0.000D+00  0.000D+00  0.2062 0.0540 0.2036 0.0693 0.0913 0.0778   0.498D-02  0.000D+00 -0.840D-02  0.000D+00  0.000D+00  0.000D+00  0.0895 0.0648 0.0949 0.0681 0.0847 0.0605
    0.213D-03  0.000D+00 -0.280D-03  0.000D+00  0.000D+00  0.000D+00  0.2075 0.0526 0.2054 0.0725 0.0953 0.0861   0.519D-02  0.000D+00 -0.868D-02  0.000D+00  0.000D+00  0.000D+00  0.0906 0.0641 0.0948 0.0673 0.0843 0.0603
    0.222D-03  0.000D+00 -0.280D-03  0.000D+00  0.000D+00  0.000D+00  0.2007 0.0544 0.1984 0.0765 0.0983 0.0926   0.541D-02  0.000D+00 -0.896D-02  0.000D+00  0.000D+00  0.000D+00  0.0916 0.0633 0.0947 0.0664 0.0840 0.0601
    0.225D-03  0.000D+00 -0.280D-03  0.000D+00  0.000D+00  0.000D+00  0.1910 0.0551 0.1876 0.0801 0.0996 0.0978   0.564D-02  0.000D+00 -0.924D-02  0.000D+00  0.000D+00  0.000D+00  0.0926 0.0625 0.0946 0.0655 0.0837 0.0601
    0.235D-03  0.000D+00 -0.280D-03  0.000D+00  0.000D+00  0.000D+00  0.1798 0.0576 0.1750 0.0852 0.1001 0.1000   0.587D-02  0.000D+00 -0.952D-02  0.000D+00  0.000D+00  0.000D+00  0.0936 0.0617 0.0945 0.0646 0.0835 0.0602
    0.237D-03  0.000D+00 -0.280D-03  0.000D+00  0.000D+00  0.000D+00  0.1651 0.0588 0.1601 0.0893 0.1014 0.1018   0.611D-02  0.000D+00 -0.980D-02  0.000D+00  0.000D+00  0.000D+00  0.0943 0.0608 0.0944 0.0638 0.0833 0.0603
    0.241D-03  0.000D+00 -0.280D-03  0.000D+00  0.000D+00  0.000D+00  0.1527 0.0602 0.1446 0.0895 0.1012 0.1041   0.635D-02  0.000D+00 -0.101D-01  0.000D+00  0.000D+00  0.000D+00  0.0947 0.0599 0.0942 0.0630 0.0831 0.0605
    0.245D-03  0.000D+00 -0.280D-03  0.000D+00  0.000D+00  0.000D+00  0.1469 0.0619 0.1369 0.0922 0.1008 0.1038   0.660D-02  0.000D+00 -0.104D-01  0.000D+00  0.000D+00  0.000D+00  0.0952 0.0591 0.0940 0.0623 0.0830 0.0607
    0.248D-03  0.000D+00 -0.280D-03  0.000D+00  0.000D+00  0.000D+00  0.1380 0.0644 0.1257 0.0924 0.1015 0.1027   0.684D-02  0.000D+00 -0.106D-01  0.000D+00  0.000D+00  0.000D+00  0.0954 0.0584 0.0935 0.0617 0.0829 0.0610
    0.251D-03  0.000D+00 -0.280D-03  0.000D+00  0.000D+00  0.000D+00  0.1337 0.0651 0.1191 0.0927 0.0996 0.1023   0.709D-02  0.000D+00 -0.109D-01  0.000D+00  0.000D+00  0.000D+00  0.0954 0.0578 0.0929 0.0611 0.0828 0.0613
    0.253D-03  0.000D+00 -0.280D-03  0.000D+00  0.000D+00  0.000D+00  0.1287 0.0638 0.1114 0.0920 0.0994 0.1011   0.735D-02  0.000D+00 -0.112D-01  0.000D+00  0.000D+00  0.000D+00  0.0952 0.0572 0.0921 0.0606 0.0827 0.0616
    0.255D-03  0.000D+00 -0.280D-03  0.000D+00  0.000D+00  0.000D+00  0.1245 0.0628 0.1020 0.0922 0.0990 0.1018   0.760D-02  0.000D+00 -0.115D-01  0.000D+00  0.000D+00  0.000D+00  0.0950 0.0566 0.0912 0.0602 0.0826 0.0619
    0.257D-03  0.000D+00 -0.280D-03  0.000D+00  0.000D+00  0.000D+00  0.1241 0.0611 0.1000 0.0916 0.0978 0.1010   0.786D-02  0.000D+00 -0.118D-01  0.000D+00  0.000D+00  0.000D+00  0.0947 0.0561 0.0902 0.0598 0.0826 0.0622
    0.258D-03  0.000D+00 -0.280D-03  0.000D+00  0.000D+00  0.000D+00  0.1224 0.0597 0.0969 0.0907 0.0950 0.0993   0.812D-02  0.000D+00 -0.120D-01  0.000D+00  0.000D+00  0.000D+00  0.0943 0.0555 0.0892 0.0594 0.0824 0.0625
    0.260D-03  0.000D+00 -0.280D-03  0.000D+00  0.000D+00  0.000D+00  0.1210 0.0584 0.0936 0.0902 0.0954 0.0990   0.838D-02  0.000D+00 -0.123D-01  0.000D+00  0.000D+00  0.000D+00  0.0939 0.0550 0.0882 0.0591 0.0824 0.0628
    0.261D-03  0.000D+00 -0.280D-03  0.000D+00  0.000D+00  0.000D+00  0.1187 0.0576 0.0923 0.0910 0.0940 0.0979   0.864D-02  0.000D+00 -0.126D-01  0.000D+00  0.000D+00  0.000D+00  0.0934 0.0545 0.0871 0.0589 0.0823 0.0631
    0.262D-03  0.000D+00 -0.280D-03  0.000D+00  0.000D+00  0.000D+00  0.1155 0.0565 0.0908 0.0906 0.0944 0.0977   0.890D-02  0.000D+00 -0.129D-01  0.000D+00  0.000D+00  0.000D+00  0.0929 0.0539 0.0861 0.0587 0.0822 0.0634
    0.263D-03  0.000D+00 -0.280D-03  0.000D+00  0.000D+00  0.000D+00  0.1137 0.0548 0.0888 0.0903 0.0937 0.0972   0.916D-02  0.000D+00 -0.132D-01  0.000D+00  0.000D+00  0.000D+00  0.0922 0.0534 0.0850 0.0585 0.0821 0.0637
    0.264D-03  0.000D+00 -0.280D-03  0.000D+00  0.000D+00  0.000D+00  0.1067 0.0529 0.0829 0.0891 0.0923 0.0960   0.943D-02  0.000D+00 -0.134D-01  0.000D+00  0.000D+00  0.000D+00  0.0915 0.0528 0.0838 0.0584 0.0820 0.0640
    0.265D-03  0.000D+00 -0.280D-03  0.000D+00  0.000D+00  0.000D+00  0.1055 0.0523 0.0809 0.0886 0.0926 0.0952   0.969D-02  0.000D+00 -0.137D-01  0.000D+00  0.000D+00  0.000D+00  0.0907 0.0523 0.0827 0.0582 0.0819 0.0642
    0.266D-03  0.000D+00 -0.280D-03  0.000D+00  0.000D+00  0.000D+00  0.1026 0.0505 0.0795 0.0890 0.0930 0.0954   0.996D-02  0.000D+00 -0.140D-01  0.000D+00  0.000D+00  0.000D+00  0.0900 0.0518 0.0816 0.0580 0.0819 0.0644
    0.267D-03  0.000D+00 -0.280D-03  0.000D+00  0.000D+00  0.000D+00  0.1008 0.0495 0.0782 0.0889 0.0935 0.0955   0.102D-01  0.000D+00 -0.143D-01  0.000D+00  0.000D+00  0.000D+00  0.0893 0.0512 0.0806 0.0579 0.0819 0.0647
    0.267D-03  0.000D+00 -0.280D-03  0.000D+00  0.000D+00  0.000D+00  0.0968 0.0484 0.0767 0.0889 0.0922 0.0937   0.105D-01  0.000D+00 -0.146D-01  0.000D+00  0.000D+00  0.000D+00  0.0885 0.0507 0.0795 0.0578 0.0818 0.0649
    0.268D-03  0.000D+00 -0.280D-03  0.000D+00  0.000D+00  0.000D+00  0.0965 0.0482 0.0760 0.0880 0.0917 0.0930   0.108D-01  0.000D+00 -0.148D-01  0.000D+00  0.000D+00  0.000D+00  0.0877 0.0502 0.0785 0.0577 0.0818 0.0651
    0.268D-03  0.000D+00 -0.280D-03  0.000D+00  0.000D+00  0.000D+00  0.0931 0.0474 0.0741 0.0878 0.0919 0.0918   0.110D-01  0.000D+00 -0.151D-01  0.000D+00  0.000D+00  0.000D+00  0.0869 0.0496 0.0775 0.0576 0.0817 0.0652
    0.269D-03  0.000D+00 -0.280D-03  0.000D+00  0.000D+00  0.000D+00  0.0888 0.0462 0.0724 0.0887 0.0918 0.0907   0.113D-01  0.000D+00 -0.154D-01  0.000D+00  0.000D+00  0.000D+00  0.0861 0.0491 0.0765 0.0575 0.0817 0.0654
    0.270D-03  0.000D+00 -0.280D-03  0.000D+00  0.000D+00  0.000D+00  0.0831 0.0453 0.0697 0.0890 0.0914 0.0903   0.116D-01  0.000D+00 -0.157D-01  0.000D+00  0.000D+00  0.000D+00  0.0852 0.0486 0.0755 0.0575 0.0816 0.0655
    0.270D-03  0.000D+00 -0.280D-03  0.000D+00  0.000D+00  0.000D+00  0.0807 0.0449 0.0681 0.0884 0.0909 0.0891   0.118D-01  0.000D+00 -0.160D-01  0.000D+00  0.000D+00  0.000D+00  0.0842 0.0481 0.0745 0.0575 0.0816 0.0656
    0.271D-03  0.000D+00 -0.280D-03  0.000D+00  0.000D+00  0.000D+00  0.0813 0.0444 0.0677 0.0872 0.0897 0.0883   0.121D-01  0.000D+00 -0.162D-01  0.000D+00  0.000D+00  0.000D+00  0.0834 0.0475 0.0736 0.0574 0.0815 0.0657
    0.271D-03  0.000D+00 -0.280D-03  0.000D+00  0.000D+00  0.000D+00  0.0784 0.0435 0.0653 0.0867 0.0887 0.0863   0.124D-01  0.000D+00 -0.165D-01  0.000D+00  0.000D+00  0.000D+00  0.0825 0.0470 0.0727 0.0574 0.0814 0.0658
    0.272D-03  0.000D+00 -0.280D-03  0.000D+00  0.000D+00  0.000D+00  0.0769 0.0432 0.0643 0.0866 0.0891 0.0863   0.126D-01  0.000D+00 -0.168D-01  0.000D+00  0.000D+00  0.000D+00  0.0816 0.0465 0.0718 0.0573 0.0813 0.0659
    0.272D-03  0.000D+00 -0.280D-03  0.000D+00  0.000D+00  0.000D+00  0.0754 0.0430 0.0638 0.0871 0.0888 0.0853   0.129D-01  0.000D+00 -0.171D-01  0.000D+00  0.000D+00  0.000D+00  0.0808 0.0461 0.0709 0.0573 0.0812 0.0659
    0.272D-03  0.000D+00 -0.280D-03  0.000D+00  0.000D+00  0.000D+00  0.0755 0.0430 0.0640 0.0867 0.0885 0.0849   0.132D-01  0.000D+00 -0.174D-01  0.000D+00  0.000D+00  0.000D+00  0.0800 0.0456 0.0700 0.0573 0.0811 0.0659
    0.272D-03  0.000D+00 -0.280D-03  0.000D+00  0.000D+00  0.000D+00  0.0734 0.0419 0.0638 0.0868 0.0882 0.0842   0.135D-01  0.000D+00 -0.176D-01  0.000D+00  0.000D+00  0.000D+00  0.0791 0.0451 0.0692 0.0573 0.0811 0.0660
    0.273D-03  0.000D+00 -0.280D-03  0.000D+00  0.000D+00  0.000D+00  0.0729 0.0416 0.0642 0.0868 0.0874 0.0838   0.137D-01  0.000D+00 -0.179D-01  0.000D+00  0.000D+00  0.000D+00  0.0783 0.0447 0.0684 0.0574 0.0810 0.0660
    0.273D-03  0.000D+00 -0.280D-03  0.000D+00  0.000D+00  0.000D+00  0.0718 0.0410 0.0627 0.0859 0.0868 0.0830   0.140D-01  0.000D+00 -0.182D-01  0.000D+00  0.000D+00  0.000D+00  0.0776 0.0442 0.0677 0.0574 0.0808 0.0660
    0.273D-03  0.000D+00 -0.280D-03  0.000D+00  0.000D+00  0.000D+00  0.0719 0.0414 0.0625 0.0859 0.0867 0.0822   0.143D-01  0.000D+00 -0.185D-01  0.000D+00  0.000D+00  0.000D+00  0.0768 0.0438 0.0669 0.0574 0.0807 0.0660
    0.274D-03  0.000D+00 -0.280D-03  0.000D+00  0.000D+00  0.000D+00  0.0703 0.0410 0.0617 0.0862 0.0868 0.0815   0.146D-01  0.000D+00 -0.188D-01  0.000D+00  0.000D+00  0.000D+00  0.0761 0.0434 0.0662 0.0575 0.0806 0.0660
    0.274D-03  0.000D+00 -0.280D-03  0.000D+00  0.000D+00  0.000D+00  0.0691 0.0401 0.0610 0.0849 0.0862 0.0808   0.148D-01  0.000D+00 -0.190D-01  0.000D+00  0.000D+00  0.000D+00  0.0753 0.0429 0.0655 0.0575 0.0805 0.0660
    0.274D-03  0.000D+00 -0.280D-03  0.000D+00  0.000D+00  0.000D+00  0.0686 0.0399 0.0600 0.0841 0.0850 0.0798   0.151D-01  0.000D+00 -0.193D-01  0.000D+00  0.000D+00  0.000D+00  0.0746 0.0425 0.0648 0.0575 0.0804 0.0660
    0.274D-03  0.000D+00 -0.280D-03  0.000D+00  0.000D+00  0.000D+00  0.0683 0.0396 0.0597 0.0843 0.0845 0.0797   0.154D-01  0.000D+00 -0.196D-01  0.000D+00  0.000D+00  0.000D+00  0.0739 0.0421 0.0641 0.0575 0.0803 0.0660
    0.274D-03  0.000D+00 -0.280D-03  0.000D+00  0.000D+00  0.000D+00  0.0675 0.0396 0.0596 0.0836 0.0844 0.0789   0.157D-01  0.000D+00 -0.199D-01  0.000D+00  0.000D+00  0.000D+00  0.0733 0.0417 0.0635 0.0575 0.0801 0.0659
    0.275D-03  0.000D+00 -0.280D-03  0.000D+00  0.000D+00  0.000D+00  0.0658 0.0392 0.0583 0.0829 0.0841 0.0769   0.159D-01  0.000D+00 -0.202D-01  0.000D+00  0.000D+00  0.000D+00  0.0726 0.0414 0.0629 0.0575 0.0800 0.0658
    0.275D-03  0.000D+00 -0.280D-03  0.000D+00  0.000D+00  0.000D+00  0.0620 0.0384 0.0566 0.0824 0.0839 0.0757   0.162D-01  0.000D+00 -0.204D-01  0.000D+00  0.000D+00  0.000D+00  0.0719 0.0410 0.0623 0.0575 0.0798 0.0657
    0.275D-03  0.000D+00 -0.280D-03  0.000D+00  0.000D+00  0.000D+00  0.0615 0.0386 0.0560 0.0815 0.0843 0.0755   0.165D-01  0.000D+00 -0.207D-01  0.000D+00  0.000D+00  0.000D+00  0.0712 0.0406 0.0617 0.0575 0.0797 0.0657
    0.275D-03  0.000D+00 -0.280D-03  0.000D+00  0.000D+00  0.000D+00  0.0616 0.0388 0.0558 0.0808 0.0848 0.0755   0.168D-01  0.000D+00 -0.210D-01  0.000D+00  0.000D+00  0.000D+00  0.0705 0.0402 0.0611 0.0575 0.0796 0.0656
    0.276D-03  0.000D+00 -0.280D-03  0.000D+00  0.000D+00  0.000D+00  0.0620 0.0388 0.0560 0.0810 0.0838 0.0758   0.170D-01  0.000D+00 -0.213D-01  0.000D+00  0.000D+00  0.000D+00  0.0699 0.0399 0.0605 0.0575 0.0794 0.0655
    0.276D-03  0.000D+00 -0.280D-03  0.000D+00  0.000D+00  0.000D+00  0.0612 0.0389 0.0552 0.0794 0.0830 0.0756   0.173D-01  0.000D+00 -0.216D-01  0.000D+00  0.000D+00  0.000D+00  0.0693 0.0396 0.0600 0.0575 0.0793 0.0654
    0.276D-03  0.000D+00 -0.280D-03  0.000D+00  0.000D+00  0.000D+00  0.0614 0.0389 0.0555 0.0795 0.0818 0.0758   0.176D-01  0.000D+00 -0.218D-01  0.000D+00  0.000D+00  0.000D+00  0.0686 0.0392 0.0594 0.0575 0.0791 0.0654
    0.276D-03  0.000D+00 -0.280D-03  0.000D+00  0.000D+00  0.000D+00  0.0617 0.0388 0.0560 0.0789 0.0819 0.0758   0.179D-01  0.000D+00 -0.221D-01  0.000D+00  0.000D+00  0.000D+00  0.0681 0.0389 0.0589 0.0575 0.0790 0.0653
    0.276D-03  0.000D+00 -0.280D-03  0.000D+00  0.000D+00  0.000D+00  0.0616 0.0385 0.0557 0.0793 0.0819 0.0760   0.181D-01  0.000D+00 -0.224D-01  0.000D+00  0.000D+00  0.000D+00  0.0675 0.0386 0.0584 0.0575 0.0788 0.0652
    0.276D-03  0.000D+00 -0.280D-03  0.000D+00  0.000D+00  0.000D+00  0.0606 0.0380 0.0547 0.0785 0.0817 0.0757   0.184D-01  0.000D+00 -0.227D-01  0.000D+00  0.000D+00  0.000D+00  0.0669 0.0383 0.0579 0.0575 0.0787 0.0652
