 ******************************************************************************
 *Comment for the material                                                     
 ******************************************************************************
 RELATIVE ACTIVITY IN EACH MODE AND AVACS vs STRAIN
 SLIP AND TWINNING MODES ACTIVITY STATISTIC:
 ******************************************************************************
    0.00000     0.000  0.000
   -0.00028     0.000  0.000
   -0.00056     0.000  0.000
   -0.00084     0.000  0.000
   -0.00112     0.000  0.000
   -0.00140     0.000  0.000
   -0.00168     0.000  0.000
   -0.00196     0.000  0.000
   -0.00224     0.000  0.000
   -0.00252     0.000  0.000
   -0.00280     0.000  0.000
   -0.00308     0.000  0.000
   -0.00336     0.000  0.000
   -0.00364     0.000  0.000
   -0.00392     0.000  0.000
   -0.00420     0.000  0.000
   -0.00448     0.000  0.000
   -0.00476     0.000  0.000
   -0.00504     0.000  0.000
   -0.00532     0.000  0.000
   -0.00560     0.000  0.000
   -0.00588     0.000  0.000
   -0.00616     0.000  0.000
   -0.00644     0.000  0.000
   -0.00672     0.000  0.000
   -0.00700     0.000  0.000
   -0.00728     1.000  0.025
   -0.00756     1.000  0.127
   -0.00784     1.000  0.216
   -0.00812     1.000  0.359
   -0.00840     1.000  0.472
   -0.00868     1.000  0.580
   -0.00896     1.000  0.665
   -0.00924     1.000  0.776
   -0.00952     1.000  0.876
   -0.00980     1.000  0.951
   -0.01008     1.000  1.020
   -0.01036     1.000  1.087
   -0.01064     1.000  1.150
   -0.01092     1.000  1.212
   -0.01120     1.000  1.272
   -0.01148     1.000  1.326
   -0.01176     1.000  1.389
   -0.01204     1.000  1.433
   -0.01232     1.000  1.480
   -0.01260     1.000  1.509
   -0.01288     1.000  1.552
   -0.01316     1.000  1.605
   -0.01344     1.000  1.637
   -0.01372     1.000  1.663
   -0.01400     1.000  1.682
   -0.01428     1.000  1.723
   -0.01456     1.000  1.754
   -0.01484     1.000  1.782
   -0.01512     1.000  1.803
   -0.01540     1.000  1.830
   -0.01568     1.000  1.862
   -0.01596     1.000  1.906
   -0.01624     1.000  1.936
   -0.01652     1.000  1.953
   -0.01680     1.000  1.969
   -0.01708     1.000  1.988
   -0.01736     1.000  2.014
   -0.01764     1.000  2.034
   -0.01792     1.000  2.058
   -0.01820     1.000  2.072
   -0.01848     1.000  2.087
   -0.01876     1.000  2.116
   -0.01904     1.000  2.138
   -0.01932     1.000  2.153
   -0.01960     1.000  2.173
   -0.01988     1.000  2.198
   -0.02016     1.000  2.225
   -0.02044     1.000  2.232
   -0.02072     1.000  2.246
   -0.02100     1.000  2.259
   -0.02128     1.000  2.282
   -0.02156     1.000  2.298
   -0.02184     1.000  2.310
   -0.02212     1.000  2.322
   -0.02240     1.000  2.335
