This is pdfTeX, Version 3.141592-1.40.3 (Web2C 7.5.6) (format=latex 2009.4.19)  6 MAY 2009 19:44
entering extended mode
**api.tex
(./api.tex
LaTeX2e <2005/12/01>
Babel <v3.8h> and hyphenation patterns for english, usenglishmax, dumylang, noh
yphenation, arabic, basque, bulgarian, coptic, welsh, czech, slovak, german, ng
erman, danish, esperanto, spanish, catalan, galician, estonian, farsi, finnish,
 french, greek, monogreek, ancientgreek, croatian, hungarian, interlingua, ibyc
us, indonesian, icelandic, italian, latin, mongolian, dutch, norsk, polish, por
tuguese, pinyin, romanian, russian, slovenian, uppersorbian, serbian, swedish, 
turkish, ukenglish, ukrainian, loaded.
(/opt/local/share/texmf-dist/tex/latex/base/article.cls
Document Class: article 2005/09/16 v1.4f Standard LaTeX document class
(/opt/local/share/texmf-dist/tex/latex/base/size10.clo
File: size10.clo 2005/09/16 v1.4f Standard LaTeX file (size option)
)
\c@part=\count79
\c@section=\count80
\c@subsection=\count81
\c@subsubsection=\count82
\c@paragraph=\count83
\c@subparagraph=\count84
\c@figure=\count85
\c@table=\count86
\abovecaptionskip=\skip41
\belowcaptionskip=\skip42
\bibindent=\dimen102
)
(/opt/local/share/texmf-dist/tex/latex/base/alltt.sty
Package: alltt 1997/06/16 v2.0g defines alltt environment
)
(/opt/local/share/texmf-dist/tex/latex/ltxmisc/parskip.sty
Package: parskip 2001/04/09 non-zero parskip adjustments
)
(/opt/local/share/texmf-dist/tex/latex/fancyhdr/fancyhdr.sty
\fancy@headwidth=\skip43
\f@ncyO@elh=\skip44
\f@ncyO@erh=\skip45
\f@ncyO@olh=\skip46
\f@ncyO@orh=\skip47
\f@ncyO@elf=\skip48
\f@ncyO@erf=\skip49
\f@ncyO@olf=\skip50
\f@ncyO@orf=\skip51
)
(/opt/local/share/texmf-dist/tex/latex/ltxmisc/boxedminipage.sty)
(/opt/local/share/texmf-dist/tex/latex/base/makeidx.sty
Package: makeidx 2000/03/29 v1.0m Standard LaTeX package
)
(/opt/local/share/texmf-dist/tex/latex/multirow/multirow.sty
\bigstrutjot=\dimen103
)
(/opt/local/share/texmf-dist/tex/latex/tools/longtable.sty
Package: longtable 2004/02/01 v4.11 Multi-page Table package (DPC)
\LTleft=\skip52
\LTright=\skip53
\LTpre=\skip54
\LTpost=\skip55
\LTchunksize=\count87
\LTcapwidth=\dimen104
\LT@head=\box26
\LT@firsthead=\box27
\LT@foot=\box28
\LT@lastfoot=\box29
\LT@cols=\count88
\LT@rows=\count89
\c@LT@tables=\count90
\c@LT@chunks=\count91
\LT@p@ftn=\toks14
)
(/opt/local/share/texmf-dist/tex/latex/tocbibind/tocbibind.sty
Package: tocbibind 2003/03/13 v1.5g extra ToC listings


Package tocbibind Note: The document has section divisions.


Package tocbibind Note: Using section or other style headings.

) (/opt/local/share/texmf-dist/tex/latex/amsfonts/amssymb.sty
Package: amssymb 2002/01/22 v2.2d

(/opt/local/share/texmf-dist/tex/latex/amsfonts/amsfonts.sty
Package: amsfonts 2001/10/25 v2.2f
\@emptytoks=\toks15
\symAMSa=\mathgroup4
\symAMSb=\mathgroup5
LaTeX Font Info:    Overwriting math alphabet `\mathfrak' in version `bold'
(Font)                  U/euf/m/n --> U/euf/b/n on input line 132.
))
(/opt/local/share/texmf-dist/tex/latex/preprint/fullpage.sty
Package: fullpage 1999/02/23 1.1 (PWD)
\FP@margin=\skip56
)
(/opt/local/share/texmf-dist/tex/latex/graphics/color.sty
Package: color 2005/11/14 v1.0j Standard LaTeX Color (DPC)

(/opt/local/share/texmf/tex/latex/config/color.cfg
File: color.cfg 2007/01/18 v1.5 color configuration of teTeX/TeXLive
)
Package color Info: Driver file: dvips.def on input line 130.

(/opt/local/share/texmf-dist/tex/latex/graphics/dvips.def
File: dvips.def 1999/02/16 v3.0i Driver-dependant file (DPC,SPQR)
)
(/opt/local/share/texmf-dist/tex/latex/graphics/dvipsnam.def
File: dvipsnam.def 1999/02/16 v3.0i Driver-dependant file (DPC,SPQR)
))
\BCL=\skip57
Package color Info: Redefining color py@inputcolour on input line 35.
\funcindent=\skip58
\funcwidth=\skip59
\varindent=\skip60
\varnamewidth=\skip61
\vardescrwidth=\skip62
\varwidth=\skip63

(/opt/local/share/texmf-dist/tex/latex/base/inputenc.sty
Package: inputenc 2006/05/05 v1.1b Input encoding file
\inpenc@prehook=\toks16
\inpenc@posthook=\toks17

(/opt/local/share/texmf-dist/tex/latex/base/utf8.def
File: utf8.def 2006/03/30 v1.1i UTF-8 support for inputenc
Now handling font encoding OML ...
... no UTF-8 mapping file for font encoding OML
Now handling font encoding T1 ...
... processing UTF-8 mapping file for font encodingT1

(/opt/local/share/texmf-dist/tex/latex/base/t1enc.dfu
File: t1enc.dfu 2006/03/30 v1.1i UTF-8 support for inputenc
   defining Unicode char U+00A1 (decimal 161)
   defining Unicode char U+00A3 (decimal 163)
   defining Unicode char U+00AB (decimal 171)
   defining Unicode char U+00BB (decimal 187)
   defining Unicode char U+00BF (decimal 191)
   defining Unicode char U+00C0 (decimal 192)
   defining Unicode char U+00C1 (decimal 193)
   defining Unicode char U+00C2 (decimal 194)
   defining Unicode char U+00C3 (decimal 195)
   defining Unicode char U+00C4 (decimal 196)
   defining Unicode char U+00C5 (decimal 197)
   defining Unicode char U+00C6 (decimal 198)
   defining Unicode char U+00C7 (decimal 199)
   defining Unicode char U+00C8 (decimal 200)
   defining Unicode char U+00C9 (decimal 201)
   defining Unicode char U+00CA (decimal 202)
   defining Unicode char U+00CB (decimal 203)
   defining Unicode char U+00CC (decimal 204)
   defining Unicode char U+00CD (decimal 205)
   defining Unicode char U+00CE (decimal 206)
   defining Unicode char U+00CF (decimal 207)
   defining Unicode char U+00D0 (decimal 208)
   defining Unicode char U+00D1 (decimal 209)
   defining Unicode char U+00D2 (decimal 210)
   defining Unicode char U+00D3 (decimal 211)
   defining Unicode char U+00D4 (decimal 212)
   defining Unicode char U+00D5 (decimal 213)
   defining Unicode char U+00D6 (decimal 214)
   defining Unicode char U+00D8 (decimal 216)
   defining Unicode char U+00D9 (decimal 217)
   defining Unicode char U+00DA (decimal 218)
   defining Unicode char U+00DB (decimal 219)
   defining Unicode char U+00DC (decimal 220)
   defining Unicode char U+00DD (decimal 221)
   defining Unicode char U+00DE (decimal 222)
   defining Unicode char U+00DF (decimal 223)
   defining Unicode char U+00E0 (decimal 224)
   defining Unicode char U+00E1 (decimal 225)
   defining Unicode char U+00E2 (decimal 226)
   defining Unicode char U+00E3 (decimal 227)
   defining Unicode char U+00E4 (decimal 228)
   defining Unicode char U+00E5 (decimal 229)
   defining Unicode char U+00E6 (decimal 230)
   defining Unicode char U+00E7 (decimal 231)
   defining Unicode char U+00E8 (decimal 232)
   defining Unicode char U+00E9 (decimal 233)
   defining Unicode char U+00EA (decimal 234)
   defining Unicode char U+00EB (decimal 235)
   defining Unicode char U+00EC (decimal 236)
   defining Unicode char U+00ED (decimal 237)
   defining Unicode char U+00EE (decimal 238)
   defining Unicode char U+00EF (decimal 239)
   defining Unicode char U+00F0 (decimal 240)
   defining Unicode char U+00F1 (decimal 241)
   defining Unicode char U+00F2 (decimal 242)
   defining Unicode char U+00F3 (decimal 243)
   defining Unicode char U+00F4 (decimal 244)
   defining Unicode char U+00F5 (decimal 245)
   defining Unicode char U+00F6 (decimal 246)
   defining Unicode char U+00F8 (decimal 248)
   defining Unicode char U+00F9 (decimal 249)
   defining Unicode char U+00FA (decimal 250)
   defining Unicode char U+00FB (decimal 251)
   defining Unicode char U+00FC (decimal 252)
   defining Unicode char U+00FD (decimal 253)
   defining Unicode char U+00FE (decimal 254)
   defining Unicode char U+00FF (decimal 255)
   defining Unicode char U+0102 (decimal 258)
   defining Unicode char U+0103 (decimal 259)
   defining Unicode char U+0104 (decimal 260)
   defining Unicode char U+0105 (decimal 261)
   defining Unicode char U+0106 (decimal 262)
   defining Unicode char U+0107 (decimal 263)
   defining Unicode char U+010C (decimal 268)
   defining Unicode char U+010D (decimal 269)
   defining Unicode char U+010E (decimal 270)
   defining Unicode char U+010F (decimal 271)
   defining Unicode char U+0110 (decimal 272)
   defining Unicode char U+0111 (decimal 273)
   defining Unicode char U+0118 (decimal 280)
   defining Unicode char U+0119 (decimal 281)
   defining Unicode char U+011A (decimal 282)
   defining Unicode char U+011B (decimal 283)
   defining Unicode char U+011E (decimal 286)
   defining Unicode char U+011F (decimal 287)
   defining Unicode char U+0130 (decimal 304)
   defining Unicode char U+0131 (decimal 305)
   defining Unicode char U+0132 (decimal 306)
   defining Unicode char U+0133 (decimal 307)
   defining Unicode char U+0139 (decimal 313)
   defining Unicode char U+013A (decimal 314)
   defining Unicode char U+013D (decimal 317)
   defining Unicode char U+013E (decimal 318)
   defining Unicode char U+0141 (decimal 321)
   defining Unicode char U+0142 (decimal 322)
   defining Unicode char U+0143 (decimal 323)
   defining Unicode char U+0144 (decimal 324)
   defining Unicode char U+0147 (decimal 327)
   defining Unicode char U+0148 (decimal 328)
   defining Unicode char U+014A (decimal 330)
   defining Unicode char U+014B (decimal 331)
   defining Unicode char U+0150 (decimal 336)
   defining Unicode char U+0151 (decimal 337)
   defining Unicode char U+0152 (decimal 338)
   defining Unicode char U+0153 (decimal 339)
   defining Unicode char U+0154 (decimal 340)
   defining Unicode char U+0155 (decimal 341)
   defining Unicode char U+0158 (decimal 344)
   defining Unicode char U+0159 (decimal 345)
   defining Unicode char U+015A (decimal 346)
   defining Unicode char U+015B (decimal 347)
   defining Unicode char U+015E (decimal 350)
   defining Unicode char U+015F (decimal 351)
   defining Unicode char U+0160 (decimal 352)
   defining Unicode char U+0161 (decimal 353)
   defining Unicode char U+0162 (decimal 354)
   defining Unicode char U+0163 (decimal 355)
   defining Unicode char U+0164 (decimal 356)
   defining Unicode char U+0165 (decimal 357)
   defining Unicode char U+016E (decimal 366)
   defining Unicode char U+016F (decimal 367)
   defining Unicode char U+0170 (decimal 368)
   defining Unicode char U+0171 (decimal 369)
   defining Unicode char U+0178 (decimal 376)
   defining Unicode char U+0179 (decimal 377)
   defining Unicode char U+017A (decimal 378)
   defining Unicode char U+017B (decimal 379)
   defining Unicode char U+017C (decimal 380)
   defining Unicode char U+017D (decimal 381)
   defining Unicode char U+017E (decimal 382)
   defining Unicode char U+200C (decimal 8204)
   defining Unicode char U+2013 (decimal 8211)
   defining Unicode char U+2014 (decimal 8212)
   defining Unicode char U+2018 (decimal 8216)
   defining Unicode char U+2019 (decimal 8217)
   defining Unicode char U+201A (decimal 8218)
   defining Unicode char U+201C (decimal 8220)
   defining Unicode char U+201D (decimal 8221)
   defining Unicode char U+201E (decimal 8222)
   defining Unicode char U+2030 (decimal 8240)
   defining Unicode char U+2031 (decimal 8241)
   defining Unicode char U+2039 (decimal 8249)
   defining Unicode char U+203A (decimal 8250)
   defining Unicode char U+2423 (decimal 9251)
)
Now handling font encoding OT1 ...
... processing UTF-8 mapping file for font encodingOT1

(/opt/local/share/texmf-dist/tex/latex/base/ot1enc.dfu
File: ot1enc.dfu 2006/03/30 v1.1i UTF-8 support for inputenc
   defining Unicode char U+00A1 (decimal 161)
   defining Unicode char U+00A3 (decimal 163)
   defining Unicode char U+00B8 (decimal 184)
   defining Unicode char U+00BF (decimal 191)
   defining Unicode char U+00C5 (decimal 197)
   defining Unicode char U+00C6 (decimal 198)
   defining Unicode char U+00D8 (decimal 216)
   defining Unicode char U+00DF (decimal 223)
   defining Unicode char U+00E6 (decimal 230)
   defining Unicode char U+00EC (decimal 236)
   defining Unicode char U+00ED (decimal 237)
   defining Unicode char U+00EE (decimal 238)
   defining Unicode char U+00EF (decimal 239)
   defining Unicode char U+00F8 (decimal 248)
   defining Unicode char U+0131 (decimal 305)
   defining Unicode char U+0141 (decimal 321)
   defining Unicode char U+0142 (decimal 322)
   defining Unicode char U+0152 (decimal 338)
   defining Unicode char U+0153 (decimal 339)
   defining Unicode char U+2013 (decimal 8211)
   defining Unicode char U+2014 (decimal 8212)
   defining Unicode char U+2018 (decimal 8216)
   defining Unicode char U+2019 (decimal 8217)
   defining Unicode char U+201C (decimal 8220)
   defining Unicode char U+201D (decimal 8221)
)
Now handling font encoding OMS ...
... processing UTF-8 mapping file for font encodingOMS

(/opt/local/share/texmf-dist/tex/latex/base/omsenc.dfu
File: omsenc.dfu 2006/03/30 v1.1i UTF-8 support for inputenc
   defining Unicode char U+00A7 (decimal 167)
   defining Unicode char U+00B6 (decimal 182)
   defining Unicode char U+00B7 (decimal 183)
   defining Unicode char U+2020 (decimal 8224)
   defining Unicode char U+2021 (decimal 8225)
   defining Unicode char U+2022 (decimal 8226)
)
Now handling font encoding OMX ...
... no UTF-8 mapping file for font encoding OMX
Now handling font encoding U ...
... no UTF-8 mapping file for font encoding U
   defining Unicode char U+00A9 (decimal 169)
   defining Unicode char U+00AA (decimal 170)
   defining Unicode char U+00AE (decimal 174)
   defining Unicode char U+00BA (decimal 186)
   defining Unicode char U+02C6 (decimal 710)
   defining Unicode char U+02DC (decimal 732)
   defining Unicode char U+200C (decimal 8204)
   defining Unicode char U+2026 (decimal 8230)
   defining Unicode char U+2122 (decimal 8482)
   defining Unicode char U+2423 (decimal 9251)
))
(/opt/local/share/texmf-dist/tex/latex/hyperref/hyperref.sty
Package: hyperref 2007/02/07 v6.75r Hypertext links for LaTeX

(/opt/local/share/texmf-dist/tex/latex/graphics/keyval.sty
Package: keyval 1999/03/16 v1.13 key=value parser (DPC)
\KV@toks@=\toks18
)
\@linkdim=\dimen105
\Hy@linkcounter=\count92
\Hy@pagecounter=\count93

(/opt/local/share/texmf-dist/tex/latex/hyperref/pd1enc.def
File: pd1enc.def 2007/02/07 v6.75r Hyperref: PDFDocEncoding definition (HO)
Now handling font encoding PD1 ...
... no UTF-8 mapping file for font encoding PD1
)
(/opt/local/share/texmf/tex/latex/config/hyperref.cfg
File: hyperref.cfg 2002/06/06 v1.2 hyperref configuration of TeXLive
)
(/opt/local/share/texmf-dist/tex/latex/oberdiek/kvoptions.sty
Package: kvoptions 2006/08/22 v2.4 Connects package keyval with LaTeX options (
HO)
)
Package hyperref Info: Option `bookmarks' set `true' on input line 2238.
Package hyperref Info: Option `bookmarksopen' set `false' on input line 2238.
Package hyperref Info: Option `colorlinks' set `true' on input line 2238.
Package hyperref Info: Hyper figures OFF on input line 2288.
Package hyperref Info: Link nesting OFF on input line 2293.
Package hyperref Info: Hyper index ON on input line 2296.
Package hyperref Info: Plain pages OFF on input line 2303.
Package hyperref Info: Backreferencing ON on input line 2306.

Implicit mode ON; LaTeX internals redefined
Package hyperref Info: Bookmarks ON on input line 2444.
(/opt/local/share/texmf-dist/tex/latex/hyperref/backref.sty
Package: backref 2006/10/06 v1.27 Bibliographical back referencing
)
(/opt/local/share/texmf-dist/tex/latex/ltxmisc/url.sty
\Urlmuskip=\muskip10
Package: url 2005/06/27  ver 3.2  Verb mode for urls, etc.
)
LaTeX Info: Redefining \url on input line 2599.
\Fld@menulength=\count94
\Field@Width=\dimen106
\Fld@charsize=\dimen107
\Choice@toks=\toks19
\Field@toks=\toks20
Package hyperref Info: Hyper figures OFF on input line 3102.
Package hyperref Info: Link nesting OFF on input line 3107.
Package hyperref Info: Hyper index ON on input line 3110.
Package hyperref Info: backreferencing ON on input line 3115.
Package hyperref Info: Link coloring ON on input line 3120.
\Hy@abspage=\count95
\c@Item=\count96
\c@Hfootnote=\count97
)
*hyperref using driver hdvips*
(/opt/local/share/texmf-dist/tex/latex/hyperref/hdvips.def
File: hdvips.def 2007/02/07 v6.75r Hyperref driver for dvips

(/opt/local/share/texmf-dist/tex/latex/hyperref/pdfmark.def
File: pdfmark.def 2007/02/07 v6.75r Hyperref definitions for pdfmark specials
\pdf@docset=\toks21
\pdf@box=\box30
\pdf@toks=\toks22
\pdf@defaulttoks=\toks23
\Fld@listcount=\count98
))
\@indexfile=\write3
\openout3 = `api.idx'.


Writing index file api.idx
(/opt/local/share/texmf-dist/tex/latex/ae/ae.sty
Package: ae 2001/02/12 1.3 Almost European Computer Modern

(/opt/local/share/texmf-dist/tex/latex/base/fontenc.sty
Package: fontenc 2005/09/27 v1.99g Standard LaTeX package

(/opt/local/share/texmf-dist/tex/latex/base/t1enc.def
File: t1enc.def 2005/09/27 v1.99g Standard LaTeX file
LaTeX Font Info:    Redeclaring font encoding T1 on input line 43.
)
LaTeX Font Info:    Try loading font information for T1+aer on input line 100.

(/opt/local/share/texmf-dist/tex/latex/ae/t1aer.fd
File: t1aer.fd 1997/11/16 Font definitions for T1/aer.
)))
(/opt/local/share/texmf-dist/tex/latex/aeguill/aeguill.sty
Package: aeguill 2003/08/02 1.02 AE fonts with french guillemets (D. Roegel)
)
(/opt/local/share/texmf-dist/tex/latex/base/shortvrb.sty
Package: shortvrb 2006/02/02 v2.1d Standard LaTeX documentation package (FMi)
)
(/opt/local/share/texmf-dist/tex/latex/ucs/ucs.sty
Package: ucs 2004/10/17 UCS: Unicode input support

(/opt/local/share/texmf-dist/tex/latex/ucs/data/uni-global.def
File: uni-global.def 2004/10/17 UCS: Unicode global data
)
\uc@secondtry=\count99
\uc@combtoks=\toks24
\uc@combtoksb=\toks25
\uc@temptokena=\toks26
)
(/opt/local/share/texmf-dist/tex/latex/tools/tabularx.sty
Package: tabularx 1999/01/07 v2.07 `tabularx' package (DPC)

(/opt/local/share/texmf-dist/tex/latex/tools/array.sty
Package: array 2005/08/23 v2.4b Tabular extension package (FMi)
\col@sep=\dimen108
\extrarowheight=\dimen109
\NC@list=\toks27
\extratabsurround=\skip64
\backup@length=\skip65
)
\TX@col@width=\dimen110
\TX@old@table=\dimen111
\TX@old@col=\dimen112
\TX@target=\dimen113
\TX@delta=\dimen114
\TX@cols=\count100
\TX@ftn=\toks28
)
(/opt/local/share/texmf-dist/tex/latex/amsmath/amsmath.sty
Package: amsmath 2000/07/18 v2.13 AMS math features
\@mathmargin=\skip66

For additional information on amsmath, use the `?' option.
(/opt/local/share/texmf-dist/tex/latex/amsmath/amstext.sty
Package: amstext 2000/06/29 v2.01

(/opt/local/share/texmf-dist/tex/latex/amsmath/amsgen.sty
File: amsgen.sty 1999/11/30 v2.0
\@emptytoks=\toks29
\ex@=\dimen115
))
(/opt/local/share/texmf-dist/tex/latex/amsmath/amsbsy.sty
Package: amsbsy 1999/11/29 v1.2d
\pmbraise@=\dimen116
)
(/opt/local/share/texmf-dist/tex/latex/amsmath/amsopn.sty
Package: amsopn 1999/12/14 v2.01 operator names
)
\inf@bad=\count101
LaTeX Info: Redefining \frac on input line 211.
\uproot@=\count102
\leftroot@=\count103
LaTeX Info: Redefining \overline on input line 307.
\classnum@=\count104
\DOTSCASE@=\count105
LaTeX Info: Redefining \ldots on input line 379.
LaTeX Info: Redefining \dots on input line 382.
LaTeX Info: Redefining \cdots on input line 467.
\Mathstrutbox@=\box31
\strutbox@=\box32
\big@size=\dimen117
LaTeX Font Info:    Redeclaring font encoding OML on input line 567.
LaTeX Font Info:    Redeclaring font encoding OMS on input line 568.
\macc@depth=\count106
\c@MaxMatrixCols=\count107
\dotsspace@=\muskip11
\c@parentequation=\count108
\dspbrk@lvl=\count109
\tag@help=\toks30
\row@=\count110
\column@=\count111
\maxfields@=\count112
\andhelp@=\toks31
\eqnshift@=\dimen118
\alignsep@=\dimen119
\tagshift@=\dimen120
\tagwidth@=\dimen121
\totwidth@=\dimen122
\lineht@=\dimen123
\@envbody=\toks32
\multlinegap=\skip67
\multlinetaggap=\skip68
\mathdisplay@stack=\toks33
LaTeX Info: Redefining \[ on input line 2666.
LaTeX Info: Redefining \] on input line 2667.
)
(/opt/local/share/texmf-dist/tex/latex/graphics/graphicx.sty
Package: graphicx 1999/02/16 v1.0f Enhanced LaTeX Graphics (DPC,SPQR)

(/opt/local/share/texmf-dist/tex/latex/graphics/graphics.sty
Package: graphics 2006/02/20 v1.0o Standard LaTeX Graphics (DPC,SPQR)

(/opt/local/share/texmf-dist/tex/latex/graphics/trig.sty
Package: trig 1999/03/16 v1.09 sin cos tan (DPC)
)
(/opt/local/share/texmf/tex/latex/config/graphics.cfg
File: graphics.cfg 2007/01/18 v1.5 graphics configuration of teTeX/TeXLive
)
Package graphics Info: Driver file: dvips.def on input line 90.
)
\Gin@req@height=\dimen124
\Gin@req@width=\dimen125
)
(/opt/local/share/texmf-dist/tex/latex/base/ifthen.sty
Package: ifthen 2001/05/26 v1.1c Standard LaTeX ifthen package (DPC)
)
(/opt/local/share/texmf-dist/tex/latex/koma-script/typearea.sty
Package: typearea 2006/07/30 v2.95b KOMA-Script package (type area)

Package typearea, 2006/07/30 v2.95b KOMA-Script package (type area)
                  Copyright (C) Frank Neukam, 1992-1994
                  Copyright (C) Markus Kohm, 1994-2002

(/opt/local/share/texmf-dist/tex/latex/koma-script/scrkbase.sty
Package: scrkbase 2006/07/30 v2.95b KOMA-Script package (basics and keyval use)


(/opt/local/share/texmf-dist/tex/latex/koma-script/scrlfile.sty
Package: scrlfile 2006/03/28 v2.95 KOMA-Script package (loading files)

Package scrlfile, 2006/03/28 v2.95 KOMA-Script package (loading files)
                  Copyright (C) Markus Kohm

))
\ta@bcor=\skip69
\ta@div=\count113
\ta@hblk=\skip70
\ta@vblk=\skip71
\ta@temp=\skip72


Package typearea Warning: Bad DIV-value!
(typearea)                You should e.g. decrease DIV, increase fontsize
(typearea)                or change papersize.

Package typearea Info: These are the values describing the layout:
(typearea)             DIV  = 12
(typearea)             BCOR = 0.0pt
(typearea)             \paperwidth      = 597.50793pt
(typearea)              \textwidth      = 448.13095pt
(typearea)              DIV-departure   = -25/100
(typearea)              \evensidemargin = 2.4185pt
(typearea)              \oddsidemargin  = 2.4185pt
(typearea)             \paperheight     = 845.04694pt
(typearea)              \textheight     = 634.0pt
(typearea)              \topmargin      = -34.84941pt
(typearea)              \headheight     = 15.0pt
(typearea)              \headsep        = 18.0pt
(typearea)              \topskip        = 10.0pt
(typearea)              \footskip       = 42.0pt
(typearea)              \baselineskip   = 12.0pt
(typearea)              on input line 832.
)
\admonitionwidth=\skip73
\docinfowidth=\skip74
\locallinewidth=\skip75
\lineblockindentation=\skip76
 (./api.aux (./biblio.webquery-module.aux)
(./biblio.webquery.basewebquery-module.aux)
(./biblio.webquery.bibrecord-module.aux) (./biblio.webquery.errors-module.aux)
(./biblio.webquery.impl-module.aux) (./biblio.webquery.isbndb-module.aux)
(./biblio.webquery.loc-module.aux) (./biblio.webquery.querythrottle-module.aux)
(./biblio.webquery.scripts-module.aux)
(./biblio.webquery.scripts.common-module.aux)
(./biblio.webquery.scripts.config-module.aux)
(./biblio.webquery.scripts.queryisbn-module.aux)
(./biblio.webquery.scripts.renamebyisbn-module.aux)
(./biblio.webquery.utils-module.aux) (./biblio.webquery.worldcat-module.aux)
(./biblio.webquery.xisbn-module.aux) (./xml.etree.ElementTree-module.aux

LaTeX Warning: Label `xml:etree:ElementTree:ProcessingInstruction' multiply def
ined.


LaTeX Warning: Label `xml:etree:ElementTree:XML' multiply defined.


LaTeX Warning: Label `xml:etree:ElementTree:XMLTreeBuilder' multiply defined.


LaTeX Warning: Label `xml:etree:ElementTree:XMLTreeBuilder:__init__' multiply d
efined.


LaTeX Warning: Label `xml:etree:ElementTree:XMLTreeBuilder:close' multiply defi
ned.


LaTeX Warning: Label `xml:etree:ElementTree:XMLTreeBuilder:doctype' multiply de
fined.


LaTeX Warning: Label `xml:etree:ElementTree:XMLTreeBuilder:feed' multiply defin
ed.

))
\openout1 = `api.aux'.

LaTeX Font Info:    Checking defaults for OML/cmm/m/it on input line 134.
LaTeX Font Info:    ... okay on input line 134.
LaTeX Font Info:    Checking defaults for T1/cmr/m/n on input line 134.
LaTeX Font Info:    ... okay on input line 134.
LaTeX Font Info:    Checking defaults for OT1/cmr/m/n on input line 134.
LaTeX Font Info:    ... okay on input line 134.
LaTeX Font Info:    Checking defaults for OMS/cmsy/m/n on input line 134.
LaTeX Font Info:    ... okay on input line 134.
LaTeX Font Info:    Checking defaults for OMX/cmex/m/n on input line 134.
LaTeX Font Info:    ... okay on input line 134.
LaTeX Font Info:    Checking defaults for U/cmr/m/n on input line 134.
LaTeX Font Info:    ... okay on input line 134.
LaTeX Font Info:    Checking defaults for PD1/pdf/m/n on input line 134.
LaTeX Font Info:    ... okay on input line 134.
Package hyperref Info: Link coloring ON on input line 134.
 (/opt/local/share/texmf-dist/tex/latex/hyperref/nameref.sty
Package: nameref 2006/12/27 v2.28 Cross-referencing by name of section

(/opt/local/share/texmf-dist/tex/latex/oberdiek/refcount.sty
Package: refcount 2006/02/20 v3.0 Data extraction from references (HO)
)
\c@section@level=\count114
)
LaTeX Info: Redefining \ref on input line 134.
LaTeX Info: Redefining \pageref on input line 134.
 (./api.out)
(./api.out)
\@outlinefile=\write4
\openout4 = `api.out'.

 (/opt/local/share/texmf-dist/tex/latex/ucs/ucsencs.def
File: ucsencs.def 2003/11/29 Fixes to fontencodings LGR, T3
)

Package ucs Warning: ***************************
(ucs)                You seem to have loaded inputencoding utf8
(ucs)                (LaTeX kernel UTF-8) instead of utf8x (ucs.sty UTF-8).
(ucs)                Probably you are compiling a document written for a
(ucs)                pre-august-2004 ucs.sty.
(ucs)                ***************************
(ucs)                Please use \usepackage[utf8x]{inputenc} instead of
(ucs)                \usepackage[utf8]{inputenc}.
(ucs)                ***************************
(ucs)                If you should really want to use ucs.sty and kernel's
(ucs)                utf8.def together, use \usepackage[utf8x,utf8]{inputenc}
(ucs)                to disable compatibility mode
(ucs)                ***************************
(ucs)                Activating compatibility mode.
(ucs)                ***************************
(ucs)                 on input line 134.

(/opt/local/share/texmf-dist/tex/latex/ucs/utf8x.def
File: utf8x.def 2004/10/17 UCS: Input encoding UTF-8
)
LaTeX Font Info:    Try loading font information for U+msa on input line 149.

(/opt/local/share/texmf-dist/tex/latex/amsfonts/umsa.fd
File: umsa.fd 2002/01/19 v2.2g AMS font definitions
)
LaTeX Font Info:    Try loading font information for U+msb on input line 149.

(/opt/local/share/texmf-dist/tex/latex/amsfonts/umsb.fd
File: umsb.fd 2002/01/19 v2.2g AMS font definitions
) (./api.toc [1

]
[2])
\tf@toc=\write5
\openout5 = `api.toc'.

 [3]
\openout2 = `biblio.webquery-module.aux'.

 (./biblio.webquery-module.tex
LaTeX Font Info:    Try loading font information for OMS+aer on input line 32.

(/opt/local/share/texmf-dist/tex/latex/ae/omsaer.fd
File: omsaer.fd 1999/12/27
)
LaTeX Font Info:    Font shape `OMS/aer/m/n' in size <10> not available
(Font)              Font shape `OMS/cmsy/m/n' tried instead on input line 32.
) [4

]
\openout2 = `biblio.webquery.basewebquery-module.aux'.


(./biblio.webquery.basewebquery-module.tex
Overfull \hbox (31.70872pt too wide) in paragraph at lines 48--53
[]\T1/aer/bx/n/10 Known Sub-classes: \T1/aer/m/n/10 bib-lio.webquery.basewebque
ry.BaseKeyedWebQuery, bib-lio.webquery.xisbn.XisbnQuery,
 []

LaTeX Font Info:    Try loading font information for T1+aett on input line 70.
(/opt/local/share/texmf-dist/tex/latex/ae/t1aett.fd
File: t1aett.fd 1997/11/16 Font definitions for T1/aett.
) [5


]
Overfull \hbox (27.93689pt too wide) in paragraph at lines 169--170
[]\T1/aer/m/n/12 __delattr__(), __getat-tribute__(), __hash__(), __new__(), __r
e-duce__(), __re-duce_ex__(),
 []


Overfull \hbox (129.13571pt too wide) in paragraph at lines 199--229
[] 
 []

[6]
Overfull \hbox (27.93689pt too wide) in paragraph at lines 304--305
[]\T1/aer/m/n/12 __delattr__(), __getat-tribute__(), __hash__(), __new__(), __r
e-duce__(), __re-duce_ex__(),
 []

) [7]
\openout2 = `biblio.webquery.bibrecord-module.aux'.

 (./biblio.webquery.bibrecord-module.tex
LaTeX Font Info:    Font shape `OMS/aer/m/n' in size <12> not available
(Font)              Font shape `OMS/cmsy/m/n' tried instead on input line 25.
 [8


]
Overfull \hbox (27.93689pt too wide) in paragraph at lines 142--143
[]\T1/aer/m/n/12 __delattr__(), __getat-tribute__(), __hash__(), __new__(), __r
e-duce__(), __re-duce_ex__(),
 []

[9]
Overfull \hbox (27.93689pt too wide) in paragraph at lines 283--284
[]\T1/aer/m/n/12 __delattr__(), __getat-tribute__(), __hash__(), __new__(), __r
e-duce__(), __re-duce_ex__(),
 []

) [10]
\openout2 = `biblio.webquery.errors-module.aux'.

 (./biblio.webquery.errors-module.tex
Overfull \hbox (31.2606pt too wide) in paragraph at lines 123--124
[]\T1/aer/m/n/12 __delattr__(), __getat-tribute__(), __getitem__(), __get-slice
__(), __re-duce__(), __repr__(),
 []

[11


]
Overfull \hbox (31.2606pt too wide) in paragraph at lines 257--258
[]\T1/aer/m/n/12 __delattr__(), __getat-tribute__(), __getitem__(), __get-slice
__(), __re-duce__(), __repr__(),
 []

[12]
Overfull \hbox (45.56868pt too wide) in paragraph at lines 296--354
[] 
 []


Overfull \hbox (31.2606pt too wide) in paragraph at lines 392--393
[]\T1/aer/m/n/12 __delattr__(), __getat-tribute__(), __getitem__(), __get-slice
__(), __re-duce__(), __repr__(),
 []

[13]) [14]
\openout2 = `biblio.webquery.impl-module.aux'.

 (./biblio.webquery.impl-module.tex
Overfull \hbox (159.6948pt too wide) in paragraph at lines 66--71
[]\T1/aer/bx/n/12 Known Sub-classes: \T1/aer/m/n/12 bib-lio.webquery.querythrot
tle.BaseQueryThrottle, bib-lio.webquery.basewebquery.BaseWebquery,
 []

[15


]) [16]
\openout2 = `biblio.webquery.isbndb-module.aux'.

 (./biblio.webquery.isbndb-module.tex
Overfull \hbox (70.6851pt too wide) in paragraph at lines 48--91
[] 
 []

[17


] [18]
Overfull \hbox (27.93689pt too wide) in paragraph at lines 363--364
[]\T1/aer/m/n/12 __delattr__(), __getat-tribute__(), __hash__(), __new__(), __r
e-duce__(), __re-duce_ex__(),
 []

) [19]
\openout2 = `biblio.webquery.loc-module.aux'.

 (./biblio.webquery.loc-module.tex
Overfull \hbox (123.35559pt too wide) in paragraph at lines 32--33
\T1/aett/m/n/12 'http://z3950.loc.gov:7090/voyager?operation=searchRetrie...|  

 []

[20


]
Overfull \hbox (27.93689pt too wide) in paragraph at lines 158--159
[]\T1/aer/m/n/12 __delattr__(), __getat-tribute__(), __hash__(), __new__(), __r
e-duce__(), __re-duce_ex__(),
 []

) [21]
\openout2 = `biblio.webquery.querythrottle-module.aux'.

 (./biblio.webquery.querythrottle-module.tex
Overfull \hbox (34.03595pt too wide) in paragraph at lines 49--68
[] 
 []


Overfull \hbox (227.36223pt too wide) in paragraph at lines 69--72
[]\T1/aer/bx/n/12 Known Sub-classes: \T1/aer/m/n/12 bib-lio.webquery.querythrot
tle.AbsoluteNumberThrottle, bib-lio.webquery.querythrottle.WaitNSecondsThrottle
 
 []

[22


]
Overfull \hbox (27.93689pt too wide) in paragraph at lines 219--220
[]\T1/aer/m/n/12 __delattr__(), __getat-tribute__(), __hash__(), __new__(), __r
e-duce__(), __re-duce_ex__(),
 []

[23]
Overfull \hbox (154.47897pt too wide) in paragraph at lines 249--279
[] 
 []

[24]
Overfull \hbox (8.73953pt too wide) in paragraph at lines 380--381
[]\T1/aer/bx/it/12 Inherited from bib-lio.webquery.querythrottle.BaseQueryThrot
tle(Section [][][][][][]) 
 []


Overfull \hbox (27.93689pt too wide) in paragraph at lines 395--396
[]\T1/aer/m/n/12 __delattr__(), __getat-tribute__(), __hash__(), __new__(), __r
e-duce__(), __re-duce_ex__(),
 []


Overfull \hbox (186.79887pt too wide) in paragraph at lines 425--468
[] 
 []

[25]
Overfull \hbox (2.33199pt too wide) in paragraph at lines 513--514
[]\T1/aer/bx/it/12 Inherited from bib-lio.webquery.querythrottle.WaitNSecondsTh
rottle(Section
 []


Overfull \hbox (8.73953pt too wide) in paragraph at lines 519--520
[]\T1/aer/bx/it/12 Inherited from bib-lio.webquery.querythrottle.BaseQueryThrot
tle(Section [][][][][][]) 
 []


Overfull \hbox (27.93689pt too wide) in paragraph at lines 534--535
[]\T1/aer/m/n/12 __delattr__(), __getat-tribute__(), __hash__(), __new__(), __r
e-duce__(), __re-duce_ex__(),
 []


Overfull \hbox (169.69476pt too wide) in paragraph at lines 564--594
[] 
 []

[26]
Overfull \hbox (8.73953pt too wide) in paragraph at lines 697--698
[]\T1/aer/bx/it/12 Inherited from bib-lio.webquery.querythrottle.BaseQueryThrot
tle(Section [][][][][][]) 
 []


Overfull \hbox (27.93689pt too wide) in paragraph at lines 712--713
[]\T1/aer/m/n/12 __delattr__(), __getat-tribute__(), __hash__(), __new__(), __r
e-duce__(), __re-duce_ex__(),
 []

[27]
Overfull \hbox (27.93689pt too wide) in paragraph at lines 783--784
[]\T1/aer/m/n/12 __delattr__(), __getat-tribute__(), __hash__(), __new__(), __r
e-duce__(), __re-duce_ex__(),
 []

) [28]
\openout2 = `biblio.webquery.scripts-module.aux'.

 (./biblio.webquery.scripts-module.tex) [29


]
\openout2 = `biblio.webquery.scripts.common-module.aux'.


(./biblio.webquery.scripts.common-module.tex) [30


]
\openout2 = `biblio.webquery.scripts.config-module.aux'.


(./biblio.webquery.scripts.config-module.tex) [31


]
\openout2 = `biblio.webquery.scripts.queryisbn-module.aux'.


(./biblio.webquery.scripts.queryisbn-module.tex) [32


]
\openout2 = `biblio.webquery.scripts.renamebyisbn-module.aux'.


(./biblio.webquery.scripts.renamebyisbn-module.tex
Overfull \hbox (55.5081pt too wide) in paragraph at lines 152--153
\T1/aett/m/n/12 '%(auth)s%(year)s_%(short_title)s_(isbn%(isbn)s)'|  
 []

[33


]) [34]
\openout2 = `biblio.webquery.utils-module.aux'.

 (./biblio.webquery.utils-module.tex [35


] [36] [37]
Overfull \hbox (123.35559pt too wide) in paragraph at lines 255--256
\T1/aett/m/n/12 [re.compile(r'(?iu)^(?P<city>.*)\s*:\s*(?P<pub>.*)\s*,\s*...|  

 []

) [38]
\openout2 = `biblio.webquery.worldcat-module.aux'.

 (./biblio.webquery.worldcat-module.tex [39


]
Overfull \hbox (55.5081pt too wide) in paragraph at lines 169--170
\T1/aett/m/n/12 'http://xisbn.worldcat.org/webservices/xid/isbn/'|  
 []


Overfull \hbox (61.50436pt too wide) in paragraph at lines 186--216
[] 
 []

[40]
Overfull \hbox (27.93689pt too wide) in paragraph at lines 322--323
[]\T1/aer/m/n/12 __delattr__(), __getat-tribute__(), __hash__(), __new__(), __r
e-duce__(), __re-duce_ex__(),
 []

) [41]
\openout2 = `biblio.webquery.xisbn-module.aux'.

 (./biblio.webquery.xisbn-module.tex
Overfull \hbox (22.14505pt too wide) in paragraph at lines 77--107
[] 
 []

[42


] [43]
Overfull \hbox (27.93689pt too wide) in paragraph at lines 397--398
[]\T1/aer/m/n/12 __delattr__(), __getat-tribute__(), __hash__(), __new__(), __r
e-duce__(), __re-duce_ex__(),
 []

) [44]
\openout2 = `xml.etree.ElementTree-module.aux'.

 (./xml.etree.ElementTree-module.tex [45


] [46]) [47] (./api.ind
Overfull \hbox (8.02827pt too wide) in paragraph at lines 7--9
[]| \T1/aer/m/n/12 bib-lio.webquery.bibrecord \T1/aer/m/it/12 (mod-ule)\T1/aer/
m/n/12 , [][][][][][]--
 []


Overfull \hbox (0.93611pt too wide) in paragraph at lines 9--11
[]| \T1/aer/m/n/12 bib-lio.webquery.errors \T1/aer/m/it/12 (mod-ule)\T1/aer/m/n
/12 , [][][][][][]--[][][][][][] 
 []


Overfull \hbox (0.20416pt too wide) in paragraph at lines 11--13
[]| \T1/aer/m/n/12 bib-lio.webquery.impl \T1/aer/m/it/12 (mod-ule)\T1/aer/m/n/1
2 , [][][][][][]--[][][][][][] 
 []


Overfull \hbox (12.96477pt too wide) in paragraph at lines 17--19
[]| \T1/aer/m/n/12 bib-lio.webquery.querythrottle \T1/aer/m/it/12 (mod-ule)\T1/
aer/m/n/12 ,
 []


Overfull \hbox (9.67207pt too wide) in paragraph at lines 23--25
[]| \T1/aer/m/n/12 bib-lio.webquery.worldcat \T1/aer/m/it/12 (mod-ule)\T1/aer/m
/n/12 , [][][][][][]--
 []


Overfull \hbox (6.77246pt too wide) in paragraph at lines 34--36
[]\T1/aer/m/n/12 xml.etree.ElementTree.Comment \T1/aer/m/it/12 (func-tion)\T1/a
er/m/n/12 ,
 []


Overfull \hbox (0.82793pt too wide) in paragraph at lines 36--37
[]\T1/aer/m/n/12 xml.etree.ElementTree.dump \T1/aer/m/it/12 (func-tion)\T1/aer/
m/n/12 , [][][][][][] 
 []


Overfull \hbox (3.61658pt too wide) in paragraph at lines 39--41
[]\T1/aer/m/n/12 xml.etree.ElementTree.ElementTree \T1/aer/m/it/12 (class)\T1/a
er/m/n/12 ,
 []


Overfull \hbox (4.18042pt too wide) in paragraph at lines 41--43
[]\T1/aer/m/n/12 xml.etree.ElementTree.ElementTree.__init__
 []


Overfull \hbox (20.46458pt too wide) in paragraph at lines 43--45
[]\T1/aer/m/n/12 xml.etree.ElementTree.ElementTree.find \T1/aer/m/it/12 (func-
 []


Overfull \hbox (32.83641pt too wide) in paragraph at lines 45--47
[]\T1/aer/m/n/12 xml.etree.ElementTree.ElementTree.findall \T1/aer/m/it/12 (fun
c-
 []


Overfull \hbox (7.48059pt too wide) in paragraph at lines 47--49
[]\T1/aer/m/n/12 xml.etree.ElementTree.ElementTree.findtext
 []


Overfull \hbox (21.49622pt too wide) in paragraph at lines 49--51
[]\T1/aer/m/n/12 xml.etree.ElementTree.ElementTree.getiterator
 []


Overfull \hbox (4.22838pt too wide) in paragraph at lines 51--53
[]\T1/aer/m/n/12 xml.etree.ElementTree.ElementTree.getroot
 []


Overfull \hbox (27.71239pt too wide) in paragraph at lines 53--55
[]\T1/aer/m/n/12 xml.etree.ElementTree.ElementTree.parse \T1/aer/m/it/12 (func-

 []


Overfull \hbox (26.9923pt too wide) in paragraph at lines 55--57
[]\T1/aer/m/n/12 xml.etree.ElementTree.ElementTree.write \T1/aer/m/it/12 (func-

 []


Overfull \hbox (4.21657pt too wide) in paragraph at lines 57--59
[]\T1/aer/m/n/12 xml.etree.ElementTree.iselement \T1/aer/m/it/12 (func-tion)\T1
/aer/m/n/12 ,
 []


Overfull \hbox (17.35622pt too wide) in paragraph at lines 61--63
[]\T1/aer/m/n/12 xml.etree.ElementTree.iterparse.__init__ \T1/aer/m/it/12 (func
-
 []


Overfull \hbox (17.36818pt too wide) in paragraph at lines 63--65
[]\T1/aer/m/n/12 xml.etree.ElementTree.iterparse.__iter__ \T1/aer/m/it/12 (func
-
 []


Overfull \hbox (3.06447pt too wide) in paragraph at lines 65--67
[]\T1/aer/m/n/12 xml.etree.ElementTree.iterparse.next \T1/aer/m/it/12 (func-
 []


Overfull \hbox (9.94043pt too wide) in paragraph at lines 68--70
[]\T1/aer/m/n/12 xml.etree.ElementTree.ProcessingInstruction
 []


Overfull \hbox (15.71237pt too wide) in paragraph at lines 71--73
[]\T1/aer/m/n/12 xml.etree.ElementTree.QName.__cmp__ \T1/aer/m/it/12 (func-
 []


Overfull \hbox (17.72838pt too wide) in paragraph at lines 73--75
[]\T1/aer/m/n/12 xml.etree.ElementTree.QName.__hash__ \T1/aer/m/it/12 (func-
 []


Overfull \hbox (11.77635pt too wide) in paragraph at lines 75--77
[]\T1/aer/m/n/12 xml.etree.ElementTree.QName.__init__ \T1/aer/m/it/12 (func-
 []


Overfull \hbox (7.94835pt too wide) in paragraph at lines 77--79
[]\T1/aer/m/n/12 xml.etree.ElementTree.QName.__str__ \T1/aer/m/it/12 (func-
 []


Overfull \hbox (18.65259pt too wide) in paragraph at lines 79--81
[]\T1/aer/m/n/12 xml.etree.ElementTree.SubElement \T1/aer/m/it/12 (func-tion)\T
1/aer/m/n/12 ,
 []


Overfull \hbox (33.1122pt too wide) in paragraph at lines 85--87
[]\T1/aer/m/n/12 xml.etree.ElementTree.TreeBuilder.__init__ \T1/aer/m/it/12 (fu
nc-
 []


Overfull \hbox (20.52443pt too wide) in paragraph at lines 87--89
[]\T1/aer/m/n/12 xml.etree.ElementTree.TreeBuilder.close \T1/aer/m/it/12 (func-

 []


Overfull \hbox (19.14442pt too wide) in paragraph at lines 89--91
[]\T1/aer/m/n/12 xml.etree.ElementTree.TreeBuilder.data \T1/aer/m/it/12 (func-
 []


Overfull \hbox (14.58461pt too wide) in paragraph at lines 91--93
[]\T1/aer/m/n/12 xml.etree.ElementTree.TreeBuilder.end \T1/aer/m/it/12 (func-
 []


Overfull \hbox (20.51234pt too wide) in paragraph at lines 93--95
[]\T1/aer/m/n/12 xml.etree.ElementTree.TreeBuilder.start \T1/aer/m/it/12 (func-

 []


Overfull \hbox (24.9645pt too wide) in paragraph at lines 96--98
[]\T1/aer/m/n/12 xml.etree.ElementTree.XMLTreeBuilder \T1/aer/m/it/12 (class)\T
1/aer/m/n/12 ,
 []

[48


]
Overfull \hbox (25.52834pt too wide) in paragraph at lines 98--100
[]\T1/aer/m/n/12 xml.etree.ElementTree.XMLTreeBuilder.__init__
 []


Overfull \hbox (12.94057pt too wide) in paragraph at lines 100--102
[]\T1/aer/m/n/12 xml.etree.ElementTree.XMLTreeBuilder.close
 []


Overfull \hbox (29.16441pt too wide) in paragraph at lines 102--104
[]\T1/aer/m/n/12 xml.etree.ElementTree.XMLTreeBuilder.doctype
 []


Overfull \hbox (9.29262pt too wide) in paragraph at lines 104--106
[]\T1/aer/m/n/12 xml.etree.ElementTree.XMLTreeBuilder.feed
 []

[49

]) (./api.aux (./biblio.webquery-module.aux)
(./biblio.webquery.basewebquery-module.aux)
(./biblio.webquery.bibrecord-module.aux) (./biblio.webquery.errors-module.aux)
(./biblio.webquery.impl-module.aux) (./biblio.webquery.isbndb-module.aux)
(./biblio.webquery.loc-module.aux) (./biblio.webquery.querythrottle-module.aux)
(./biblio.webquery.scripts-module.aux)
(./biblio.webquery.scripts.common-module.aux)
(./biblio.webquery.scripts.config-module.aux)
(./biblio.webquery.scripts.queryisbn-module.aux)
(./biblio.webquery.scripts.renamebyisbn-module.aux)
(./biblio.webquery.utils-module.aux) (./biblio.webquery.worldcat-module.aux)
(./biblio.webquery.xisbn-module.aux) (./xml.etree.ElementTree-module.aux))

LaTeX Warning: There were multiply-defined labels.

 ) 
Here is how much of TeX's memory you used:
 5595 strings out of 94074
 82727 string characters out of 1164820
 165703 words of memory out of 1500000
 8612 multiletter control sequences out of 10000+50000
 31324 words of font info for 55 fonts, out of 1200000 for 2000
 645 hyphenation exceptions out of 8191
 36i,12n,43p,511b,419s stack positions out of 5000i,500n,6000p,200000b,5000s

Output written on api.dvi (49 pages, 236696 bytes).
