\BOOKMARK [1][-]{section*.2}{Contents}{}
\BOOKMARK [1][-]{section.1}{Package biblio.webquery}{}
\BOOKMARK [2][-]{subsection.1.1}{Modules}{section.1}
\BOOKMARK [1][-]{section.2}{Module biblio.webquery.basewebquery}{}
\BOOKMARK [2][-]{subsection.2.1}{Class BaseWebquery}{section.2}
\BOOKMARK [3][-]{subsubsection.2.1.1}{Methods}{subsection.2.1}
\BOOKMARK [3][-]{subsubsection.2.1.2}{Properties}{subsection.2.1}
\BOOKMARK [2][-]{subsection.2.2}{Class BaseKeyedWebQuery}{section.2}
\BOOKMARK [3][-]{subsubsection.2.2.1}{Methods}{subsection.2.2}
\BOOKMARK [3][-]{subsubsection.2.2.2}{Properties}{subsection.2.2}
\BOOKMARK [1][-]{section.3}{Module biblio.webquery.bibrecord}{}
\BOOKMARK [2][-]{subsection.3.1}{Variables}{section.3}
\BOOKMARK [2][-]{subsection.3.2}{Class BibRecord}{section.3}
\BOOKMARK [3][-]{subsubsection.3.2.1}{Methods}{subsection.3.2}
\BOOKMARK [3][-]{subsubsection.3.2.2}{Properties}{subsection.3.2}
\BOOKMARK [2][-]{subsection.3.3}{Class PersonalName}{section.3}
\BOOKMARK [3][-]{subsubsection.3.3.1}{Methods}{subsection.3.3}
\BOOKMARK [3][-]{subsubsection.3.3.2}{Properties}{subsection.3.3}
\BOOKMARK [1][-]{section.4}{Module biblio.webquery.errors}{}
\BOOKMARK [2][-]{subsection.4.1}{Class QueryError}{section.4}
\BOOKMARK [3][-]{subsubsection.4.1.1}{Methods}{subsection.4.1}
\BOOKMARK [3][-]{subsubsection.4.1.2}{Properties}{subsection.4.1}
\BOOKMARK [2][-]{subsection.4.2}{Class ParseError}{section.4}
\BOOKMARK [3][-]{subsubsection.4.2.1}{Methods}{subsection.4.2}
\BOOKMARK [3][-]{subsubsection.4.2.2}{Properties}{subsection.4.2}
\BOOKMARK [2][-]{subsection.4.3}{Class QueryThrottleError}{section.4}
\BOOKMARK [3][-]{subsubsection.4.3.1}{Methods}{subsection.4.3}
\BOOKMARK [3][-]{subsubsection.4.3.2}{Properties}{subsection.4.3}
\BOOKMARK [1][-]{section.5}{Module biblio.webquery.impl}{}
\BOOKMARK [2][-]{subsection.5.1}{Functions}{section.5}
\BOOKMARK [2][-]{subsection.5.2}{Class ReprObj}{section.5}
\BOOKMARK [3][-]{subsubsection.5.2.1}{Methods}{subsection.5.2}
\BOOKMARK [3][-]{subsubsection.5.2.2}{Properties}{subsection.5.2}
\BOOKMARK [1][-]{section.6}{Module biblio.webquery.isbndb}{}
\BOOKMARK [2][-]{subsection.6.1}{Functions}{section.6}
\BOOKMARK [2][-]{subsection.6.2}{Class IsbndbQuery}{section.6}
\BOOKMARK [3][-]{subsubsection.6.2.1}{Methods}{subsection.6.2}
\BOOKMARK [3][-]{subsubsection.6.2.2}{Properties}{subsection.6.2}
\BOOKMARK [1][-]{section.7}{Module biblio.webquery.loc}{}
\BOOKMARK [2][-]{subsection.7.1}{Variables}{section.7}
\BOOKMARK [2][-]{subsection.7.2}{Class LocQuery}{section.7}
\BOOKMARK [3][-]{subsubsection.7.2.1}{Methods}{subsection.7.2}
\BOOKMARK [3][-]{subsubsection.7.2.2}{Properties}{subsection.7.2}
\BOOKMARK [1][-]{section.8}{Module biblio.webquery.querythrottle}{}
\BOOKMARK [2][-]{subsection.8.1}{Variables}{section.8}
\BOOKMARK [2][-]{subsection.8.2}{Class BaseQueryThrottle}{section.8}
\BOOKMARK [3][-]{subsubsection.8.2.1}{Methods}{subsection.8.2}
\BOOKMARK [3][-]{subsubsection.8.2.2}{Properties}{subsection.8.2}
\BOOKMARK [2][-]{subsection.8.3}{Class WaitNSecondsThrottle}{section.8}
\BOOKMARK [3][-]{subsubsection.8.3.1}{Methods}{subsection.8.3}
\BOOKMARK [3][-]{subsubsection.8.3.2}{Properties}{subsection.8.3}
\BOOKMARK [2][-]{subsection.8.4}{Class WaitOneSecondThrottle}{section.8}
\BOOKMARK [3][-]{subsubsection.8.4.1}{Methods}{subsection.8.4}
\BOOKMARK [3][-]{subsubsection.8.4.2}{Properties}{subsection.8.4}
\BOOKMARK [2][-]{subsection.8.5}{Class AbsoluteNumberThrottle}{section.8}
\BOOKMARK [3][-]{subsubsection.8.5.1}{Methods}{subsection.8.5}
\BOOKMARK [3][-]{subsubsection.8.5.2}{Properties}{subsection.8.5}
\BOOKMARK [2][-]{subsection.8.6}{Class Max500Throttle}{section.8}
\BOOKMARK [3][-]{subsubsection.8.6.1}{Methods}{subsection.8.6}
\BOOKMARK [3][-]{subsubsection.8.6.2}{Properties}{subsection.8.6}
\BOOKMARK [1][-]{section.9}{Package biblio.webquery.scripts}{}
\BOOKMARK [2][-]{subsection.9.1}{Modules}{section.9}
\BOOKMARK [1][-]{section.10}{Module biblio.webquery.scripts.common}{}
\BOOKMARK [2][-]{subsection.10.1}{Functions}{section.10}
\BOOKMARK [2][-]{subsection.10.2}{Variables}{section.10}
\BOOKMARK [1][-]{section.11}{Module biblio.webquery.scripts.config}{}
\BOOKMARK [2][-]{subsection.11.1}{Variables}{section.11}
\BOOKMARK [1][-]{section.12}{Module biblio.webquery.scripts.queryisbn}{}
\BOOKMARK [2][-]{subsection.12.1}{Functions}{section.12}
\BOOKMARK [2][-]{subsection.12.2}{Variables}{section.12}
\BOOKMARK [1][-]{section.13}{Module biblio.webquery.scripts.renamebyisbn}{}
\BOOKMARK [2][-]{subsection.13.1}{Functions}{section.13}
\BOOKMARK [2][-]{subsection.13.2}{Variables}{section.13}
\BOOKMARK [1][-]{section.14}{Module biblio.webquery.utils}{}
\BOOKMARK [2][-]{subsection.14.1}{Functions}{section.14}
\BOOKMARK [2][-]{subsection.14.2}{Variables}{section.14}
\BOOKMARK [1][-]{section.15}{Module biblio.webquery.worldcat}{}
\BOOKMARK [2][-]{subsection.15.1}{Functions}{section.15}
\BOOKMARK [2][-]{subsection.15.2}{Variables}{section.15}
\BOOKMARK [2][-]{subsection.15.3}{Class WorldcatQuery}{section.15}
\BOOKMARK [3][-]{subsubsection.15.3.1}{Methods}{subsection.15.3}
\BOOKMARK [3][-]{subsubsection.15.3.2}{Properties}{subsection.15.3}
\BOOKMARK [1][-]{section.16}{Module biblio.webquery.xisbn}{}
\BOOKMARK [2][-]{subsection.16.1}{Functions}{section.16}
\BOOKMARK [2][-]{subsection.16.2}{Class XisbnQuery}{section.16}
\BOOKMARK [3][-]{subsubsection.16.2.1}{Methods}{subsection.16.2}
\BOOKMARK [3][-]{subsubsection.16.2.2}{Properties}{subsection.16.2}
\BOOKMARK [1][-]{section.17}{Module xml.etree.ElementTree}{}
\BOOKMARK [2][-]{subsection.17.1}{Functions}{section.17}
\BOOKMARK [2][-]{subsection.17.2}{Variables}{section.17}
\BOOKMARK [2][-]{subsection.17.3}{Class ElementTree}{section.17}
\BOOKMARK [3][-]{subsubsection.17.3.1}{Methods}{subsection.17.3}
\BOOKMARK [2][-]{subsection.17.4}{Class QName}{section.17}
\BOOKMARK [3][-]{subsubsection.17.4.1}{Methods}{subsection.17.4}
\BOOKMARK [2][-]{subsection.17.5}{Class TreeBuilder}{section.17}
\BOOKMARK [3][-]{subsubsection.17.5.1}{Methods}{subsection.17.5}
\BOOKMARK [2][-]{subsection.17.6}{Class XMLTreeBuilder}{section.17}
\BOOKMARK [3][-]{subsubsection.17.6.1}{Methods}{subsection.17.6}
\BOOKMARK [2][-]{subsection.17.7}{Class XMLTreeBuilder}{section.17}
\BOOKMARK [3][-]{subsubsection.17.7.1}{Methods}{subsection.17.7}
\BOOKMARK [2][-]{subsection.17.8}{Class iterparse}{section.17}
\BOOKMARK [3][-]{subsubsection.17.8.1}{Methods}{subsection.17.8}
\BOOKMARK [1][-]{section*.4}{Index}{}
