
==========================================================
---  Solver Results                                    ---
==========================================================
----------------------------------------------------------
------  Problem Information                         ------
----------------------------------------------------------
  lower_bound: None
  name: tmpgJBjcC
  num_constraints: 65
  num_nonzeros: 498
  num_objectives: 1
  num_variables: 153
  sense: minimize
  upper_bound: None
----------------------------------------------------------
------  Solver Information                          ------
----------------------------------------------------------
  error_rc: 0
  nbounded: 0
  ncreated: 0
  status: ok
  systime: None
  usrtime: None
  num_solutions: 1
----------------------------------------------------------
------  Solution 1
----------------------------------------------------------
  gap: None
  status: unsure
  value: 224103.000000004
  Primal Variables
        FirstStageCost	162677.0
        SecondStageCost	61426.0
        NumUnitsCutSecondStage__2_1__	1.54090081101e-12
        NumUnitsCutSecondStage__5_1__	2500
        NumUnitsCutSecondStage__2_2__	-1.12074251214e-8
        NumUnitsCutSecondStage__3_2__	4999.99999989
        NumUnitsCutSecondStage__5_2__	2500.00000012
        NumUnitsCutSecondStage__3_3__	12500
        NumUnitsCutSecondStage__4_4__	2.00486598878e-7
        NumUnitsCutSecondStage__5_4__	9999.9999998
        NumUnitsCutSecondStage__5_5__	35000.0000002
        NumUnitsCutSecondStage__6_5__	-1.89167570498e-7
        NumUnitsCutSecondStage__6_6__	25000
        NumUnitsCutSecondStage__7_7__	15000
        NumUnitsCutSecondStage__8_7__	-9.09494701773e-13
        NumUnitsCutSecondStage__8_8__	-1.13686837722e-13
        NumUnitsCutSecondStage__9_8__	12500
        NumUnitsCutSecondStage__10_9__	1.72203917793e-7
        NumUnitsCutSecondStage__9_9__	12499.9999998
        NumUnitsCutSecondStage__10_10__	5000
        NumProducedSecondStage_5_	50000.0000001
        NumProducedSecondStage_6_	-1.89167622011e-7
        NumProducedSecondStage_9_	25000.0000001
        ProduceSizeSecondStage_5_	1
        ProduceSizeSecondStage_9_	1
        NumProducedFirstStage_3_	39999.9999999
        ProduceSizeFirstStage_3_	1
        NumProducedFirstStage_5_	45000.0000002
        ProduceSizeFirstStage_5_	1.0
        NumProducedFirstStage_6_	50000
        ProduceSizeFirstStage_6_	1.0
        NumProducedFirstStage_7_	29999.9999998
        ProduceSizeFirstStage_7_	0.999999999984
        NumProducedFirstStage_10_	35000.0000002
        ProduceSizeFirstStage_10_	1
        NumUnitsCutFirstStage__10_8__	12500
        NumUnitsCutFirstStage__10_9__	12500
        NumUnitsCutFirstStage__3_1__	2500
        NumUnitsCutFirstStage__3_2__	7499.99999999
        NumUnitsCutFirstStage__4_3__	1.26842980566e-9
        NumUnitsCutFirstStage__5_4__	10000.0000002
        NumUnitsCutFirstStage__8_7__	2.4897583995e-7
        NumUnitsCutFirstStage__9_8__	2.4897583995e-7
        NumUnitsCutFirstStage__2_2__	1.12058842205e-8
        NumUnitsCutFirstStage__3_3__	12500.0
        NumUnitsCutFirstStage__4_4__	-2.01755028684e-7
        NumUnitsCutFirstStage__5_5__	35000
        NumUnitsCutFirstStage__6_6__	25000
        NumUnitsCutFirstStage__7_7__	14999.9999998
        NumUnitsCutFirstStage__8_8__	-2.4897583995e-7
        NumUnitsCutFirstStage__10_10__	5000
  Constraint Slacks
        c_e_ComputeSecondStageCost_ComputeSecondStageCost_None__	-3.63797880709e-12
        c_u_EnforceCapacityLimitSecondStage_EnforceCapacityLimitSecondStage_None__	125000
        c_u_EnforceProductionBinarySecondStage_EnforceProductionBinarySecondStage_5__	9950000.0
        c_u_EnforceProductionBinarySecondStage_EnforceProductionBinarySecondStage_6__	1.89167622011e-7
        c_u_EnforceProductionBinarySecondStage_EnforceProductionBinarySecondStage_9__	9975000.0
        c_u_EnforceProductionBinaryFirstStage_EnforceProductionBinaryFirstStage_3__	9960000.0
        c_u_EnforceProductionBinaryFirstStage_EnforceProductionBinaryFirstStage_5__	9955000.0
        c_u_EnforceProductionBinaryFirstStage_EnforceProductionBinaryFirstStage_6__	9950000.0
        c_u_EnforceProductionBinaryFirstStage_EnforceProductionBinaryFirstStage_7__	9969999.99984
        c_u_EnforceProductionBinaryFirstStage_EnforceProductionBinaryFirstStage_10__	9965000.0
        c_e_ComputeFirstStageCost_ComputeFirstStageCost_None__	5.39142065116e-11
        c_u_EnforceInventoryFirstStage_EnforceInventoryFirstStage_2__	-1.12058842205e-8
        c_u_EnforceInventoryFirstStage_EnforceInventoryFirstStage_3__	17499.9999999
        c_u_EnforceInventoryFirstStage_EnforceInventoryFirstStage_4__	2.00486598878e-7
        c_u_EnforceInventoryFirstStage_EnforceInventoryFirstStage_6__	25000
        c_u_EnforceInventoryFirstStage_EnforceInventoryFirstStage_7__	15000
        c_u_EnforceInventoryFirstStage_EnforceInventoryFirstStage_9__	-2.4897583995e-7
        c_u_EnforceInventoryFirstStage_EnforceInventoryFirstStage_10__	5000.00000017
        c_u_EnforceInventorySecondStage_EnforceInventorySecondStage_3__	1.81898940355e-12
        c_u_EnforceInventorySecondStage_EnforceInventorySecondStage_8__	1.02318153949e-12
        c_u_EnforceInventorySecondStage_EnforceInventorySecondStage_9__	1.53649932747e-13
        c_u_EnforceInventorySecondStage_EnforceInventorySecondStage_10__	3.63797880709e-12
----------------------------------------------------------
