2005-12-11 13:06:39,731 INFO Report:
2005-12-11 13:06:39,732 INFO ============
2005-12-11 13:06:39,733 INFO Malicious sites detected: 3
2005-12-11 13:06:39,733 INFO     Breakdown: Good [745], maybe evil [3], evil [5]
2005-12-11 13:06:39,734 INFO Exploits:
2005-12-11 13:06:39,734 INFO     [CSS] : 5
2005-12-11 13:06:39,735 INFO     [Pop under] : 3
2005-12-11 13:06:39,736 INFO Evil servers:
2005-12-11 13:06:39,737 INFO     [www.livewebfriends.com] : 2
2005-12-11 13:06:39,737 INFO     [www.freeporncastle.info] : 1
2005-12-11 13:06:39,738 INFO     [www.fetishtoons.biz] : 1
2005-12-11 13:06:39,738 INFO     [www.busty-cuties.com] : 1
2005-12-11 13:06:39,739 INFO     [www.lesbian-sex-online.com] : 2


2005-12-11 16:00:48,782 INFO     [JS/Wonka] : 1
2005-12-11 16:00:48,782 INFO     [external iframe] : 180
2005-12-11 16:00:48,782 INFO     [CSS] : 1
2005-12-11 16:00:48,783 INFO     [Pop under] : 14

2005-12-12 00:03:11,352 INFO Report:
2005-12-12 00:03:11,352 INFO ============
2005-12-12 00:03:11,352 INFO Malicious sites detected: 3
2005-12-12 00:03:11,353 INFO     Breakdown: Good [2378], maybe evil [199], evil [3]
2005-12-12 00:03:11,353 INFO Exploits:
2005-12-12 00:03:11,353 INFO     [JS/Wonka] : 1
2005-12-12 00:03:11,353 INFO     [external iframe] : 301
2005-12-12 00:03:11,354 INFO     [CSS] : 4
2005-12-12 00:03:11,354 INFO     [Pop under] : 21
2005-12-12 00:03:11,354 INFO Evil servers:
2005-12-12 00:03:11,354 INFO     [www.findafriendnow.com] : 1
2005-12-12 00:03:11,355 INFO     [pics.5tx.biz] : 1
2005-12-12 00:03:11,355 INFO     [aaa-tgp.org] : 1
2005-12-12 00:03:11,356 INFO     [putboenkers.sexlog.nl] : 1
2005-12-12 00:03:11,356 INFO     [123filipina.thumblogger.com] : 1
2005-12-12 00:03:11,357 INFO     [juicyclips.teenboat.info] : 1
2005-12-12 00:03:11,357 INFO     [www.cum.bz] : 1
2005-12-12 00:03:11,357 INFO     [www.givemepink2.com] : 1
2005-12-12 00:03:11,357 INFO     [www.100bucksbabes.com] : 1
2005-12-12 00:03:11,358 INFO     [www.onlinedating-personals.info] : 1
2005-12-12 00:03:11,358 INFO     [oddlass.free-porn-thumbz.com] : 1
2005-12-12 00:03:11,358 INFO     [www.worldwidefreaks.net] : 1
2005-12-12 00:03:11,358 INFO     [www.hentai-database.com] : 1
2005-12-12 00:03:11,358 INFO     [duckdirectory.pizda.us] : 1
2005-12-12 00:03:11,359 INFO     [www.gangbanged.biz] : 1
2005-12-12 00:03:11,359 INFO     [movies.inxex.com] : 1
2005-12-12 00:03:11,359 INFO     [www.premium-galleries.com] : 1
2005-12-12 00:03:11,359 INFO     [www.free-daily-jigsaw-puzzles.com] : 1
2005-12-12 00:03:11,360 INFO     [www.mommy-phone-sex.com] : 1
2005-12-12 00:03:11,360 INFO     [www.youngcelebrity.com] : 1
2005-12-12 00:03:11,360 INFO     [www.freshsex.net] : 1
2005-12-12 00:03:11,360 INFO     [www.milfsex.biz] : 1
2005-12-12 00:03:11,360 INFO     [www.mqpost.com] : 1
2005-12-12 00:03:11,361 INFO     [simplybabes.pantied.net] : 1
2005-12-12 00:03:11,361 INFO     [www.sexboard.dk] : 1
2005-12-12 00:03:11,361 INFO     [www.feedmeamateurs.com] : 1
2005-12-12 00:03:11,361 INFO     [www.online-dating-adult.info] : 1
2005-12-12 00:03:11,362 INFO     [www.girltats.com] : 1
2005-12-12 00:03:11,362 INFO     [www.realnudecams.com] : 1
2005-12-12 00:03:11,362 INFO     [www.max-porno.com] : 1
2005-12-12 00:03:11,362 INFO     [www.midnight-dreams.co.uk] : 1
2005-12-12 00:03:11,362 INFO     [nakedstate.com] : 1
2005-12-12 00:03:11,363 INFO     [www.al4a.com] : 1
2005-12-12 00:03:11,363 INFO     [www.adult-lover.info] : 1
2005-12-12 00:03:11,363 INFO     [amateur.multitoplist.com] : 1
2005-12-12 00:03:11,363 INFO     [www.pornsexdate.com] : 1
2005-12-12 00:03:11,364 INFO     [hardcoreladies.blogspot.com] : 1
2005-12-12 00:03:11,364 INFO     [store.sex-superstore.com] : 1
2005-12-12 00:03:11,364 INFO     [www.analcam.tv] : 2
2005-12-12 00:03:11,364 INFO     [pornoverload.pizda.us] : 1
2005-12-12 00:03:11,365 INFO     [www.imlive.name] : 1
2005-12-12 00:03:11,365 INFO     [www.SantoAlt.com] : 1
2005-12-12 00:03:11,365 INFO     [www.mydailyfreeporn.com] : 1
2005-12-12 00:03:11,365 INFO     [www.frigginfunny.com] : 1
2005-12-12 00:03:11,366 INFO     [depravadas.blogspot.com] : 1
2005-12-12 00:03:11,366 INFO     [www.raceforpink.com] : 1
2005-12-12 00:03:11,366 INFO     [www.sunnyleone-9.biz] : 1
2005-12-12 00:03:11,367 INFO     [www.onlineadultdating.info] : 1
2005-12-12 00:03:11,367 INFO     [www.onlyeros.com] : 1
2005-12-12 00:03:11,367 INFO     [marksmanporn.wowtgp.org] : 1
2005-12-12 00:03:11,367 INFO     [www.livesexporn.com] : 1
2005-12-12 00:03:11,367 INFO     [mangomovie.couplesex.us] : 1
2005-12-12 00:03:11,368 INFO     [www.easycoed.com] : 1
2005-12-12 00:03:11,368 INFO     [vidszone.big-tits-orgasm.biz] : 1
2005-12-12 00:03:11,368 INFO     [berril.com] : 1
2005-12-12 00:03:11,368 INFO     [www.animelab.com] : 1
2005-12-12 00:03:11,368 INFO     [www.young-sexy.com] : 1
2005-12-12 00:03:11,369 INFO     [www6.thumblogger.com] : 1
2005-12-12 00:03:11,369 INFO     [amateurbabes.thumblogger.com] : 1
2005-12-12 00:03:11,369 INFO     [www.fuqtoo.com] : 1
2005-12-12 00:03:11,369 INFO     [www.dirtyjerseygirls.com] : 1
2005-12-12 00:03:11,370 INFO     [www.freepicsmovies.net] : 1
2005-12-12 00:03:11,370 INFO     [misterhhs.euromovies.nl] : 1
2005-12-12 00:03:11,370 INFO     [www.handjob-movies.org] : 1
2005-12-12 00:03:11,370 INFO     [www.hotavailableamateurs.com] : 1
2005-12-12 00:03:11,370 INFO     [www.fuckingstupidfucker.com] : 1
2005-12-12 00:03:11,371 INFO     [www.momspornsite.com] : 1
2005-12-12 00:03:11,371 INFO     [www.sex-personals-dating.info] : 1
2005-12-12 00:03:11,371 INFO     [horama.freesexparadise.com] : 1
2005-12-12 00:03:11,371 INFO     [www.humortip.nl] : 1
2005-12-12 00:03:11,372 INFO     [www.ownagevideos.com] : 1
2005-12-12 00:03:11,372 INFO     [art-porno.mmmff.com] : 1
2005-12-12 00:03:11,372 INFO     [bikini-girls.thumblogger.com] : 1
2005-12-12 00:03:11,373 INFO     [www.sexblogdemon.com] : 1
2005-12-12 00:03:11,373 INFO     [www.free-porn-pictures.ws] : 1
2005-12-12 00:03:11,373 INFO     [www.exotic-uk.com] : 1
2005-12-12 00:03:11,373 INFO     [www.porno-investigator.com] : 1
2005-12-12 00:03:11,374 INFO     [www.pornsexteens.com] : 1
2005-12-12 00:03:11,385 INFO     [www.her-first-lesbian-experience.com] : 1
2005-12-12 00:03:11,386 INFO     [www.miniadultsites.com] : 1
2005-12-12 00:03:11,386 INFO     [older-plumpers.hairy-pussy-hardcore-fucked.biz] : 1
2005-12-12 00:03:11,386 INFO     [www.couplesex.us] : 1
2005-12-12 00:03:11,386 INFO     [www.cutechinesegirl.com] : 1
2005-12-12 00:03:11,386 INFO     [teenstop.free-porn-thumbz.com] : 1
2005-12-12 00:03:11,387 INFO     [www.thefacialshrine.com] : 1
2005-12-12 00:03:11,387 INFO     [www.mature.adultfriendfinder.com] : 1
2005-12-12 00:03:11,387 INFO     [smut.leenks.com] : 1
2005-12-12 00:03:11,387 INFO     [www.divine-sexy-teens.com] : 1
2005-12-12 00:03:11,388 INFO     [www.aahdating.com] : 1
2005-12-12 00:03:11,388 INFO     [www.hoecams.com] : 1
2005-12-12 00:03:11,388 INFO     [www.tiava.com] : 1
2005-12-12 00:03:11,388 INFO     [www.sex-adult-dating.info] : 1
2005-12-12 00:03:11,388 INFO     [www.purfectporn.com] : 1
2005-12-12 00:03:11,389 INFO     [www.collegedowntime.com] : 1
2005-12-12 00:03:11,389 INFO     [www.pornallnight.com] : 1
2005-12-12 00:03:11,389 INFO     [www.personals-sex-dating.info] : 1
2005-12-12 00:03:11,390 INFO     [galleries.aimeesweet.com] : 2
2005-12-12 00:03:11,390 INFO     [www.cumswap.net] : 1
2005-12-12 00:03:11,390 INFO     [www.teen-arena.com] : 1
2005-12-12 00:03:11,390 INFO     [www.twohot.net] : 1
2005-12-12 00:03:11,391 INFO     [www.3xgals.com] : 1
2005-12-12 00:03:11,391 INFO     [cleanteeniescom.e-orgasm.org] : 1
2005-12-12 00:03:11,391 INFO     [www.b4u.co.uk] : 1
2005-12-12 00:03:11,391 INFO     [www.cheap-sex-sites.com] : 1
2005-12-12 00:03:11,391 INFO     [www.loliti.com] : 1
2005-12-12 00:03:11,392 INFO     [www.sexmaxx.com] : 1
2005-12-12 00:03:11,392 INFO     [savvy.com] : 1
2005-12-12 00:03:11,392 INFO     [www.amateurgirlsonly.com] : 1
2005-12-12 00:03:11,392 INFO     [fillhermouth.loliti.us] : 1
2005-12-12 00:03:11,393 INFO     [www.adult-finder-personals.info] : 1
2005-12-12 00:03:11,393 INFO     [www.madthumbs.com] : 1
2005-12-12 00:03:11,393 INFO     [wetrack.it] : 1
2005-12-12 00:03:11,393 INFO     [www.deepthroatguide.com] : 1
2005-12-12 00:03:11,393 INFO     [www.sextradeep.com] : 1
2005-12-12 00:03:11,394 INFO     [www.freesexstars.com] : 1
2005-12-12 00:03:11,394 INFO     [www.websexseekers.com] : 1
2005-12-12 00:03:11,394 INFO     [access.squirterz.com] : 1
2005-12-12 00:03:11,394 INFO     [girlswholovefacialcumshots.com] : 1
2005-12-12 00:03:11,394 INFO     [www.freesinglegirls.com] : 1
2005-12-12 00:03:11,395 INFO     [www.nylonfetishblog.com] : 1
2005-12-12 00:03:11,395 INFO     [www.posings.net] : 1
2005-12-12 00:03:11,395 INFO     [chicksdaily.com] : 1
2005-12-12 00:03:11,395 INFO     [freeangelpics.mmmff.com] : 1
2005-12-12 00:03:11,396 INFO     [www.xxxpornblog.com] : 1
2005-12-12 00:03:11,396 INFO     [www.guerillalinks.com] : 1
2005-12-12 00:03:11,396 INFO     [european-angels.gilrs.org] : 1
2005-12-12 00:03:11,396 INFO     [www.camlotto.com] : 1
2005-12-12 00:03:11,397 INFO     [www.worldsexamateurs.com] : 1
2005-12-12 00:03:11,397 INFO     [movies-nylonzone.big-tits-orgasm.biz] : 1
2005-12-12 00:03:11,397 INFO     [www.used-condom.com] : 1
2005-12-12 00:03:11,397 INFO     [www.EasyPic.com] : 2
2005-12-12 00:03:11,398 INFO     [www.maturesandpantyhose.com] : 1
2005-12-12 00:03:11,398 INFO     [www.searchgalleries.com] : 1
2005-12-12 00:03:11,398 INFO     [www.mightsurf.com] : 1
2005-12-12 00:03:11,398 INFO     [eteenbabes.net] : 1
2005-12-12 00:03:11,398 INFO     [www.sexynudebabesblog.blogspot.com] : 1
2005-12-12 00:03:11,399 INFO     [www.hypertgp.com] : 1
2005-12-12 00:03:11,399 INFO     [www.girlfur.com] : 1
2005-12-12 00:03:11,399 INFO     [check.thumblogger.com] : 1
2005-12-12 00:03:11,399 INFO     [bodsforthemods.com] : 1
2005-12-12 00:03:11,399 INFO     [www.jongy.com] : 1
2005-12-12 00:03:11,400 INFO     [okij.e-orgasm.org] : 1
2005-12-12 00:03:11,400 INFO     [www.dailyhaha.com] : 1
2005-12-12 00:03:11,401 INFO     [virginsgroupcom.posing.biz] : 1
2005-12-12 00:03:11,407 INFO     [www.indianworldsex.com] : 1
2005-12-12 00:03:11,408 INFO     [www.central-station.biz] : 1
2005-12-12 00:03:11,408 INFO     [www.people-relationship-dating.info] : 1
2005-12-12 00:03:11,408 INFO     [www.sin-blog.com] : 1
2005-12-12 00:03:11,409 INFO     [livecamlist.livesexcamsite.com] : 1
2005-12-12 00:03:11,409 INFO     [www.streaming-porn-videos.net] : 1
2005-12-12 00:03:11,409 INFO     [www.shempland.com] : 1
2005-12-12 00:03:11,409 INFO     [www.orgasmicanimation.com] : 1
2005-12-12 00:03:11,409 INFO     [www.amateursexnation.com] : 1
2005-12-12 00:03:11,410 INFO     [www.thehornybeaver.com] : 1
2005-12-12 00:03:11,410 INFO     [www.asstraffic3.com] : 1
2005-12-12 00:03:11,410 INFO     [aff.adventory.com] : 1
2005-12-12 00:03:11,410 INFO     [www.xxxmegalinks.com] : 1
2005-12-12 00:03:11,411 INFO     [www.lovesexfuck.com] : 1
2005-12-12 00:03:11,411 INFO     [www.cams.pro] : 1
2005-12-12 00:03:11,411 INFO     [www.outlawsthumbs.com] : 1
2005-12-12 00:03:11,411 INFO     [www.cams-online.org] : 1
2005-12-12 00:03:11,411 INFO     [www.NeedPornMovies.com] : 1
2005-12-12 00:03:11,412 INFO     [www.indian-sex-links.com] : 1
2005-12-12 00:03:11,412 INFO     [www.erws.go.ro] : 1
2005-12-12 00:03:11,412 INFO     [247maturesex.couplesex.us] : 1
2005-12-12 00:03:11,412 INFO     [www.free-home-cams.com] : 1
2005-12-12 00:03:11,413 INFO     [your-in-trouble.porndc.com] : 1
2005-12-12 00:03:11,413 INFO     [www.lettherebeporn.com] : 1
2005-12-12 00:03:11,413 INFO     [www.pricelessfunnypictures.com] : 1
2005-12-12 00:03:11,414 INFO     [www.phonesexmaturewomen.info] : 1
2005-12-12 00:03:11,414 INFO     [naughtyniches.blogspot.com] : 1
2005-12-12 00:03:11,414 INFO     [love-jannah-nude.i3log.com] : 1
2005-12-12 00:03:11,414 INFO     [www.webcamtraffic.org] : 1
2005-12-12 00:03:11,415 INFO     [1-sex-pictures.free-porn-galleries.biz] : 1
2005-12-12 00:03:11,415 INFO     [real-webcams.sultryserver.com] : 1
2005-12-12 00:03:11,415 INFO     [skwingarsplayhouse.blogspot.com] : 1
2005-12-12 00:03:11,415 INFO     [www.dykesporn.com] : 1
2005-12-12 00:03:11,415 INFO     [www.babelist.net] : 1
2005-12-12 00:03:11,416 INFO     [www.pornvideogratis.com] : 1
2005-12-12 00:03:11,416 INFO     [www.sexcamstudio.org] : 1
2005-12-12 00:03:11,416 INFO     [www.esrt.home.ro] : 1
2005-12-12 00:03:11,416 INFO     [bulklesbians.mmmff.com] : 1
2005-12-12 00:03:11,417 INFO     [nastyrat.fffmm.com] : 1
2005-12-12 00:03:11,417 INFO     [www.gilrs.org] : 1
2005-12-12 00:03:11,417 INFO     [www.hotadultline.com] : 1
2005-12-12 00:03:11,417 INFO     [www.SexMaxx.com] : 1
2005-12-12 00:03:11,418 INFO     [story.hugearchives.com] : 1
2005-12-12 00:03:11,418 INFO     [www.allporntoons.com] : 1
2005-12-12 00:03:11,418 INFO     [www.alexus-winston-model.com] : 1
2005-12-12 00:03:11,419 INFO     [www.sexlog.nl] : 1
2005-12-12 00:03:11,420 INFO     [www.steverslinks.com] : 1
2005-12-12 00:03:11,420 INFO     [www.clipsarchive.com] : 1
2005-12-12 00:03:11,420 INFO     [secure.adultcheck.com] : 1
2005-12-12 00:03:11,420 INFO     [www.1bbw.com] : 1
2005-12-12 00:03:11,420 INFO     [www.premiumgalleries.com] : 1
2005-12-12 00:03:11,421 INFO Exploit Info:
2005-12-12 00:03:11,421 INFO     [http://nakedstate.com/links.html]
